<?xml version="1.0"?>
<!DOCTYPE coverage SYSTEM "http://cobertura.sourceforge.net/xml/coverage-04.dtd">

<coverage line-rate="0.18819776714513556" branch-rate="0.16824644549763032" lines-covered="944" lines-valid="5016" branches-covered="284" branches-valid="1688" complexity="2.141831238779174" version="2.0.3" timestamp="1490759246578">
	<sources>
		<source>--source</source>
		<source>C:/Users/Harshil Vasani/workspace/MSD_DBLP-2/target/generated-sources/annotations</source>
		<source>C:/Users/Harshil Vasani/workspace/MSD_DBLP-2/src/main</source>
	</sources>
	<packages>
		<package name="app" line-rate="0.2" branch-rate="1.0" complexity="0.0">
			<classes>
				<class name="app.App" filename="app/App.java" line-rate="0.2" branch-rate="1.0" complexity="0.0">
					<methods>
						<method name="&lt;init&gt;" signature="()V" line-rate="1.0" branch-rate="1.0">
							<lines>
								<line number="9" hits="12" branch="false"/>
							</lines>
						</method>
						<method name="displayStatistic" signature="()Ljava/util/List;" line-rate="0.0" branch-rate="1.0">
							<lines>
								<line number="44" hits="0" branch="false"/>
							</lines>
						</method>
						<method name="filter" signature="(Ljava/util/List;Ljava/util/List;)Ljava/util/List;" line-rate="0.0" branch-rate="1.0">
							<lines>
								<line number="38" hits="0" branch="false"/>
							</lines>
						</method>
						<method name="getSimilarPerson" signature="()Ljava/util/List;" line-rate="0.0" branch-rate="1.0">
							<lines>
								<line number="50" hits="0" branch="false"/>
							</lines>
						</method>
						<method name="login" signature="(Ljava/lang/String;Ljava/lang/String;)Lmiscellaneous/ResponseMessage;" line-rate="1.0" branch-rate="1.0">
							<lines>
								<line number="14" hits="12" branch="false"/>
							</lines>
						</method>
						<method name="recieveResponseFromQE" signature="()Ljava/util/List;" line-rate="0.0" branch-rate="1.0">
							<lines>
								<line number="56" hits="0" branch="false"/>
							</lines>
						</method>
						<method name="register" signature="(LpersonRecord/User;)Lmiscellaneous/ResponseMessage;" line-rate="0.0" branch-rate="1.0">
							<lines>
								<line number="20" hits="0" branch="false"/>
							</lines>
						</method>
						<method name="search" signature="(Ljava/util/List;Ljava/util/List;)Ljava/util/List;" line-rate="0.0" branch-rate="1.0">
							<lines>
								<line number="32" hits="0" branch="false"/>
							</lines>
						</method>
						<method name="sendInputDataToQE" signature="(Ljava/util/List;)V" line-rate="0.0" branch-rate="1.0">
							<lines>
								<line number="63" hits="0" branch="false"/>
							</lines>
						</method>
						<method name="updateProfile" signature="(LpersonRecord/User;)Lmiscellaneous/ResponseMessage;" line-rate="0.0" branch-rate="1.0">
							<lines>
								<line number="26" hits="0" branch="false"/>
							</lines>
						</method>
					</methods>
					<lines>
						<line number="9" hits="12" branch="false"/>
						<line number="14" hits="12" branch="false"/>
						<line number="20" hits="0" branch="false"/>
						<line number="26" hits="0" branch="false"/>
						<line number="32" hits="0" branch="false"/>
						<line number="38" hits="0" branch="false"/>
						<line number="44" hits="0" branch="false"/>
						<line number="50" hits="0" branch="false"/>
						<line number="56" hits="0" branch="false"/>
						<line number="63" hits="0" branch="false"/>
					</lines>
				</class>
				<class name="app.IApp" filename="app/IApp.java" line-rate="1.0" branch-rate="1.0" complexity="0.0">
					<methods>
					</methods>
					<lines>
					</lines>
				</class>
			</classes>
		</package>
		<package name="backend" line-rate="0.7475409836065574" branch-rate="0.538961038961039" complexity="3.0384615384615383">
			<classes>
				<class name="backend.BackEnd" filename="backend/BackEnd.java" line-rate="0.7475409836065574" branch-rate="0.538961038961039" complexity="5.076923076923077">
					<methods>
						<method name="&lt;clinit&gt;" signature="()V" line-rate="1.0" branch-rate="1.0">
							<lines>
								<line number="14" hits="1" branch="false"/>
								<line number="15" hits="1" branch="false"/>
								<line number="25" hits="3" branch="false"/>
								<line number="26" hits="11" branch="false"/>
								<line number="27" hits="11" branch="false"/>
								<line number="28" hits="10" branch="false"/>
								<line number="29" hits="8" branch="false"/>
							</lines>
						</method>
						<method name="&lt;init&gt;" signature="()V" line-rate="0.8571428571428571" branch-rate="1.0">
							<lines>
								<line number="3" hits="0" branch="false"/>
								<line number="17" hits="10" branch="false"/>
								<line number="19" hits="10" branch="false"/>
								<line number="20" hits="10" branch="false"/>
								<line number="22" hits="1" branch="false"/>
								<line number="23" hits="2" branch="false"/>
								<line number="24" hits="9" branch="false"/>
							</lines>
						</method>
						<method name="checkUserCredentials" signature="(Ljava/lang/String;Ljava/lang/String;)Lqueryengine/miscellaneous/ResponseMessage;" line-rate="0.8333333333333334" branch-rate="1.0">
							<lines>
								<line number="143" hits="2" branch="false"/>
								<line number="149" hits="0" branch="false"/>
								<line number="237" hits="10" branch="false"/>
								<line number="238" hits="5" branch="false"/>
								<line number="239" hits="5" branch="false"/>
								<line number="248" hits="4" branch="false"/>
							</lines>
						</method>
						<method name="checkUserExistsByUsenameAndEmail" signature="(Ljava/lang/String;Ljava/lang/String;)Lqueryengine/miscellaneous/ResponseMessage;" line-rate="0.782608695652174" branch-rate="0.3888888888888889">
							<lines>
								<line number="55" hits="1" branch="true" condition-coverage="50% (1/2)">
									<conditions>
										<condition number="0" type="jump" coverage="50%"/>
									</conditions>
								</line>
								<line number="56" hits="0" branch="false"/>
								<line number="150" hits="4" branch="false"/>
								<line number="151" hits="2" branch="false"/>
								<line number="152" hits="2" branch="false"/>
								<line number="154" hits="4" branch="false"/>
								<line number="155" hits="18" branch="false"/>
								<line number="156" hits="4" branch="false"/>
								<line number="157" hits="28" branch="true" condition-coverage="50% (1/2)">
									<conditions>
										<condition number="0" type="jump" coverage="50%"/>
									</conditions>
								</line>
								<line number="158" hits="25" branch="true" condition-coverage="50% (2/4)">
									<conditions>
										<condition number="0" type="jump" coverage="50%"/>
										<condition number="1" type="jump" coverage="50%"/>
									</conditions>
								</line>
								<line number="159" hits="16" branch="false"/>
								<line number="161" hits="11" branch="false"/>
								<line number="162" hits="21" branch="false"/>
								<line number="163" hits="4" branch="true" condition-coverage="50% (1/2)">
									<conditions>
										<condition number="0" type="jump" coverage="50%"/>
									</conditions>
								</line>
								<line number="164" hits="21" branch="true" condition-coverage="50% (1/2)">
									<conditions>
										<condition number="0" type="jump" coverage="50%"/>
									</conditions>
								</line>
								<line number="165" hits="0" branch="false"/>
								<line number="166" hits="5" branch="true" condition-coverage="50% (1/2)">
									<conditions>
										<condition number="0" type="jump" coverage="50%"/>
									</conditions>
								</line>
								<line number="167" hits="4" branch="false"/>
								<line number="168" hits="16" branch="false"/>
								<line number="170" hits="5" branch="false"/>
								<line number="171" hits="0" branch="false"/>
								<line number="172" hits="0" branch="false"/>
								<line number="173" hits="0" branch="true" condition-coverage="0% (0/4)">
									<conditions>
										<condition number="0" type="jump" coverage="0%"/>
										<condition number="1" type="jump" coverage="0%"/>
									</conditions>
								</line>
							</lines>
						</method>
						<method name="deleteFavoriteAuthor" signature="(Lresources/personrecord/FavouriteAuthor;)Lqueryengine/miscellaneous/ResponseMessage;" line-rate="0.7619047619047619" branch-rate="0.75">
							<lines>
								<line number="321" hits="2" branch="false"/>
								<line number="322" hits="15" branch="false"/>
								<line number="323" hits="2" branch="false"/>
								<line number="324" hits="15" branch="false"/>
								<line number="325" hits="2" branch="false"/>
								<line number="326" hits="23" branch="false"/>
								<line number="327" hits="17" branch="false"/>
								<line number="328" hits="15" branch="false"/>
								<line number="329" hits="2" branch="false"/>
								<line number="330" hits="15" branch="false"/>
								<line number="331" hits="2" branch="false"/>
								<line number="332" hits="15" branch="false"/>
								<line number="333" hits="2" branch="true" condition-coverage="50% (1/2)">
									<conditions>
										<condition number="0" type="jump" coverage="50%"/>
									</conditions>
								</line>
								<line number="334" hits="17" branch="true" condition-coverage="100% (2/2)">
									<conditions>
										<condition number="0" type="jump" coverage="100%"/>
									</conditions>
								</line>
								<line number="335" hits="8" branch="false"/>
								<line number="336" hits="0" branch="false"/>
								<line number="337" hits="7" branch="false"/>
								<line number="338" hits="0" branch="false"/>
								<line number="339" hits="0" branch="false"/>
								<line number="340" hits="0" branch="false"/>
								<line number="341" hits="0" branch="false"/>
							</lines>
						</method>
						<method name="getAllFavoriteAuthors" signature="()Ljava/util/List;" line-rate="0.0" branch-rate="0.0">
							<lines>
								<line number="347" hits="0" branch="true" condition-coverage="0% (0/4)">
									<conditions>
										<condition number="0" type="jump" coverage="0%"/>
										<condition number="1" type="jump" coverage="0%"/>
									</conditions>
								</line>
								<line number="350" hits="0" branch="false"/>
								<line number="355" hits="0" branch="false"/>
							</lines>
						</method>
						<method name="getAllFavoriteAuthorsForLoggedInUser" signature="(Ljava/lang/String;)Ljava/util/List;" line-rate="0.5714285714285714" branch-rate="0.5">
							<lines>
								<line number="348" hits="15" branch="true" condition-coverage="50% (2/4)">
									<conditions>
										<condition number="0" type="jump" coverage="50%"/>
										<condition number="1" type="jump" coverage="50%"/>
									</conditions>
								</line>
								<line number="349" hits="0" branch="false"/>
								<line number="351" hits="24" branch="false"/>
								<line number="352" hits="15" branch="false"/>
								<line number="354" hits="15" branch="false"/>
								<line number="356" hits="0" branch="false"/>
								<line number="357" hits="0" branch="false"/>
							</lines>
						</method>
						<method name="getUserCredentials" signature="(Ljava/lang/String;Ljava/lang/String;)Lresources/personrecord/User;" line-rate="0.8235294117647058" branch-rate="0.8">
							<lines>
								<line number="242" hits="15" branch="false"/>
								<line number="243" hits="40" branch="false"/>
								<line number="244" hits="15" branch="true" condition-coverage="100% (2/2)">
									<conditions>
										<condition number="0" type="jump" coverage="100%"/>
									</conditions>
								</line>
								<line number="245" hits="66" branch="false"/>
								<line number="246" hits="50" branch="false"/>
								<line number="247" hits="40" branch="false"/>
								<line number="249" hits="10" branch="false"/>
								<line number="250" hits="40" branch="false"/>
								<line number="251" hits="10" branch="true" condition-coverage="100% (2/2)">
									<conditions>
										<condition number="0" type="jump" coverage="100%"/>
									</conditions>
								</line>
								<line number="252" hits="42" branch="true" condition-coverage="100% (2/2)">
									<conditions>
										<condition number="0" type="jump" coverage="100%"/>
									</conditions>
								</line>
								<line number="253" hits="8" branch="false"/>
								<line number="255" hits="8" branch="false"/>
								<line number="256" hits="32" branch="false"/>
								<line number="258" hits="0" branch="false"/>
								<line number="259" hits="0" branch="false"/>
								<line number="260" hits="4" branch="true" condition-coverage="50% (2/4)">
									<conditions>
										<condition number="0" type="jump" coverage="50%"/>
										<condition number="1" type="jump" coverage="50%"/>
									</conditions>
								</line>
								<line number="261" hits="0" branch="false"/>
							</lines>
						</method>
						<method name="insertFavoriteAuthor" signature="(Lresources/personrecord/FavouriteAuthor;)Lqueryengine/miscellaneous/ResponseMessage;" line-rate="0.782608695652174" branch-rate="0.75">
							<lines>
								<line number="290" hits="2" branch="false"/>
								<line number="291" hits="15" branch="false"/>
								<line number="292" hits="2" branch="false"/>
								<line number="293" hits="15" branch="false"/>
								<line number="294" hits="2" branch="false"/>
								<line number="295" hits="23" branch="false"/>
								<line number="296" hits="17" branch="false"/>
								<line number="297" hits="15" branch="false"/>
								<line number="298" hits="2" branch="false"/>
								<line number="299" hits="15" branch="false"/>
								<line number="300" hits="2" branch="true" condition-coverage="50% (1/2)">
									<conditions>
										<condition number="0" type="jump" coverage="50%"/>
									</conditions>
								</line>
								<line number="301" hits="15" branch="true" condition-coverage="100% (2/2)">
									<conditions>
										<condition number="0" type="jump" coverage="100%"/>
									</conditions>
								</line>
								<line number="302" hits="2" branch="false"/>
								<line number="303" hits="8" branch="false"/>
								<line number="305" hits="2" branch="false"/>
								<line number="306" hits="10" branch="false"/>
								<line number="307" hits="8" branch="false"/>
								<line number="309" hits="0" branch="false"/>
								<line number="310" hits="7" branch="false"/>
								<line number="311" hits="0" branch="false"/>
								<line number="312" hits="0" branch="false"/>
								<line number="313" hits="0" branch="false"/>
								<line number="314" hits="0" branch="false"/>
							</lines>
						</method>
						<method name="insertUserData" signature="(Lresources/personrecord/User;)Lqueryengine/miscellaneous/ResponseMessage;" line-rate="0.0" branch-rate="1.0">
							<lines>
								<line number="174" hits="0" branch="false"/>
								<line number="175" hits="0" branch="false"/>
								<line number="177" hits="0" branch="false"/>
								<line number="179" hits="0" branch="false"/>
								<line number="180" hits="0" branch="false"/>
								<line number="181" hits="0" branch="false"/>
								<line number="182" hits="0" branch="false"/>
								<line number="183" hits="0" branch="false"/>
								<line number="184" hits="0" branch="false"/>
								<line number="185" hits="0" branch="false"/>
								<line number="186" hits="0" branch="false"/>
								<line number="187" hits="0" branch="false"/>
								<line number="188" hits="0" branch="false"/>
								<line number="189" hits="0" branch="false"/>
								<line number="190" hits="0" branch="false"/>
								<line number="191" hits="0" branch="false"/>
								<line number="192" hits="0" branch="false"/>
								<line number="193" hits="0" branch="false"/>
							</lines>
						</method>
						<method name="isCommitteeMemberDataLoaded" signature="()Z" line-rate="0.9473684210526315" branch-rate="0.5833333333333334">
							<lines>
								<line number="128" hits="1" branch="false"/>
								<line number="130" hits="1" branch="false"/>
								<line number="131" hits="1" branch="false"/>
								<line number="132" hits="9" branch="true" condition-coverage="50% (2/4)">
									<conditions>
										<condition number="0" type="jump" coverage="50%"/>
										<condition number="1" type="jump" coverage="50%"/>
									</conditions>
								</line>
								<line number="133" hits="9" branch="false"/>
								<line number="134" hits="0" branch="false"/>
								<line number="135" hits="8" branch="false"/>
								<line number="136" hits="14" branch="false"/>
								<line number="137" hits="9" branch="true" condition-coverage="50% (1/2)">
									<conditions>
										<condition number="0" type="jump" coverage="50%"/>
									</conditions>
								</line>
								<line number="138" hits="11" branch="false"/>
								<line number="139" hits="8" branch="false"/>
								<line number="140" hits="7" branch="true" condition-coverage="50% (2/4)">
									<conditions>
										<condition number="0" type="jump" coverage="50%"/>
										<condition number="1" type="jump" coverage="50%"/>
									</conditions>
								</line>
								<line number="141" hits="3" branch="false"/>
								<line number="142" hits="6" branch="true" condition-coverage="100% (2/2)">
									<conditions>
										<condition number="0" type="jump" coverage="100%"/>
									</conditions>
								</line>
								<line number="144" hits="2" branch="true" condition-coverage="50% (1/2)">
									<conditions>
										<condition number="0" type="jump" coverage="50%"/>
									</conditions>
								</line>
								<line number="145" hits="10" branch="true" condition-coverage="50% (1/2)">
									<conditions>
										<condition number="0" type="jump" coverage="50%"/>
									</conditions>
								</line>
								<line number="146" hits="12" branch="false"/>
								<line number="147" hits="4" branch="true" condition-coverage="75% (3/4)">
									<conditions>
										<condition number="0" type="jump" coverage="50%"/>
										<condition number="1" type="jump" coverage="100%"/>
									</conditions>
								</line>
								<line number="148" hits="8" branch="true" condition-coverage="50% (2/4)">
									<conditions>
										<condition number="0" type="jump" coverage="50%"/>
										<condition number="1" type="jump" coverage="50%"/>
									</conditions>
								</line>
							</lines>
						</method>
						<method name="isPublicationDataLoaded" signature="()Z" line-rate="0.9285714285714286" branch-rate="0.5">
							<lines>
								<line number="114" hits="3" branch="false"/>
								<line number="115" hits="11" branch="false"/>
								<line number="116" hits="1" branch="false"/>
								<line number="117" hits="6" branch="false"/>
								<line number="118" hits="9" branch="false"/>
								<line number="119" hits="6" branch="true" condition-coverage="50% (1/2)">
									<conditions>
										<condition number="0" type="jump" coverage="50%"/>
									</conditions>
								</line>
								<line number="120" hits="13" branch="false"/>
								<line number="121" hits="8" branch="false"/>
								<line number="122" hits="0" branch="false"/>
								<line number="123" hits="4" branch="true" condition-coverage="50% (2/4)">
									<conditions>
										<condition number="0" type="jump" coverage="50%"/>
										<condition number="1" type="jump" coverage="50%"/>
									</conditions>
								</line>
								<line number="124" hits="2" branch="false"/>
								<line number="125" hits="5" branch="false"/>
								<line number="126" hits="2" branch="true" condition-coverage="50% (2/4)">
									<conditions>
										<condition number="0" type="jump" coverage="50%"/>
										<condition number="1" type="jump" coverage="50%"/>
									</conditions>
								</line>
								<line number="127" hits="8" branch="true" condition-coverage="50% (2/4)">
									<conditions>
										<condition number="0" type="jump" coverage="50%"/>
										<condition number="1" type="jump" coverage="50%"/>
									</conditions>
								</line>
							</lines>
						</method>
						<method name="loadData" signature="(I)V" line-rate="0.9423076923076923" branch-rate="0.5652173913043478">
							<lines>
								<line number="58" hits="1" branch="true" condition-coverage="25% (1/4)">
									<conditions>
										<condition number="0" type="jump" coverage="50%"/>
										<condition number="1" type="jump" coverage="0%"/>
									</conditions>
								</line>
								<line number="59" hits="3" branch="true" condition-coverage="25% (1/4)">
									<conditions>
										<condition number="0" type="jump" coverage="50%"/>
										<condition number="1" type="jump" coverage="0%"/>
									</conditions>
								</line>
								<line number="60" hits="8" branch="true" condition-coverage="25% (1/4)">
									<conditions>
										<condition number="0" type="jump" coverage="50%"/>
										<condition number="1" type="jump" coverage="0%"/>
									</conditions>
								</line>
								<line number="61" hits="0" branch="false"/>
								<line number="62" hits="1" branch="false"/>
								<line number="63" hits="2" branch="false"/>
								<line number="64" hits="8" branch="false"/>
								<line number="65" hits="3" branch="false"/>
								<line number="66" hits="11" branch="true" condition-coverage="100% (2/2)">
									<conditions>
										<condition number="0" type="jump" coverage="100%"/>
									</conditions>
								</line>
								<line number="67" hits="9" branch="true" condition-coverage="50% (1/2)">
									<conditions>
										<condition number="0" type="jump" coverage="50%"/>
									</conditions>
								</line>
								<line number="68" hits="3" branch="false"/>
								<line number="69" hits="8" branch="false"/>
								<line number="70" hits="3" branch="false"/>
								<line number="71" hits="11" branch="true" condition-coverage="50% (2/4)">
									<conditions>
										<condition number="0" type="jump" coverage="100%"/>
										<condition number="1" type="jump" coverage="0%"/>
									</conditions>
								</line>
								<line number="72" hits="9" branch="true" condition-coverage="50% (1/2)">
									<conditions>
										<condition number="0" type="jump" coverage="50%"/>
									</conditions>
								</line>
								<line number="73" hits="3" branch="false"/>
								<line number="74" hits="8" branch="false"/>
								<line number="75" hits="3" branch="false"/>
								<line number="76" hits="11" branch="true" condition-coverage="100% (2/2)">
									<conditions>
										<condition number="0" type="jump" coverage="100%"/>
									</conditions>
								</line>
								<line number="77" hits="9" branch="true" condition-coverage="50% (1/2)">
									<conditions>
										<condition number="0" type="jump" coverage="50%"/>
									</conditions>
								</line>
								<line number="78" hits="3" branch="false"/>
								<line number="79" hits="8" branch="false"/>
								<line number="80" hits="3" branch="false"/>
								<line number="81" hits="11" branch="true" condition-coverage="100% (2/2)">
									<conditions>
										<condition number="0" type="jump" coverage="100%"/>
									</conditions>
								</line>
								<line number="82" hits="9" branch="true" condition-coverage="50% (1/2)">
									<conditions>
										<condition number="0" type="jump" coverage="50%"/>
									</conditions>
								</line>
								<line number="83" hits="3" branch="false"/>
								<line number="84" hits="8" branch="false"/>
								<line number="85" hits="3" branch="false"/>
								<line number="86" hits="11" branch="true" condition-coverage="100% (2/2)">
									<conditions>
										<condition number="0" type="jump" coverage="100%"/>
									</conditions>
								</line>
								<line number="87" hits="9" branch="true" condition-coverage="50% (1/2)">
									<conditions>
										<condition number="0" type="jump" coverage="50%"/>
									</conditions>
								</line>
								<line number="88" hits="3" branch="false"/>
								<line number="89" hits="8" branch="false"/>
								<line number="90" hits="3" branch="false"/>
								<line number="91" hits="11" branch="true" condition-coverage="100% (2/2)">
									<conditions>
										<condition number="0" type="jump" coverage="100%"/>
									</conditions>
								</line>
								<line number="92" hits="12" branch="true" condition-coverage="50% (1/2)">
									<conditions>
										<condition number="0" type="jump" coverage="50%"/>
									</conditions>
								</line>
								<line number="93" hits="6" branch="false"/>
								<line number="94" hits="11" branch="false"/>
								<line number="95" hits="6" branch="false"/>
								<line number="96" hits="11" branch="true" condition-coverage="100% (2/2)">
									<conditions>
										<condition number="0" type="jump" coverage="100%"/>
									</conditions>
								</line>
								<line number="97" hits="12" branch="true" condition-coverage="50% (1/2)">
									<conditions>
										<condition number="0" type="jump" coverage="50%"/>
									</conditions>
								</line>
								<line number="98" hits="3" branch="false"/>
								<line number="99" hits="8" branch="false"/>
								<line number="101" hits="4" branch="false"/>
								<line number="102" hits="3" branch="false"/>
								<line number="103" hits="0" branch="false"/>
								<line number="104" hits="3" branch="false"/>
								<line number="105" hits="0" branch="false"/>
								<line number="106" hits="6" branch="true" condition-coverage="50% (1/2)">
									<conditions>
										<condition number="0" type="jump" coverage="50%"/>
									</conditions>
								</line>
								<line number="107" hits="11" branch="true" condition-coverage="50% (1/2)">
									<conditions>
										<condition number="0" type="jump" coverage="50%"/>
									</conditions>
								</line>
								<line number="108" hits="11" branch="false"/>
								<line number="109" hits="6" branch="false"/>
								<line number="110" hits="11" branch="false"/>
							</lines>
						</method>
						<method name="parseXMLAndInsertData" signature="()V" line-rate="0.08333333333333333" branch-rate="1.0">
							<lines>
								<line number="7" hits="0" branch="false"/>
								<line number="31" hits="0" branch="false"/>
								<line number="32" hits="0" branch="false"/>
								<line number="33" hits="10" branch="false"/>
								<line number="34" hits="0" branch="false"/>
								<line number="35" hits="0" branch="false"/>
								<line number="36" hits="0" branch="false"/>
								<line number="37" hits="0" branch="false"/>
								<line number="38" hits="0" branch="false"/>
								<line number="39" hits="0" branch="false"/>
								<line number="40" hits="0" branch="false"/>
								<line number="41" hits="0" branch="false"/>
							</lines>
						</method>
						<method name="selectUserByUsername" signature="(Ljava/lang/String;)Lresources/personrecord/User;" line-rate="0.7" branch-rate="0.5">
							<lines>
								<line number="263" hits="8" branch="false"/>
								<line number="264" hits="4" branch="false"/>
								<line number="266" hits="4" branch="false"/>
								<line number="267" hits="8" branch="false"/>
								<line number="268" hits="36" branch="true" condition-coverage="50% (1/2)">
									<conditions>
										<condition number="0" type="jump" coverage="50%"/>
									</conditions>
								</line>
								<line number="269" hits="8" branch="false"/>
								<line number="270" hits="52" branch="false"/>
								<line number="271" hits="32" branch="false"/>
								<line number="272" hits="12" branch="false"/>
								<line number="273" hits="32" branch="false"/>
								<line number="274" hits="8" branch="true" condition-coverage="50% (1/2)">
									<conditions>
										<condition number="0" type="jump" coverage="50%"/>
									</conditions>
								</line>
								<line number="275" hits="32" branch="true" condition-coverage="50% (1/2)">
									<conditions>
										<condition number="0" type="jump" coverage="50%"/>
									</conditions>
								</line>
								<line number="276" hits="0" branch="false"/>
								<line number="277" hits="0" branch="false"/>
								<line number="278" hits="8" branch="false"/>
								<line number="279" hits="32" branch="false"/>
								<line number="281" hits="0" branch="false"/>
								<line number="282" hits="0" branch="false"/>
								<line number="283" hits="0" branch="false"/>
								<line number="284" hits="0" branch="false"/>
							</lines>
						</method>
						<method name="textParser" signature="()V" line-rate="1.0" branch-rate="1.0">
							<lines>
							</lines>
						</method>
						<method name="textParserAndInsertData" signature="()V" line-rate="0.45454545454545453" branch-rate="0.5">
							<lines>
								<line number="43" hits="0" branch="false"/>
								<line number="44" hits="0" branch="false"/>
								<line number="45" hits="1" branch="true" condition-coverage="50% (2/4)">
									<conditions>
										<condition number="0" type="jump" coverage="50%"/>
										<condition number="1" type="jump" coverage="50%"/>
									</conditions>
								</line>
								<line number="46" hits="0" branch="false"/>
								<line number="47" hits="0" branch="false"/>
								<line number="48" hits="1" branch="false"/>
								<line number="49" hits="1" branch="false"/>
								<line number="50" hits="1" branch="false"/>
								<line number="51" hits="0" branch="false"/>
								<line number="52" hits="0" branch="false"/>
								<line number="53" hits="1" branch="false"/>
							</lines>
						</method>
						<method name="updateUserData" signature="(Lresources/personrecord/User;)Lqueryengine/miscellaneous/ResponseMessage;" line-rate="0.8888888888888888" branch-rate="0.5">
							<lines>
								<line number="111" hits="3" branch="false"/>
								<line number="112" hits="3" branch="false"/>
								<line number="113" hits="3" branch="false"/>
								<line number="194" hits="6" branch="false"/>
								<line number="195" hits="3" branch="false"/>
								<line number="196" hits="3" branch="false"/>
								<line number="197" hits="3" branch="false"/>
								<line number="199" hits="3" branch="true" condition-coverage="50% (1/2)">
									<conditions>
										<condition number="0" type="jump" coverage="50%"/>
									</conditions>
								</line>
								<line number="200" hits="6" branch="false"/>
								<line number="201" hits="24" branch="false"/>
								<line number="202" hits="6" branch="false"/>
								<line number="203" hits="42" branch="false"/>
								<line number="204" hits="30" branch="false"/>
								<line number="205" hits="30" branch="false"/>
								<line number="206" hits="27" branch="false"/>
								<line number="207" hits="6" branch="true" condition-coverage="50% (1/2)">
									<conditions>
										<condition number="0" type="jump" coverage="50%"/>
									</conditions>
								</line>
								<line number="208" hits="27" branch="true" condition-coverage="50% (1/2)">
									<conditions>
										<condition number="0" type="jump" coverage="50%"/>
									</conditions>
								</line>
								<line number="209" hits="0" branch="false"/>
								<line number="210" hits="3" branch="false"/>
								<line number="211" hits="9" branch="false"/>
								<line number="212" hits="27" branch="false"/>
								<line number="213" hits="3" branch="false"/>
								<line number="214" hits="9" branch="false"/>
								<line number="215" hits="27" branch="false"/>
								<line number="216" hits="6" branch="false"/>
								<line number="217" hits="27" branch="false"/>
								<line number="218" hits="6" branch="false"/>
								<line number="219" hits="33" branch="false"/>
								<line number="220" hits="30" branch="false"/>
								<line number="221" hits="33" branch="true" condition-coverage="50% (1/2)">
									<conditions>
										<condition number="0" type="jump" coverage="50%"/>
									</conditions>
								</line>
								<line number="222" hits="33" branch="false"/>
								<line number="223" hits="30" branch="false"/>
								<line number="224" hits="24" branch="false"/>
								<line number="225" hits="6" branch="false"/>
								<line number="226" hits="24" branch="false"/>
								<line number="227" hits="6" branch="false"/>
								<line number="228" hits="24" branch="false"/>
								<line number="229" hits="6" branch="true" condition-coverage="50% (1/2)">
									<conditions>
										<condition number="0" type="jump" coverage="50%"/>
									</conditions>
								</line>
								<line number="230" hits="30" branch="true" condition-coverage="50% (1/2)">
									<conditions>
										<condition number="0" type="jump" coverage="50%"/>
									</conditions>
								</line>
								<line number="231" hits="24" branch="false"/>
								<line number="232" hits="0" branch="false"/>
								<line number="233" hits="0" branch="false"/>
								<line number="234" hits="5" branch="true" condition-coverage="50% (2/4)">
									<conditions>
										<condition number="0" type="jump" coverage="50%"/>
										<condition number="1" type="jump" coverage="50%"/>
									</conditions>
								</line>
								<line number="235" hits="0" branch="false"/>
								<line number="236" hits="0" branch="false"/>
							</lines>
						</method>
					</methods>
					<lines>
						<line number="3" hits="0" branch="false"/>
						<line number="7" hits="0" branch="false"/>
						<line number="14" hits="1" branch="false"/>
						<line number="15" hits="1" branch="false"/>
						<line number="17" hits="10" branch="false"/>
						<line number="19" hits="10" branch="false"/>
						<line number="20" hits="10" branch="false"/>
						<line number="22" hits="1" branch="false"/>
						<line number="23" hits="2" branch="false"/>
						<line number="24" hits="9" branch="false"/>
						<line number="25" hits="3" branch="false"/>
						<line number="26" hits="11" branch="false"/>
						<line number="27" hits="11" branch="false"/>
						<line number="28" hits="10" branch="false"/>
						<line number="29" hits="8" branch="false"/>
						<line number="31" hits="0" branch="false"/>
						<line number="32" hits="0" branch="false"/>
						<line number="33" hits="10" branch="false"/>
						<line number="34" hits="0" branch="false"/>
						<line number="35" hits="0" branch="false"/>
						<line number="36" hits="0" branch="false"/>
						<line number="37" hits="0" branch="false"/>
						<line number="38" hits="0" branch="false"/>
						<line number="39" hits="0" branch="false"/>
						<line number="40" hits="0" branch="false"/>
						<line number="41" hits="0" branch="false"/>
						<line number="43" hits="0" branch="false"/>
						<line number="44" hits="0" branch="false"/>
						<line number="45" hits="1" branch="true" condition-coverage="50% (2/4)">
							<conditions>
								<condition number="0" type="jump" coverage="50%"/>
								<condition number="1" type="jump" coverage="50%"/>
							</conditions>
						</line>
						<line number="46" hits="0" branch="false"/>
						<line number="47" hits="0" branch="false"/>
						<line number="48" hits="1" branch="false"/>
						<line number="49" hits="1" branch="false"/>
						<line number="50" hits="1" branch="false"/>
						<line number="51" hits="0" branch="false"/>
						<line number="52" hits="0" branch="false"/>
						<line number="53" hits="1" branch="false"/>
						<line number="55" hits="1" branch="true" condition-coverage="50% (1/2)">
							<conditions>
								<condition number="0" type="jump" coverage="50%"/>
							</conditions>
						</line>
						<line number="56" hits="0" branch="false"/>
						<line number="58" hits="1" branch="true" condition-coverage="25% (1/4)">
							<conditions>
								<condition number="0" type="jump" coverage="50%"/>
								<condition number="1" type="jump" coverage="0%"/>
							</conditions>
						</line>
						<line number="59" hits="3" branch="true" condition-coverage="25% (1/4)">
							<conditions>
								<condition number="0" type="jump" coverage="50%"/>
								<condition number="1" type="jump" coverage="0%"/>
							</conditions>
						</line>
						<line number="60" hits="8" branch="true" condition-coverage="25% (1/4)">
							<conditions>
								<condition number="0" type="jump" coverage="50%"/>
								<condition number="1" type="jump" coverage="0%"/>
							</conditions>
						</line>
						<line number="61" hits="0" branch="false"/>
						<line number="62" hits="1" branch="false"/>
						<line number="63" hits="2" branch="false"/>
						<line number="64" hits="8" branch="false"/>
						<line number="65" hits="3" branch="false"/>
						<line number="66" hits="11" branch="true" condition-coverage="100% (2/2)">
							<conditions>
								<condition number="0" type="jump" coverage="100%"/>
							</conditions>
						</line>
						<line number="67" hits="9" branch="true" condition-coverage="50% (1/2)">
							<conditions>
								<condition number="0" type="jump" coverage="50%"/>
							</conditions>
						</line>
						<line number="68" hits="3" branch="false"/>
						<line number="69" hits="8" branch="false"/>
						<line number="70" hits="3" branch="false"/>
						<line number="71" hits="11" branch="true" condition-coverage="50% (2/4)">
							<conditions>
								<condition number="0" type="jump" coverage="100%"/>
								<condition number="1" type="jump" coverage="0%"/>
							</conditions>
						</line>
						<line number="72" hits="9" branch="true" condition-coverage="50% (1/2)">
							<conditions>
								<condition number="0" type="jump" coverage="50%"/>
							</conditions>
						</line>
						<line number="73" hits="3" branch="false"/>
						<line number="74" hits="8" branch="false"/>
						<line number="75" hits="3" branch="false"/>
						<line number="76" hits="11" branch="true" condition-coverage="100% (2/2)">
							<conditions>
								<condition number="0" type="jump" coverage="100%"/>
							</conditions>
						</line>
						<line number="77" hits="9" branch="true" condition-coverage="50% (1/2)">
							<conditions>
								<condition number="0" type="jump" coverage="50%"/>
							</conditions>
						</line>
						<line number="78" hits="3" branch="false"/>
						<line number="79" hits="8" branch="false"/>
						<line number="80" hits="3" branch="false"/>
						<line number="81" hits="11" branch="true" condition-coverage="100% (2/2)">
							<conditions>
								<condition number="0" type="jump" coverage="100%"/>
							</conditions>
						</line>
						<line number="82" hits="9" branch="true" condition-coverage="50% (1/2)">
							<conditions>
								<condition number="0" type="jump" coverage="50%"/>
							</conditions>
						</line>
						<line number="83" hits="3" branch="false"/>
						<line number="84" hits="8" branch="false"/>
						<line number="85" hits="3" branch="false"/>
						<line number="86" hits="11" branch="true" condition-coverage="100% (2/2)">
							<conditions>
								<condition number="0" type="jump" coverage="100%"/>
							</conditions>
						</line>
						<line number="87" hits="9" branch="true" condition-coverage="50% (1/2)">
							<conditions>
								<condition number="0" type="jump" coverage="50%"/>
							</conditions>
						</line>
						<line number="88" hits="3" branch="false"/>
						<line number="89" hits="8" branch="false"/>
						<line number="90" hits="3" branch="false"/>
						<line number="91" hits="11" branch="true" condition-coverage="100% (2/2)">
							<conditions>
								<condition number="0" type="jump" coverage="100%"/>
							</conditions>
						</line>
						<line number="92" hits="12" branch="true" condition-coverage="50% (1/2)">
							<conditions>
								<condition number="0" type="jump" coverage="50%"/>
							</conditions>
						</line>
						<line number="93" hits="6" branch="false"/>
						<line number="94" hits="11" branch="false"/>
						<line number="95" hits="6" branch="false"/>
						<line number="96" hits="11" branch="true" condition-coverage="100% (2/2)">
							<conditions>
								<condition number="0" type="jump" coverage="100%"/>
							</conditions>
						</line>
						<line number="97" hits="12" branch="true" condition-coverage="50% (1/2)">
							<conditions>
								<condition number="0" type="jump" coverage="50%"/>
							</conditions>
						</line>
						<line number="98" hits="3" branch="false"/>
						<line number="99" hits="8" branch="false"/>
						<line number="101" hits="4" branch="false"/>
						<line number="102" hits="3" branch="false"/>
						<line number="103" hits="0" branch="false"/>
						<line number="104" hits="3" branch="false"/>
						<line number="105" hits="0" branch="false"/>
						<line number="106" hits="6" branch="true" condition-coverage="50% (1/2)">
							<conditions>
								<condition number="0" type="jump" coverage="50%"/>
							</conditions>
						</line>
						<line number="107" hits="11" branch="true" condition-coverage="50% (1/2)">
							<conditions>
								<condition number="0" type="jump" coverage="50%"/>
							</conditions>
						</line>
						<line number="108" hits="11" branch="false"/>
						<line number="109" hits="6" branch="false"/>
						<line number="110" hits="11" branch="false"/>
						<line number="111" hits="3" branch="false"/>
						<line number="112" hits="3" branch="false"/>
						<line number="113" hits="3" branch="false"/>
						<line number="114" hits="3" branch="false"/>
						<line number="115" hits="11" branch="false"/>
						<line number="116" hits="1" branch="false"/>
						<line number="117" hits="6" branch="false"/>
						<line number="118" hits="9" branch="false"/>
						<line number="119" hits="6" branch="true" condition-coverage="50% (1/2)">
							<conditions>
								<condition number="0" type="jump" coverage="50%"/>
							</conditions>
						</line>
						<line number="120" hits="13" branch="false"/>
						<line number="121" hits="8" branch="false"/>
						<line number="122" hits="0" branch="false"/>
						<line number="123" hits="4" branch="true" condition-coverage="50% (2/4)">
							<conditions>
								<condition number="0" type="jump" coverage="50%"/>
								<condition number="1" type="jump" coverage="50%"/>
							</conditions>
						</line>
						<line number="124" hits="2" branch="false"/>
						<line number="125" hits="5" branch="false"/>
						<line number="126" hits="2" branch="true" condition-coverage="50% (2/4)">
							<conditions>
								<condition number="0" type="jump" coverage="50%"/>
								<condition number="1" type="jump" coverage="50%"/>
							</conditions>
						</line>
						<line number="127" hits="8" branch="true" condition-coverage="50% (2/4)">
							<conditions>
								<condition number="0" type="jump" coverage="50%"/>
								<condition number="1" type="jump" coverage="50%"/>
							</conditions>
						</line>
						<line number="128" hits="1" branch="false"/>
						<line number="130" hits="1" branch="false"/>
						<line number="131" hits="1" branch="false"/>
						<line number="132" hits="9" branch="true" condition-coverage="50% (2/4)">
							<conditions>
								<condition number="0" type="jump" coverage="50%"/>
								<condition number="1" type="jump" coverage="50%"/>
							</conditions>
						</line>
						<line number="133" hits="9" branch="false"/>
						<line number="134" hits="0" branch="false"/>
						<line number="135" hits="8" branch="false"/>
						<line number="136" hits="14" branch="false"/>
						<line number="137" hits="9" branch="true" condition-coverage="50% (1/2)">
							<conditions>
								<condition number="0" type="jump" coverage="50%"/>
							</conditions>
						</line>
						<line number="138" hits="11" branch="false"/>
						<line number="139" hits="8" branch="false"/>
						<line number="140" hits="7" branch="true" condition-coverage="50% (2/4)">
							<conditions>
								<condition number="0" type="jump" coverage="50%"/>
								<condition number="1" type="jump" coverage="50%"/>
							</conditions>
						</line>
						<line number="141" hits="3" branch="false"/>
						<line number="142" hits="6" branch="true" condition-coverage="100% (2/2)">
							<conditions>
								<condition number="0" type="jump" coverage="100%"/>
							</conditions>
						</line>
						<line number="143" hits="2" branch="false"/>
						<line number="144" hits="2" branch="true" condition-coverage="50% (1/2)">
							<conditions>
								<condition number="0" type="jump" coverage="50%"/>
							</conditions>
						</line>
						<line number="145" hits="10" branch="true" condition-coverage="50% (1/2)">
							<conditions>
								<condition number="0" type="jump" coverage="50%"/>
							</conditions>
						</line>
						<line number="146" hits="12" branch="false"/>
						<line number="147" hits="4" branch="true" condition-coverage="75% (3/4)">
							<conditions>
								<condition number="0" type="jump" coverage="50%"/>
								<condition number="1" type="jump" coverage="100%"/>
							</conditions>
						</line>
						<line number="148" hits="8" branch="true" condition-coverage="50% (2/4)">
							<conditions>
								<condition number="0" type="jump" coverage="50%"/>
								<condition number="1" type="jump" coverage="50%"/>
							</conditions>
						</line>
						<line number="149" hits="0" branch="false"/>
						<line number="150" hits="4" branch="false"/>
						<line number="151" hits="2" branch="false"/>
						<line number="152" hits="2" branch="false"/>
						<line number="154" hits="4" branch="false"/>
						<line number="155" hits="18" branch="false"/>
						<line number="156" hits="4" branch="false"/>
						<line number="157" hits="28" branch="true" condition-coverage="50% (1/2)">
							<conditions>
								<condition number="0" type="jump" coverage="50%"/>
							</conditions>
						</line>
						<line number="158" hits="25" branch="true" condition-coverage="50% (2/4)">
							<conditions>
								<condition number="0" type="jump" coverage="50%"/>
								<condition number="1" type="jump" coverage="50%"/>
							</conditions>
						</line>
						<line number="159" hits="16" branch="false"/>
						<line number="161" hits="11" branch="false"/>
						<line number="162" hits="21" branch="false"/>
						<line number="163" hits="4" branch="true" condition-coverage="50% (1/2)">
							<conditions>
								<condition number="0" type="jump" coverage="50%"/>
							</conditions>
						</line>
						<line number="164" hits="21" branch="true" condition-coverage="50% (1/2)">
							<conditions>
								<condition number="0" type="jump" coverage="50%"/>
							</conditions>
						</line>
						<line number="165" hits="0" branch="false"/>
						<line number="166" hits="5" branch="true" condition-coverage="50% (1/2)">
							<conditions>
								<condition number="0" type="jump" coverage="50%"/>
							</conditions>
						</line>
						<line number="167" hits="4" branch="false"/>
						<line number="168" hits="16" branch="false"/>
						<line number="170" hits="5" branch="false"/>
						<line number="171" hits="0" branch="false"/>
						<line number="172" hits="0" branch="false"/>
						<line number="173" hits="0" branch="true" condition-coverage="0% (0/4)">
							<conditions>
								<condition number="0" type="jump" coverage="0%"/>
								<condition number="1" type="jump" coverage="0%"/>
							</conditions>
						</line>
						<line number="174" hits="0" branch="false"/>
						<line number="175" hits="0" branch="false"/>
						<line number="177" hits="0" branch="false"/>
						<line number="179" hits="0" branch="false"/>
						<line number="180" hits="0" branch="false"/>
						<line number="181" hits="0" branch="false"/>
						<line number="182" hits="0" branch="false"/>
						<line number="183" hits="0" branch="false"/>
						<line number="184" hits="0" branch="false"/>
						<line number="185" hits="0" branch="false"/>
						<line number="186" hits="0" branch="false"/>
						<line number="187" hits="0" branch="false"/>
						<line number="188" hits="0" branch="false"/>
						<line number="189" hits="0" branch="false"/>
						<line number="190" hits="0" branch="false"/>
						<line number="191" hits="0" branch="false"/>
						<line number="192" hits="0" branch="false"/>
						<line number="193" hits="0" branch="false"/>
						<line number="194" hits="6" branch="false"/>
						<line number="195" hits="3" branch="false"/>
						<line number="196" hits="3" branch="false"/>
						<line number="197" hits="3" branch="false"/>
						<line number="199" hits="3" branch="true" condition-coverage="50% (1/2)">
							<conditions>
								<condition number="0" type="jump" coverage="50%"/>
							</conditions>
						</line>
						<line number="200" hits="6" branch="false"/>
						<line number="201" hits="24" branch="false"/>
						<line number="202" hits="6" branch="false"/>
						<line number="203" hits="42" branch="false"/>
						<line number="204" hits="30" branch="false"/>
						<line number="205" hits="30" branch="false"/>
						<line number="206" hits="27" branch="false"/>
						<line number="207" hits="6" branch="true" condition-coverage="50% (1/2)">
							<conditions>
								<condition number="0" type="jump" coverage="50%"/>
							</conditions>
						</line>
						<line number="208" hits="27" branch="true" condition-coverage="50% (1/2)">
							<conditions>
								<condition number="0" type="jump" coverage="50%"/>
							</conditions>
						</line>
						<line number="209" hits="0" branch="false"/>
						<line number="210" hits="3" branch="false"/>
						<line number="211" hits="9" branch="false"/>
						<line number="212" hits="27" branch="false"/>
						<line number="213" hits="3" branch="false"/>
						<line number="214" hits="9" branch="false"/>
						<line number="215" hits="27" branch="false"/>
						<line number="216" hits="6" branch="false"/>
						<line number="217" hits="27" branch="false"/>
						<line number="218" hits="6" branch="false"/>
						<line number="219" hits="33" branch="false"/>
						<line number="220" hits="30" branch="false"/>
						<line number="221" hits="33" branch="true" condition-coverage="50% (1/2)">
							<conditions>
								<condition number="0" type="jump" coverage="50%"/>
							</conditions>
						</line>
						<line number="222" hits="33" branch="false"/>
						<line number="223" hits="30" branch="false"/>
						<line number="224" hits="24" branch="false"/>
						<line number="225" hits="6" branch="false"/>
						<line number="226" hits="24" branch="false"/>
						<line number="227" hits="6" branch="false"/>
						<line number="228" hits="24" branch="false"/>
						<line number="229" hits="6" branch="true" condition-coverage="50% (1/2)">
							<conditions>
								<condition number="0" type="jump" coverage="50%"/>
							</conditions>
						</line>
						<line number="230" hits="30" branch="true" condition-coverage="50% (1/2)">
							<conditions>
								<condition number="0" type="jump" coverage="50%"/>
							</conditions>
						</line>
						<line number="231" hits="24" branch="false"/>
						<line number="232" hits="0" branch="false"/>
						<line number="233" hits="0" branch="false"/>
						<line number="234" hits="5" branch="true" condition-coverage="50% (2/4)">
							<conditions>
								<condition number="0" type="jump" coverage="50%"/>
								<condition number="1" type="jump" coverage="50%"/>
							</conditions>
						</line>
						<line number="235" hits="0" branch="false"/>
						<line number="236" hits="0" branch="false"/>
						<line number="237" hits="10" branch="false"/>
						<line number="238" hits="5" branch="false"/>
						<line number="239" hits="5" branch="false"/>
						<line number="242" hits="15" branch="false"/>
						<line number="243" hits="40" branch="false"/>
						<line number="244" hits="15" branch="true" condition-coverage="100% (2/2)">
							<conditions>
								<condition number="0" type="jump" coverage="100%"/>
							</conditions>
						</line>
						<line number="245" hits="66" branch="false"/>
						<line number="246" hits="50" branch="false"/>
						<line number="247" hits="40" branch="false"/>
						<line number="248" hits="4" branch="false"/>
						<line number="249" hits="10" branch="false"/>
						<line number="250" hits="40" branch="false"/>
						<line number="251" hits="10" branch="true" condition-coverage="100% (2/2)">
							<conditions>
								<condition number="0" type="jump" coverage="100%"/>
							</conditions>
						</line>
						<line number="252" hits="42" branch="true" condition-coverage="100% (2/2)">
							<conditions>
								<condition number="0" type="jump" coverage="100%"/>
							</conditions>
						</line>
						<line number="253" hits="8" branch="false"/>
						<line number="255" hits="8" branch="false"/>
						<line number="256" hits="32" branch="false"/>
						<line number="258" hits="0" branch="false"/>
						<line number="259" hits="0" branch="false"/>
						<line number="260" hits="4" branch="true" condition-coverage="50% (2/4)">
							<conditions>
								<condition number="0" type="jump" coverage="50%"/>
								<condition number="1" type="jump" coverage="50%"/>
							</conditions>
						</line>
						<line number="261" hits="0" branch="false"/>
						<line number="263" hits="8" branch="false"/>
						<line number="264" hits="4" branch="false"/>
						<line number="266" hits="4" branch="false"/>
						<line number="267" hits="8" branch="false"/>
						<line number="268" hits="36" branch="true" condition-coverage="50% (1/2)">
							<conditions>
								<condition number="0" type="jump" coverage="50%"/>
							</conditions>
						</line>
						<line number="269" hits="8" branch="false"/>
						<line number="270" hits="52" branch="false"/>
						<line number="271" hits="32" branch="false"/>
						<line number="272" hits="12" branch="false"/>
						<line number="273" hits="32" branch="false"/>
						<line number="274" hits="8" branch="true" condition-coverage="50% (1/2)">
							<conditions>
								<condition number="0" type="jump" coverage="50%"/>
							</conditions>
						</line>
						<line number="275" hits="32" branch="true" condition-coverage="50% (1/2)">
							<conditions>
								<condition number="0" type="jump" coverage="50%"/>
							</conditions>
						</line>
						<line number="276" hits="0" branch="false"/>
						<line number="277" hits="0" branch="false"/>
						<line number="278" hits="8" branch="false"/>
						<line number="279" hits="32" branch="false"/>
						<line number="281" hits="0" branch="false"/>
						<line number="282" hits="0" branch="false"/>
						<line number="283" hits="0" branch="false"/>
						<line number="284" hits="0" branch="false"/>
						<line number="290" hits="2" branch="false"/>
						<line number="291" hits="15" branch="false"/>
						<line number="292" hits="2" branch="false"/>
						<line number="293" hits="15" branch="false"/>
						<line number="294" hits="2" branch="false"/>
						<line number="295" hits="23" branch="false"/>
						<line number="296" hits="17" branch="false"/>
						<line number="297" hits="15" branch="false"/>
						<line number="298" hits="2" branch="false"/>
						<line number="299" hits="15" branch="false"/>
						<line number="300" hits="2" branch="true" condition-coverage="50% (1/2)">
							<conditions>
								<condition number="0" type="jump" coverage="50%"/>
							</conditions>
						</line>
						<line number="301" hits="15" branch="true" condition-coverage="100% (2/2)">
							<conditions>
								<condition number="0" type="jump" coverage="100%"/>
							</conditions>
						</line>
						<line number="302" hits="2" branch="false"/>
						<line number="303" hits="8" branch="false"/>
						<line number="305" hits="2" branch="false"/>
						<line number="306" hits="10" branch="false"/>
						<line number="307" hits="8" branch="false"/>
						<line number="309" hits="0" branch="false"/>
						<line number="310" hits="7" branch="false"/>
						<line number="311" hits="0" branch="false"/>
						<line number="312" hits="0" branch="false"/>
						<line number="313" hits="0" branch="false"/>
						<line number="314" hits="0" branch="false"/>
						<line number="321" hits="2" branch="false"/>
						<line number="322" hits="15" branch="false"/>
						<line number="323" hits="2" branch="false"/>
						<line number="324" hits="15" branch="false"/>
						<line number="325" hits="2" branch="false"/>
						<line number="326" hits="23" branch="false"/>
						<line number="327" hits="17" branch="false"/>
						<line number="328" hits="15" branch="false"/>
						<line number="329" hits="2" branch="false"/>
						<line number="330" hits="15" branch="false"/>
						<line number="331" hits="2" branch="false"/>
						<line number="332" hits="15" branch="false"/>
						<line number="333" hits="2" branch="true" condition-coverage="50% (1/2)">
							<conditions>
								<condition number="0" type="jump" coverage="50%"/>
							</conditions>
						</line>
						<line number="334" hits="17" branch="true" condition-coverage="100% (2/2)">
							<conditions>
								<condition number="0" type="jump" coverage="100%"/>
							</conditions>
						</line>
						<line number="335" hits="8" branch="false"/>
						<line number="336" hits="0" branch="false"/>
						<line number="337" hits="7" branch="false"/>
						<line number="338" hits="0" branch="false"/>
						<line number="339" hits="0" branch="false"/>
						<line number="340" hits="0" branch="false"/>
						<line number="341" hits="0" branch="false"/>
						<line number="347" hits="0" branch="true" condition-coverage="0% (0/4)">
							<conditions>
								<condition number="0" type="jump" coverage="0%"/>
								<condition number="1" type="jump" coverage="0%"/>
							</conditions>
						</line>
						<line number="348" hits="15" branch="true" condition-coverage="50% (2/4)">
							<conditions>
								<condition number="0" type="jump" coverage="50%"/>
								<condition number="1" type="jump" coverage="50%"/>
							</conditions>
						</line>
						<line number="349" hits="0" branch="false"/>
						<line number="350" hits="0" branch="false"/>
						<line number="351" hits="24" branch="false"/>
						<line number="352" hits="15" branch="false"/>
						<line number="354" hits="15" branch="false"/>
						<line number="355" hits="0" branch="false"/>
						<line number="356" hits="0" branch="false"/>
						<line number="357" hits="0" branch="false"/>
					</lines>
				</class>
				<class name="backend.IBackEnd" filename="backend/IBackEnd.java" line-rate="1.0" branch-rate="1.0" complexity="1.0">
					<methods>
					</methods>
					<lines>
					</lines>
				</class>
			</classes>
		</package>
		<package name="backend.parser" line-rate="0.4307692307692308" branch-rate="0.25" complexity="4.0">
			<classes>
				<class name="backend.parser.Parser" filename="backend/parser/Parser.java" line-rate="0.4307692307692308" branch-rate="0.25" complexity="4.0">
					<methods>
						<method name="&lt;clinit&gt;" signature="()V" line-rate="1.0" branch-rate="1.0">
							<lines>
								<line number="11" hits="11" branch="false"/>
								<line number="12" hits="13" branch="false"/>
							</lines>
						</method>
						<method name="&lt;init&gt;" signature="()V" line-rate="0.0" branch-rate="1.0">
							<lines>
								<line number="10" hits="0" branch="false"/>
							</lines>
						</method>
						<method name="GetCodesToConvertToUTF_8" signature="()V" line-rate="1.0" branch-rate="1.0">
							<lines>
								<line number="100" hits="11" branch="false"/>
								<line number="101" hits="11" branch="false"/>
								<line number="104" hits="11" branch="false"/>
								<line number="105" hits="708" branch="true" condition-coverage="100% (2/2)">
									<conditions>
										<condition number="0" type="jump" coverage="100%"/>
									</conditions>
								</line>
								<line number="106" hits="693" branch="false"/>
								<line number="107" hits="693" branch="true" condition-coverage="100% (2/2)">
									<conditions>
										<condition number="0" type="jump" coverage="100%"/>
									</conditions>
								</line>
								<line number="108" hits="682" branch="false"/>
								<line number="109" hits="693" branch="false"/>
								<line number="110" hits="441" branch="false"/>
								<line number="111" hits="4" branch="false"/>
								<line number="112" hits="11" branch="false"/>
								<line number="113" hits="7" branch="false"/>
								<line number="115" hits="11" branch="false"/>
							</lines>
						</method>
						<method name="ParseFilesForFolder" signature="(Ljava/io/File;)Ljava/util/List;" line-rate="0.5714285714285714" branch-rate="0.0">
							<lines>
								<line number="38" hits="11" branch="false"/>
								<line number="40" hits="11" branch="true" condition-coverage="0% (0/2)">
									<conditions>
										<condition number="0" type="jump" coverage="0%"/>
									</conditions>
								</line>
								<line number="41" hits="0" branch="false"/>
								<line number="42" hits="0" branch="false"/>
								<line number="44" hits="0" branch="false"/>
								<line number="45" hits="11" branch="false"/>
								<line number="46" hits="11" branch="false"/>
							</lines>
						</method>
						<method name="ReadTxtFile" signature="(Ljava/io/File;)Ljava/util/List;" line-rate="0.0" branch-rate="0.0">
							<lines>
								<line number="53" hits="0" branch="false"/>
								<line number="54" hits="0" branch="false"/>
								<line number="55" hits="0" branch="false"/>
								<line number="56" hits="0" branch="false"/>
								<line number="57" hits="0" branch="false"/>
								<line number="59" hits="0" branch="false"/>
								<line number="61" hits="0" branch="false"/>
								<line number="64" hits="0" branch="false"/>
								<line number="66" hits="0" branch="true" condition-coverage="0% (0/2)">
									<conditions>
										<condition number="0" type="jump" coverage="0%"/>
									</conditions>
								</line>
								<line number="67" hits="0" branch="false"/>
								<line number="68" hits="0" branch="false"/>
								<line number="69" hits="0" branch="true" condition-coverage="0% (0/2)">
									<conditions>
										<condition number="0" type="jump" coverage="0%"/>
									</conditions>
								</line>
								<line number="70" hits="0" branch="false"/>
								<line number="71" hits="0" branch="false"/>
								<line number="72" hits="0" branch="true" condition-coverage="0% (0/4)">
									<conditions>
										<condition number="0" type="jump" coverage="0%"/>
										<condition number="1" type="jump" coverage="0%"/>
									</conditions>
								</line>
								<line number="73" hits="0" branch="false"/>
								<line number="75" hits="0" branch="false"/>
								<line number="76" hits="0" branch="false"/>
								<line number="78" hits="0" branch="false"/>
								<line number="79" hits="0" branch="false"/>
								<line number="81" hits="0" branch="false"/>
								<line number="82" hits="0" branch="true" condition-coverage="0% (0/2)">
									<conditions>
										<condition number="0" type="jump" coverage="0%"/>
									</conditions>
								</line>
								<line number="83" hits="0" branch="false"/>
								<line number="84" hits="0" branch="false"/>
								<line number="87" hits="0" branch="false"/>
								<line number="88" hits="0" branch="false"/>
								<line number="89" hits="0" branch="false"/>
								<line number="91" hits="0" branch="false"/>
								<line number="92" hits="0" branch="false"/>
								<line number="93" hits="0" branch="false"/>
								<line number="94" hits="0" branch="false"/>
								<line number="95" hits="0" branch="false"/>
							</lines>
						</method>
						<method name="XmlParser" signature="(Ljava/lang/String;)Lbackend/parser/pubrec/DBLP;" line-rate="0.9" branch-rate="1.0">
							<lines>
								<line number="17" hits="13" branch="false"/>
								<line number="18" hits="11" branch="false"/>
								<line number="20" hits="11" branch="false"/>
								<line number="22" hits="11" branch="false"/>
								<line number="23" hits="11" branch="false"/>
								<line number="24" hits="11" branch="false"/>
								<line number="26" hits="11" branch="false"/>
								<line number="28" hits="0" branch="false"/>
								<line number="30" hits="11" branch="false"/>
								<line number="31" hits="11" branch="false"/>
							</lines>
						</method>
					</methods>
					<lines>
						<line number="10" hits="0" branch="false"/>
						<line number="11" hits="11" branch="false"/>
						<line number="12" hits="13" branch="false"/>
						<line number="17" hits="13" branch="false"/>
						<line number="18" hits="11" branch="false"/>
						<line number="20" hits="11" branch="false"/>
						<line number="22" hits="11" branch="false"/>
						<line number="23" hits="11" branch="false"/>
						<line number="24" hits="11" branch="false"/>
						<line number="26" hits="11" branch="false"/>
						<line number="28" hits="0" branch="false"/>
						<line number="30" hits="11" branch="false"/>
						<line number="31" hits="11" branch="false"/>
						<line number="38" hits="11" branch="false"/>
						<line number="40" hits="11" branch="true" condition-coverage="0% (0/2)">
							<conditions>
								<condition number="0" type="jump" coverage="0%"/>
							</conditions>
						</line>
						<line number="41" hits="0" branch="false"/>
						<line number="42" hits="0" branch="false"/>
						<line number="44" hits="0" branch="false"/>
						<line number="45" hits="11" branch="false"/>
						<line number="46" hits="11" branch="false"/>
						<line number="53" hits="0" branch="false"/>
						<line number="54" hits="0" branch="false"/>
						<line number="55" hits="0" branch="false"/>
						<line number="56" hits="0" branch="false"/>
						<line number="57" hits="0" branch="false"/>
						<line number="59" hits="0" branch="false"/>
						<line number="61" hits="0" branch="false"/>
						<line number="64" hits="0" branch="false"/>
						<line number="66" hits="0" branch="true" condition-coverage="0% (0/2)">
							<conditions>
								<condition number="0" type="jump" coverage="0%"/>
							</conditions>
						</line>
						<line number="67" hits="0" branch="false"/>
						<line number="68" hits="0" branch="false"/>
						<line number="69" hits="0" branch="true" condition-coverage="0% (0/2)">
							<conditions>
								<condition number="0" type="jump" coverage="0%"/>
							</conditions>
						</line>
						<line number="70" hits="0" branch="false"/>
						<line number="71" hits="0" branch="false"/>
						<line number="72" hits="0" branch="true" condition-coverage="0% (0/4)">
							<conditions>
								<condition number="0" type="jump" coverage="0%"/>
								<condition number="1" type="jump" coverage="0%"/>
							</conditions>
						</line>
						<line number="73" hits="0" branch="false"/>
						<line number="75" hits="0" branch="false"/>
						<line number="76" hits="0" branch="false"/>
						<line number="78" hits="0" branch="false"/>
						<line number="79" hits="0" branch="false"/>
						<line number="81" hits="0" branch="false"/>
						<line number="82" hits="0" branch="true" condition-coverage="0% (0/2)">
							<conditions>
								<condition number="0" type="jump" coverage="0%"/>
							</conditions>
						</line>
						<line number="83" hits="0" branch="false"/>
						<line number="84" hits="0" branch="false"/>
						<line number="87" hits="0" branch="false"/>
						<line number="88" hits="0" branch="false"/>
						<line number="89" hits="0" branch="false"/>
						<line number="91" hits="0" branch="false"/>
						<line number="92" hits="0" branch="false"/>
						<line number="93" hits="0" branch="false"/>
						<line number="94" hits="0" branch="false"/>
						<line number="95" hits="0" branch="false"/>
						<line number="100" hits="11" branch="false"/>
						<line number="101" hits="11" branch="false"/>
						<line number="104" hits="11" branch="false"/>
						<line number="105" hits="708" branch="true" condition-coverage="100% (2/2)">
							<conditions>
								<condition number="0" type="jump" coverage="100%"/>
							</conditions>
						</line>
						<line number="106" hits="693" branch="false"/>
						<line number="107" hits="693" branch="true" condition-coverage="100% (2/2)">
							<conditions>
								<condition number="0" type="jump" coverage="100%"/>
							</conditions>
						</line>
						<line number="108" hits="682" branch="false"/>
						<line number="109" hits="693" branch="false"/>
						<line number="110" hits="441" branch="false"/>
						<line number="111" hits="4" branch="false"/>
						<line number="112" hits="11" branch="false"/>
						<line number="113" hits="7" branch="false"/>
						<line number="115" hits="11" branch="false"/>
					</lines>
				</class>
			</classes>
		</package>
		<package name="backend.parser.mysqldb" line-rate="0.0" branch-rate="0.0" complexity="21.333333333333332">
			<classes>
				<class name="backend.parser.mysqldb.Database" filename="backend/parser/mysqldb/Database.java" line-rate="0.0" branch-rate="0.0" complexity="21.333333333333332">
					<methods>
						<method name="&lt;clinit&gt;" signature="()V" line-rate="0.0" branch-rate="1.0">
							<lines>
								<line number="15" hits="0" branch="false"/>
								<line number="17" hits="0" branch="false"/>
								<line number="25" hits="0" branch="false"/>
								<line number="27" hits="0" branch="false"/>
								<line number="28" hits="0" branch="false"/>
								<line number="29" hits="0" branch="false"/>
								<line number="31" hits="0" branch="false"/>
								<line number="32" hits="0" branch="false"/>
							</lines>
						</method>
						<method name="&lt;init&gt;" signature="()V" line-rate="0.0" branch-rate="1.0">
							<lines>
								<line number="9" hits="0" branch="false"/>
								<line number="18" hits="0" branch="false"/>
							</lines>
						</method>
						<method name="InsertArticleData" signature="(Ljava/util/List;)V" line-rate="0.0" branch-rate="0.0">
							<lines>
								<line number="77" hits="0" branch="true" condition-coverage="0% (0/4)">
									<conditions>
										<condition number="0" type="jump" coverage="0%"/>
										<condition number="1" type="jump" coverage="0%"/>
									</conditions>
								</line>
								<line number="78" hits="0" branch="false"/>
								<line number="81" hits="0" branch="true" condition-coverage="0% (0/4)">
									<conditions>
										<condition number="0" type="jump" coverage="0%"/>
										<condition number="1" type="jump" coverage="0%"/>
									</conditions>
								</line>
								<line number="82" hits="0" branch="false"/>
								<line number="84" hits="0" branch="false"/>
								<line number="85" hits="0" branch="false"/>
								<line number="86" hits="0" branch="false"/>
								<line number="87" hits="0" branch="true" condition-coverage="0% (0/2)">
									<conditions>
										<condition number="0" type="jump" coverage="0%"/>
									</conditions>
								</line>
								<line number="88" hits="0" branch="false"/>
								<line number="89" hits="0" branch="false"/>
								<line number="90" hits="0" branch="false"/>
								<line number="91" hits="0" branch="true" condition-coverage="0% (0/2)">
									<conditions>
										<condition number="0" type="jump" coverage="0%"/>
									</conditions>
								</line>
								<line number="92" hits="0" branch="false"/>
								<line number="93" hits="0" branch="false"/>
								<line number="94" hits="0" branch="false"/>
								<line number="95" hits="0" branch="true" condition-coverage="0% (0/20)">
									<conditions>
										<condition number="0" type="jump" coverage="0%"/>
										<condition number="1" type="jump" coverage="0%"/>
										<condition number="2" type="jump" coverage="0%"/>
										<condition number="3" type="jump" coverage="0%"/>
										<condition number="4" type="jump" coverage="0%"/>
										<condition number="5" type="jump" coverage="0%"/>
										<condition number="6" type="jump" coverage="0%"/>
										<condition number="7" type="jump" coverage="0%"/>
										<condition number="8" type="jump" coverage="0%"/>
										<condition number="9" type="jump" coverage="0%"/>
									</conditions>
								</line>
								<line number="96" hits="0" branch="false"/>
								<line number="97" hits="0" branch="false"/>
								<line number="99" hits="0" branch="true" condition-coverage="0% (0/20)">
									<conditions>
										<condition number="0" type="jump" coverage="0%"/>
										<condition number="1" type="jump" coverage="0%"/>
										<condition number="2" type="jump" coverage="0%"/>
										<condition number="3" type="jump" coverage="0%"/>
										<condition number="4" type="jump" coverage="0%"/>
										<condition number="5" type="jump" coverage="0%"/>
										<condition number="6" type="jump" coverage="0%"/>
										<condition number="7" type="jump" coverage="0%"/>
										<condition number="8" type="jump" coverage="0%"/>
										<condition number="9" type="jump" coverage="0%"/>
									</conditions>
								</line>
								<line number="100" hits="0" branch="true" condition-coverage="0% (0/4)">
									<conditions>
										<condition number="0" type="jump" coverage="0%"/>
										<condition number="1" type="jump" coverage="0%"/>
									</conditions>
								</line>
								<line number="101" hits="0" branch="false"/>
								<line number="103" hits="0" branch="true" condition-coverage="0% (0/6)">
									<conditions>
										<condition number="0" type="jump" coverage="0%"/>
										<condition number="1" type="jump" coverage="0%"/>
										<condition number="2" type="jump" coverage="0%"/>
									</conditions>
								</line>
								<line number="104" hits="0" branch="true" condition-coverage="0% (0/4)">
									<conditions>
										<condition number="0" type="jump" coverage="0%"/>
										<condition number="1" type="jump" coverage="0%"/>
									</conditions>
								</line>
								<line number="105" hits="0" branch="false"/>
								<line number="107" hits="0" branch="true" condition-coverage="0% (0/4)">
									<conditions>
										<condition number="0" type="jump" coverage="0%"/>
										<condition number="1" type="jump" coverage="0%"/>
									</conditions>
								</line>
								<line number="108" hits="0" branch="true" condition-coverage="0% (0/4)">
									<conditions>
										<condition number="0" type="jump" coverage="0%"/>
										<condition number="1" type="jump" coverage="0%"/>
									</conditions>
								</line>
								<line number="109" hits="0" branch="false"/>
								<line number="111" hits="0" branch="true" condition-coverage="0% (0/2)">
									<conditions>
										<condition number="0" type="jump" coverage="0%"/>
									</conditions>
								</line>
								<line number="112" hits="0" branch="true" condition-coverage="0% (0/4)">
									<conditions>
										<condition number="0" type="jump" coverage="0%"/>
										<condition number="1" type="jump" coverage="0%"/>
									</conditions>
								</line>
								<line number="113" hits="0" branch="false"/>
								<line number="114" hits="0" branch="false"/>
								<line number="115" hits="0" branch="false"/>
								<line number="116" hits="0" branch="false"/>
								<line number="117" hits="0" branch="false"/>
								<line number="118" hits="0" branch="false"/>
								<line number="119" hits="0" branch="false"/>
								<line number="120" hits="0" branch="false"/>
								<line number="121" hits="0" branch="true" condition-coverage="0% (0/2)">
									<conditions>
										<condition number="0" type="jump" coverage="0%"/>
									</conditions>
								</line>
								<line number="122" hits="0" branch="false"/>
								<line number="123" hits="0" branch="false"/>
								<line number="125" hits="0" branch="true" condition-coverage="0% (0/2)">
									<conditions>
										<condition number="0" type="jump" coverage="0%"/>
									</conditions>
								</line>
								<line number="126" hits="0" branch="false"/>
								<line number="127" hits="0" branch="false"/>
								<line number="129" hits="0" branch="false"/>
								<line number="130" hits="0" branch="false"/>
								<line number="131" hits="0" branch="false"/>
								<line number="133" hits="0" branch="false"/>
								<line number="134" hits="0" branch="false"/>
								<line number="135" hits="0" branch="false"/>
								<line number="137" hits="0" branch="false"/>
								<line number="138" hits="0" branch="false"/>
							</lines>
						</method>
						<method name="InsertBookData" signature="(Ljava/util/List;)V" line-rate="0.0" branch-rate="0.0">
							<lines>
								<line number="295" hits="0" branch="true" condition-coverage="0% (0/4)">
									<conditions>
										<condition number="0" type="jump" coverage="0%"/>
										<condition number="1" type="jump" coverage="0%"/>
									</conditions>
								</line>
								<line number="296" hits="0" branch="false"/>
								<line number="299" hits="0" branch="true" condition-coverage="0% (0/4)">
									<conditions>
										<condition number="0" type="jump" coverage="0%"/>
										<condition number="1" type="jump" coverage="0%"/>
									</conditions>
								</line>
								<line number="300" hits="0" branch="false"/>
								<line number="302" hits="0" branch="false"/>
								<line number="303" hits="0" branch="false"/>
								<line number="304" hits="0" branch="false"/>
								<line number="305" hits="0" branch="true" condition-coverage="0% (0/2)">
									<conditions>
										<condition number="0" type="jump" coverage="0%"/>
									</conditions>
								</line>
								<line number="306" hits="0" branch="false"/>
								<line number="307" hits="0" branch="false"/>
								<line number="308" hits="0" branch="false"/>
								<line number="309" hits="0" branch="true" condition-coverage="0% (0/2)">
									<conditions>
										<condition number="0" type="jump" coverage="0%"/>
									</conditions>
								</line>
								<line number="310" hits="0" branch="false"/>
								<line number="311" hits="0" branch="false"/>
								<line number="312" hits="0" branch="false"/>
								<line number="313" hits="0" branch="true" condition-coverage="0% (0/8)">
									<conditions>
										<condition number="0" type="jump" coverage="0%"/>
										<condition number="1" type="jump" coverage="0%"/>
										<condition number="2" type="jump" coverage="0%"/>
										<condition number="3" type="jump" coverage="0%"/>
									</conditions>
								</line>
								<line number="314" hits="0" branch="true" condition-coverage="0% (0/8)">
									<conditions>
										<condition number="0" type="jump" coverage="0%"/>
										<condition number="1" type="jump" coverage="0%"/>
										<condition number="2" type="jump" coverage="0%"/>
										<condition number="3" type="jump" coverage="0%"/>
									</conditions>
								</line>
								<line number="315" hits="0" branch="true" condition-coverage="0% (0/4)">
									<conditions>
										<condition number="0" type="jump" coverage="0%"/>
										<condition number="1" type="jump" coverage="0%"/>
									</conditions>
								</line>
								<line number="316" hits="0" branch="false"/>
								<line number="317" hits="0" branch="true" condition-coverage="0% (0/10)">
									<conditions>
										<condition number="0" type="jump" coverage="0%"/>
										<condition number="1" type="jump" coverage="0%"/>
										<condition number="2" type="jump" coverage="0%"/>
										<condition number="3" type="jump" coverage="0%"/>
										<condition number="4" type="jump" coverage="0%"/>
[...]
						<line number="29" hits="0" branch="false"/>
						<line number="30" hits="0" branch="false"/>
						<line number="31" hits="0" branch="false"/>
						<line number="32" hits="0" branch="false"/>
						<line number="33" hits="0" branch="false"/>
					</lines>
				</class>
			</classes>
		</package>
		<package name="validator.utils" line-rate="0.0" branch-rate="0.0" complexity="6.444444444444445">
			<classes>
				<class name="validator.utils.Validator" filename="validator/utils/Validator.java" line-rate="0.0" branch-rate="0.0" complexity="6.444444444444445">
					<methods>
						<method name="&lt;init&gt;" signature="()V" line-rate="0.0" branch-rate="1.0">
							<lines>
								<line number="6" hits="0" branch="false"/>
							</lines>
						</method>
						<method name="arebothPasswordSame" signature="(Ljava/lang/String;Ljava/lang/String;)Ljava/lang/Boolean;" line-rate="0.0" branch-rate="0.0">
							<lines>
								<line number="91" hits="0" branch="false"/>
								<line number="93" hits="0" branch="true" condition-coverage="0% (0/2)">
									<conditions>
										<condition number="0" type="jump" coverage="0%"/>
									</conditions>
								</line>
								<line number="94" hits="0" branch="false"/>
								<line number="96" hits="0" branch="false"/>
								<line number="97" hits="0" branch="false"/>
								<line number="99" hits="0" branch="false"/>
								<line number="101" hits="0" branch="true" condition-coverage="0% (0/2)">
									<conditions>
										<condition number="0" type="jump" coverage="0%"/>
									</conditions>
								</line>
								<line number="103" hits="0" branch="true" condition-coverage="0% (0/2)">
									<conditions>
										<condition number="0" type="jump" coverage="0%"/>
									</conditions>
								</line>
								<line number="104" hits="0" branch="false"/>
								<line number="105" hits="0" branch="false"/>
								<line number="108" hits="0" branch="false"/>
							</lines>
						</method>
						<method name="isNonEmptyString" signature="(Ljava/lang/String;)Z" line-rate="0.0" branch-rate="0.0">
							<lines>
								<line number="35" hits="0" branch="true" condition-coverage="0% (0/4)">
									<conditions>
										<condition number="0" type="jump" coverage="0%"/>
										<condition number="1" type="jump" coverage="0%"/>
									</conditions>
								</line>
							</lines>
						</method>
						<method name="isValidEmailId" signature="(Ljava/lang/String;)Ljava/lang/Boolean;" line-rate="0.0" branch-rate="1.0">
							<lines>
								<line number="113" hits="0" branch="false"/>
								<line number="115" hits="0" branch="false"/>
								<line number="116" hits="0" branch="false"/>
								<line number="118" hits="0" branch="false"/>
							</lines>
						</method>
						<method name="isValidFullName" signature="(Ljava/lang/String;)Ljava/lang/Boolean;" line-rate="0.0" branch-rate="0.0">
							<lines>
								<line number="122" hits="0" branch="false"/>
								<line number="123" hits="0" branch="false"/>
								<line number="125" hits="0" branch="true" condition-coverage="0% (0/2)">
									<conditions>
										<condition number="0" type="jump" coverage="0%"/>
									</conditions>
								</line>
								<line number="126" hits="0" branch="false"/>
								<line number="127" hits="0" branch="true" condition-coverage="0% (0/4)">
									<conditions>
										<condition number="0" type="jump" coverage="0%"/>
										<condition number="1" type="jump" coverage="0%"/>
									</conditions>
								</line>
								<line number="128" hits="0" branch="false"/>
								<line number="130" hits="0" branch="false"/>
								<line number="131" hits="0" branch="false"/>
								<line number="133" hits="0" branch="true" condition-coverage="0% (0/2)">
									<conditions>
										<condition number="0" type="jump" coverage="0%"/>
									</conditions>
								</line>
								<line number="135" hits="0" branch="true" condition-coverage="0% (0/2)">
									<conditions>
										<condition number="0" type="jump" coverage="0%"/>
									</conditions>
								</line>
								<line number="136" hits="0" branch="false"/>
								<line number="138" hits="0" branch="true" condition-coverage="0% (0/4)">
									<conditions>
										<condition number="0" type="jump" coverage="0%"/>
										<condition number="1" type="jump" coverage="0%"/>
									</conditions>
								</line>
								<line number="139" hits="0" branch="false"/>
								<line number="142" hits="0" branch="false"/>
								<line number="143" hits="0" branch="false"/>
								<line number="146" hits="0" branch="true" condition-coverage="0% (0/2)">
									<conditions>
										<condition number="0" type="jump" coverage="0%"/>
									</conditions>
								</line>
								<line number="147" hits="0" branch="false"/>
							</lines>
						</method>
						<method name="isValidN" signature="(Ljava/lang/String;)Z" line-rate="0.0" branch-rate="0.0">
							<lines>
								<line number="9" hits="0" branch="true" condition-coverage="0% (0/4)">
									<conditions>
										<condition number="0" type="jump" coverage="0%"/>
										<condition number="1" type="jump" coverage="0%"/>
									</conditions>
								</line>
								<line number="10" hits="0" branch="false"/>
								<line number="12" hits="0" branch="true" condition-coverage="0% (0/2)">
									<conditions>
										<condition number="0" type="jump" coverage="0%"/>
									</conditions>
								</line>
								<line number="14" hits="0" branch="true" condition-coverage="0% (0/4)">
									<conditions>
										<condition number="0" type="jump" coverage="0%"/>
										<condition number="1" type="jump" coverage="0%"/>
									</conditions>
								</line>
								<line number="15" hits="0" branch="false"/>
								<line number="18" hits="0" branch="false"/>
							</lines>
						</method>
						<method name="isValidPassword" signature="(Ljava/lang/String;)Z" line-rate="0.0" branch-rate="0.0">
							<lines>
								<line number="39" hits="0" branch="true" condition-coverage="0% (0/4)">
									<conditions>
										<condition number="0" type="jump" coverage="0%"/>
										<condition number="1" type="jump" coverage="0%"/>
									</conditions>
								</line>
								<line number="40" hits="0" branch="false"/>
								<line number="42" hits="0" branch="false"/>
								<line number="43" hits="0" branch="false"/>
								<line number="44" hits="0" branch="true" condition-coverage="0% (0/2)">
									<conditions>
										<condition number="0" type="jump" coverage="0%"/>
									</conditions>
								</line>
								<line number="46" hits="0" branch="true" condition-coverage="0% (0/4)">
									<conditions>
										<condition number="0" type="jump" coverage="0%"/>
										<condition number="1" type="jump" coverage="0%"/>
									</conditions>
								</line>
								<line number="47" hits="0" branch="false"/>
								<line number="48" hits="0" branch="true" condition-coverage="0% (0/8)">
									<conditions>
										<condition number="0" type="jump" coverage="0%"/>
										<condition number="1" type="jump" coverage="0%"/>
										<condition number="2" type="jump" coverage="0%"/>
										<condition number="3" type="jump" coverage="0%"/>
									</conditions>
								</line>
								<line number="49" hits="0" branch="true" condition-coverage="0% (0/4)">
									<conditions>
										<condition number="0" type="jump" coverage="0%"/>
										<condition number="1" type="jump" coverage="0%"/>
									</conditions>
								</line>
								<line number="50" hits="0" branch="false"/>
								<line number="52" hits="0" branch="true" condition-coverage="0% (0/4)">
									<conditions>
										<condition number="0" type="jump" coverage="0%"/>
										<condition number="1" type="jump" coverage="0%"/>
									</conditions>
								</line>
							</lines>
						</method>
						<method name="isValidPhoneNumber" signature="(Ljava/lang/String;)Ljava/lang/Boolean;" line-rate="0.0" branch-rate="0.0">
							<lines>
								<line number="75" hits="0" branch="false"/>
								<line number="76" hits="0" branch="false"/>
								<line number="77" hits="0" branch="false"/>
								<line number="78" hits="0" branch="true" condition-coverage="0% (0/2)">
									<conditions>
										<condition number="0" type="jump" coverage="0%"/>
									</conditions>
								</line>
								<line number="80" hits="0" branch="true" condition-coverage="0% (0/2)">
									<conditions>
										<condition number="0" type="jump" coverage="0%"/>
									</conditions>
								</line>
								<line number="82" hits="0" branch="true" condition-coverage="0% (0/2)">
									<conditions>
										<condition number="0" type="jump" coverage="0%"/>
									</conditions>
								</line>
								<line number="83" hits="0" branch="false"/>
								<line number="84" hits="0" branch="false"/>
								<line number="87" hits="0" branch="false"/>
							</lines>
						</method>
						<method name="isValidUsername" signature="(Ljava/lang/String;)Ljava/lang/Boolean;" line-rate="0.0" branch-rate="0.0">
							<lines>
								<line number="56" hits="0" branch="false"/>
								<line number="58" hits="0" branch="false"/>
								<line number="59" hits="0" branch="false"/>
								<line number="61" hits="0" branch="true" condition-coverage="0% (0/2)">
									<conditions>
										<condition number="0" type="jump" coverage="0%"/>
									</conditions>
								</line>
								<line number="62" hits="0" branch="false"/>
								<line number="64" hits="0" branch="true" condition-coverage="0% (0/2)">
									<conditions>
										<condition number="0" type="jump" coverage="0%"/>
									</conditions>
								</line>
								<line number="65" hits="0" branch="true" condition-coverage="0% (0/4)">
									<conditions>
										<condition number="0" type="jump" coverage="0%"/>
										<condition number="1" type="jump" coverage="0%"/>
									</conditions>
								</line>
								<line number="67" hits="0" branch="false"/>
								<line number="68" hits="0" branch="false"/>
								<line number="71" hits="0" branch="false"/>
							</lines>
						</method>
						<method name="isValidYear" signature="(Ljava/lang/String;)Z" line-rate="0.0" branch-rate="0.0">
							<lines>
								<line number="22" hits="0" branch="true" condition-coverage="0% (0/4)">
									<conditions>
										<condition number="0" type="jump" coverage="0%"/>
										<condition number="1" type="jump" coverage="0%"/>
									</conditions>
								</line>
								<line number="23" hits="0" branch="false"/>
								<line number="25" hits="0" branch="true" condition-coverage="0% (0/2)">
									<conditions>
										<condition number="0" type="jump" coverage="0%"/>
									</conditions>
								</line>
								<line number="27" hits="0" branch="true" condition-coverage="0% (0/4)">
									<conditions>
										<condition number="0" type="jump" coverage="0%"/>
										<condition number="1" type="jump" coverage="0%"/>
									</conditions>
								</line>
								<line number="28" hits="0" branch="false"/>
								<line number="31" hits="0" branch="false"/>
							</lines>
						</method>
					</methods>
					<lines>
						<line number="6" hits="0" branch="false"/>
						<line number="9" hits="0" branch="true" condition-coverage="0% (0/4)">
							<conditions>
								<condition number="0" type="jump" coverage="0%"/>
								<condition number="1" type="jump" coverage="0%"/>
							</conditions>
						</line>
						<line number="10" hits="0" branch="false"/>
						<line number="12" hits="0" branch="true" condition-coverage="0% (0/2)">
							<conditions>
								<condition number="0" type="jump" coverage="0%"/>
							</conditions>
						</line>
						<line number="14" hits="0" branch="true" condition-coverage="0% (0/4)">
							<conditions>
								<condition number="0" type="jump" coverage="0%"/>
								<condition number="1" type="jump" coverage="0%"/>
							</conditions>
						</line>
						<line number="15" hits="0" branch="false"/>
						<line number="18" hits="0" branch="false"/>
						<line number="22" hits="0" branch="true" condition-coverage="0% (0/4)">
							<conditions>
								<condition number="0" type="jump" coverage="0%"/>
								<condition number="1" type="jump" coverage="0%"/>
							</conditions>
						</line>
						<line number="23" hits="0" branch="false"/>
						<line number="25" hits="0" branch="true" condition-coverage="0% (0/2)">
							<conditions>
								<condition number="0" type="jump" coverage="0%"/>
							</conditions>
						</line>
						<line number="27" hits="0" branch="true" condition-coverage="0% (0/4)">
							<conditions>
								<condition number="0" type="jump" coverage="0%"/>
								<condition number="1" type="jump" coverage="0%"/>
							</conditions>
						</line>
						<line number="28" hits="0" branch="false"/>
						<line number="31" hits="0" branch="false"/>
						<line number="35" hits="0" branch="true" condition-coverage="0% (0/4)">
							<conditions>
								<condition number="0" type="jump" coverage="0%"/>
								<condition number="1" type="jump" coverage="0%"/>
							</conditions>
						</line>
						<line number="39" hits="0" branch="true" condition-coverage="0% (0/4)">
							<conditions>
								<condition number="0" type="jump" coverage="0%"/>
								<condition number="1" type="jump" coverage="0%"/>
							</conditions>
						</line>
						<line number="40" hits="0" branch="false"/>
						<line number="42" hits="0" branch="false"/>
						<line number="43" hits="0" branch="false"/>
						<line number="44" hits="0" branch="true" condition-coverage="0% (0/2)">
							<conditions>
								<condition number="0" type="jump" coverage="0%"/>
							</conditions>
						</line>
						<line number="46" hits="0" branch="true" condition-coverage="0% (0/4)">
							<conditions>
								<condition number="0" type="jump" coverage="0%"/>
								<condition number="1" type="jump" coverage="0%"/>
							</conditions>
						</line>
						<line number="47" hits="0" branch="false"/>
						<line number="48" hits="0" branch="true" condition-coverage="0% (0/8)">
							<conditions>
								<condition number="0" type="jump" coverage="0%"/>
								<condition number="1" type="jump" coverage="0%"/>
								<condition number="2" type="jump" coverage="0%"/>
								<condition number="3" type="jump" coverage="0%"/>
							</conditions>
						</line>
						<line number="49" hits="0" branch="true" condition-coverage="0% (0/4)">
							<conditions>
								<condition number="0" type="jump" coverage="0%"/>
								<condition number="1" type="jump" coverage="0%"/>
							</conditions>
						</line>
						<line number="50" hits="0" branch="false"/>
						<line number="52" hits="0" branch="true" condition-coverage="0% (0/4)">
							<conditions>
								<condition number="0" type="jump" coverage="0%"/>
								<condition number="1" type="jump" coverage="0%"/>
							</conditions>
						</line>
						<line number="56" hits="0" branch="false"/>
						<line number="58" hits="0" branch="false"/>
						<line number="59" hits="0" branch="false"/>
						<line number="61" hits="0" branch="true" condition-coverage="0% (0/2)">
							<conditions>
								<condition number="0" type="jump" coverage="0%"/>
							</conditions>
						</line>
						<line number="62" hits="0" branch="false"/>
						<line number="64" hits="0" branch="true" condition-coverage="0% (0/2)">
							<conditions>
								<condition number="0" type="jump" coverage="0%"/>
							</conditions>
						</line>
						<line number="65" hits="0" branch="true" condition-coverage="0% (0/4)">
							<conditions>
								<condition number="0" type="jump" coverage="0%"/>
								<condition number="1" type="jump" coverage="0%"/>
							</conditions>
						</line>
						<line number="67" hits="0" branch="false"/>
						<line number="68" hits="0" branch="false"/>
						<line number="71" hits="0" branch="false"/>
						<line number="75" hits="0" branch="false"/>
						<line number="76" hits="0" branch="false"/>
						<line number="77" hits="0" branch="false"/>
						<line number="78" hits="0" branch="true" condition-coverage="0% (0/2)">
							<conditions>
								<condition number="0" type="jump" coverage="0%"/>
							</conditions>
						</line>
						<line number="80" hits="0" branch="true" condition-coverage="0% (0/2)">
							<conditions>
								<condition number="0" type="jump" coverage="0%"/>
							</conditions>
						</line>
						<line number="82" hits="0" branch="true" condition-coverage="0% (0/2)">
							<conditions>
								<condition number="0" type="jump" coverage="0%"/>
							</conditions>
						</line>
						<line number="83" hits="0" branch="false"/>
						<line number="84" hits="0" branch="false"/>
						<line number="87" hits="0" branch="false"/>
						<line number="91" hits="0" branch="false"/>
						<line number="93" hits="0" branch="true" condition-coverage="0% (0/2)">
							<conditions>
								<condition number="0" type="jump" coverage="0%"/>
							</conditions>
						</line>
						<line number="94" hits="0" branch="false"/>
						<line number="96" hits="0" branch="false"/>
						<line number="97" hits="0" branch="false"/>
						<line number="99" hits="0" branch="false"/>
						<line number="101" hits="0" branch="true" condition-coverage="0% (0/2)">
							<conditions>
								<condition number="0" type="jump" coverage="0%"/>
							</conditions>
						</line>
						<line number="103" hits="0" branch="true" condition-coverage="0% (0/2)">
							<conditions>
								<condition number="0" type="jump" coverage="0%"/>
							</conditions>
						</line>
						<line number="104" hits="0" branch="false"/>
						<line number="105" hits="0" branch="false"/>
						<line number="108" hits="0" branch="false"/>
						<line number="113" hits="0" branch="false"/>
						<line number="115" hits="0" branch="false"/>
						<line number="116" hits="0" branch="false"/>
						<line number="118" hits="0" branch="false"/>
						<line number="122" hits="0" branch="false"/>
						<line number="123" hits="0" branch="false"/>
						<line number="125" hits="0" branch="true" condition-coverage="0% (0/2)">
							<conditions>
								<condition number="0" type="jump" coverage="0%"/>
							</conditions>
						</line>
						<line number="126" hits="0" branch="false"/>
						<line number="127" hits="0" branch="true" condition-coverage="0% (0/4)">
							<conditions>
								<condition number="0" type="jump" coverage="0%"/>
								<condition number="1" type="jump" coverage="0%"/>
							</conditions>
						</line>
						<line number="128" hits="0" branch="false"/>
						<line number="130" hits="0" branch="false"/>
						<line number="131" hits="0" branch="false"/>
						<line number="133" hits="0" branch="true" condition-coverage="0% (0/2)">
							<conditions>
								<condition number="0" type="jump" coverage="0%"/>
							</conditions>
						</line>
						<line number="135" hits="0" branch="true" condition-coverage="0% (0/2)">
							<conditions>
								<condition number="0" type="jump" coverage="0%"/>
							</conditions>
						</line>
						<line number="136" hits="0" branch="false"/>
						<line number="138" hits="0" branch="true" condition-coverage="0% (0/4)">
							<conditions>
								<condition number="0" type="jump" coverage="0%"/>
								<condition number="1" type="jump" coverage="0%"/>
							</conditions>
						</line>
						<line number="139" hits="0" branch="false"/>
						<line number="142" hits="0" branch="false"/>
						<line number="143" hits="0" branch="false"/>
						<line number="146" hits="0" branch="true" condition-coverage="0% (0/2)">
							<conditions>
								<condition number="0" type="jump" coverage="0%"/>
							</conditions>
						</line>
						<line number="147" hits="0" branch="false"/>
					</lines>
				</class>
			</classes>
		</package>
	</packages>
</coverage>
