<!DOCTYPE html PUBLIC "-//W3C//DTD XHTML 1.0 Transitional//EN" "http://www.w3.org/TR/xhtml1/DTD/xhtml1-transitional.dtd">
<!-- Generated by Apache Maven Doxia Site Renderer 1.6 at 2017-03-26 -->
<html xmlns="http://www.w3.org/1999/xhtml" xml:lang="en" lang="en">
  <head>
    <meta http-equiv="Content-Type" content="text/html; charset=UTF-8" />
    <title>Surefire Report</title>
    <style type="text/css" media="all">
      @import url("./css/maven-base.css");
      @import url("./css/maven-theme.css");
      @import url("./css/site.css");
    </style>
    <link rel="stylesheet" href="./css/print.css" type="text/css" media="print" />
    <meta name="Date-Revision-yyyymmdd" content="20170326" />
    <meta http-equiv="Content-Language" content="en" />
        
        </head>
  <body class="composite">
    <div id="banner">
                      <div class="clear">
        <hr/>
      </div>
    </div>
    <div id="breadcrumbs">
            
                    
                <div class="xleft">
        <span id="publishDate">Last Published: 2017-03-26</span>
                  &nbsp;| <span id="projectVersion">Version: 0.0.1-SNAPSHOT</span>
                      </div>
            <div class="xright">        
                    
      </div>
      <div class="clear">
        <hr/>
      </div>
    </div>
    <div id="leftColumn">
      <div id="navcolumn">
             
                    
                                      <a href="http://maven.apache.org/" title="Built by Maven" class="poweredBy">
        <img class="poweredBy" alt="Built by Maven" src="./images/logos/maven-feather.png" />
      </a>
                   
                    
            </div>
    </div>
    <div id="bodyColumn">
      <div id="contentBox">
        <script type="text/javascript">
//<![CDATA[
function toggleDisplay(elementId) {
 var elm = document.getElementById(elementId + 'error');
 if (elm && typeof elm.style != "undefined") {
 if (elm.style.display == "none") {
 elm.style.display = "";
 document.getElementById(elementId + 'off').style.display = "none";
 document.getElementById(elementId + 'on').style.display = "inline";
 } else if (elm.style.display == "") { elm.style.display = "none";
 document.getElementById(elementId + 'off').style.display = "inline";
 document.getElementById(elementId + 'on').style.display = "none";
 } 
 } 
 }
//]]>
</script>
<div class="section">
<h2><a name="Surefire_Report"></a>Surefire Report</h2></div>
<div class="section">
<h2><a name="Summary"></a>Summary</h2><a name="Summary"></a>
<p>[<a href="#Summary">Summary</a>] [<a href="#Package_List">Package List</a>] [<a href="#Test_Cases">Test Cases</a>]</p><br />
<table border="1" class="bodyTable">
<tr class="a">
<th>Tests</th>
<th>Errors </th>
<th>Failures</th>
<th>Skipped</th>
<th>Success Rate</th>
<th>Time</th></tr>
<tr class="b">
<td>53</td>
<td>0</td>
<td>26</td>
<td>2</td>
<td>47.17%</td>
<td>19.194</td></tr></table><br />
<p>Note: failures are anticipated and checked for with assertions while errors are unanticipated.</p><br /></div>
<div class="section">
<h2><a name="Package_List"></a>Package List</h2><a name="Package_List"></a>
<p>[<a href="#Summary">Summary</a>] [<a href="#Package_List">Package List</a>] [<a href="#Test_Cases">Test Cases</a>]</p><br />
<table border="1" class="bodyTable">
<tr class="a">
<th>Package</th>
<th>Tests</th>
<th>Errors </th>
<th>Failures</th>
<th>Skipped</th>
<th>Success Rate</th>
<th>Time</th></tr>
<tr class="b">
<td><a href="#backend.parser.mysqldb">backend.parser.mysqldb</a></td>
<td>9</td>
<td>0</td>
<td>0</td>
<td>0</td>
<td>100%</td>
<td>16.86</td></tr>
<tr class="a">
<td><a href="#queryengine.app">queryengine.app</a></td>
<td>10</td>
<td>0</td>
<td>0</td>
<td>0</td>
<td>100%</td>
<td>2.127</td></tr>
<tr class="b">
<td><a href="#appTest">appTest</a></td>
<td>30</td>
<td>0</td>
<td>26</td>
<td>0</td>
<td>13.333%</td>
<td>0.029</td></tr>
<tr class="a">
<td><a href="#backend.parser">backend.parser</a></td>
<td>4</td>
<td>0</td>
<td>0</td>
<td>2</td>
<td>50%</td>
<td>0.178</td></tr></table><br />
<p>Note: package statistics are not computed recursively, they only sum up all of its testsuites numbers.</p>
<div class="section">
<h3><a name="backend.parser.mysqldb"></a>backend.parser.mysqldb</h3><a name="backend.parser.mysqldb"></a>
<table border="1" class="bodyTable">
<tr class="a">
<th></th>
<th>Class</th>
<th>Tests</th>
<th>Errors </th>
<th>Failures</th>
<th>Skipped</th>
<th>Success Rate</th>
<th>Time</th></tr>
<tr class="b">
<td><a href="#backend.parser.mysqldbDatabaseTest"><img src="images/icon_success_sml.gif" alt="" /></a></td>
<td><a href="#backend.parser.mysqldbDatabaseTest">DatabaseTest</a></td>
<td>9</td>
<td>0</td>
<td>0</td>
<td>0</td>
<td>100%</td>
<td>16.86</td></tr></table></div>
<div class="section">
<h3><a name="queryengine.app"></a>queryengine.app</h3><a name="queryengine.app"></a>
<table border="1" class="bodyTable">
<tr class="a">
<th></th>
<th>Class</th>
<th>Tests</th>
<th>Errors </th>
<th>Failures</th>
<th>Skipped</th>
<th>Success Rate</th>
<th>Time</th></tr>
<tr class="b">
<td><a href="#queryengine.appLoginTest"><img src="images/icon_success_sml.gif" alt="" /></a></td>
<td><a href="#queryengine.appLoginTest">LoginTest</a></td>
<td>5</td>
<td>0</td>
<td>0</td>
<td>0</td>
<td>100%</td>
<td>0.619</td></tr>
<tr class="a">
<td><a href="#queryengine.appRegisterTest"><img src="images/icon_success_sml.gif" alt="" /></a></td>
<td><a href="#queryengine.appRegisterTest">RegisterTest</a></td>
<td>2</td>
<td>0</td>
<td>0</td>
<td>0</td>
<td>100%</td>
<td>0.199</td></tr>
<tr class="b">
<td><a href="#queryengine.appUpdateProfileTest"><img src="images/icon_success_sml.gif" alt="" /></a></td>
<td><a href="#queryengine.appUpdateProfileTest">UpdateProfileTest</a></td>
<td>3</td>
<td>0</td>
<td>0</td>
<td>0</td>
<td>100%</td>
<td>1.309</td></tr></table></div>
<div class="section">
<h3><a name="appTest"></a>appTest</h3><a name="appTest"></a>
<table border="1" class="bodyTable">
<tr class="a">
<th></th>
<th>Class</th>
<th>Tests</th>
<th>Errors </th>
<th>Failures</th>
<th>Skipped</th>
<th>Success Rate</th>
<th>Time</th></tr>
<tr class="b">
<td><a href="#appTestLoginTest"><img src="images/icon_warning_sml.gif" alt="" /></a></td>
<td><a href="#appTestLoginTest">LoginTest</a></td>
<td>6</td>
<td>0</td>
<td>2</td>
<td>0</td>
<td>66.667%</td>
<td>0.005</td></tr>
<tr class="a">
<td><a href="#appTestRegisterTest"><img src="images/icon_warning_sml.gif" alt="" /></a></td>
<td><a href="#appTestRegisterTest">RegisterTest</a></td>
<td>12</td>
<td>0</td>
<td>12</td>
<td>0</td>
<td>0%</td>
<td>0.014</td></tr>
<tr class="b">
<td><a href="#appTestUpdateProfileTest"><img src="images/icon_warning_sml.gif" alt="" /></a></td>
<td><a href="#appTestUpdateProfileTest">UpdateProfileTest</a></td>
<td>12</td>
<td>0</td>
<td>12</td>
<td>0</td>
<td>0%</td>
<td>0.01</td></tr></table></div>
<div class="section">
<h3><a name="backend.parser"></a>backend.parser</h3><a name="backend.parser"></a>
<table border="1" class="bodyTable">
<tr class="a">
<th></th>
<th>Class</th>
<th>Tests</th>
<th>Errors </th>
<th>Failures</th>
<th>Skipped</th>
<th>Success Rate</th>
<th>Time</th></tr>
<tr class="b">
<td><a href="#backend.parserParseFilesForFolderTest"><img src="images/icon_warning_sml.gif" alt="" /></a></td>
<td><a href="#backend.parserParseFilesForFolderTest">ParseFilesForFolderTest</a></td>
<td>2</td>
<td>0</td>
<td>0</td>
<td>1</td>
<td>50%</td>
<td>0</td></tr>
<tr class="a">
<td><a href="#backend.parserXmlParserTest"><img src="images/icon_warning_sml.gif" alt="" /></a></td>
<td><a href="#backend.parserXmlParserTest">XmlParserTest</a></td>
<td>2</td>
<td>0</td>
<td>0</td>
<td>1</td>
<td>50%</td>
<td>0.178</td></tr></table></div><br /></div>
<div class="section">
<h2><a name="Test_Cases"></a>Test Cases</h2><a name="Test_Cases"></a>
<p>[<a href="#Summary">Summary</a>] [<a href="#Package_List">Package List</a>] [<a href="#Test_Cases">Test Cases</a>]</p>
<div class="section">
<h3><a name="LoginTest"></a>LoginTest</h3><a name="appTestLoginTest"></a>
<table border="1" class="bodyTable">
<tr class="a">
<td><a href="#appTest.LoginTest.testLoginSuccess1"><img src="images/icon_error_sml.gif" alt="" /></a></td>
<td><a name="TC_appTest.LoginTest.testLoginSuccess1"></a><a href="#appTest.LoginTest.testLoginSuccess1">testLoginSuccess1</a>
<div class="detailToggle" style="display:inline"><a href="javascript:toggleDisplay(&apos;appTest.LoginTest.testLoginSuccess1&apos;);"><span style="display:inline;" id="appTest.LoginTest.testLoginSuccess1off"> + </span><span style="display:none;" id="appTest.LoginTest.testLoginSuccess1on"> - </span>[ Detail ]</a></div></td>
<td>0.004</td></tr>
<tr class="b">
<td></td>
<td>expected:&lt;queryengine.miscellaneous.ResponseMessage@48cf768c&gt; but was:&lt;queryengine.miscellaneous.ResponseMessage@59f95c5d&gt;</td>
<td></td></tr>
<tr class="a">
<td></td>
<td>
<div id="appTest.LoginTest.testLoginSuccess1error" style="display:none;">
<div>
<pre>java.lang.AssertionError: expected:&lt;queryengine.miscellaneous.ResponseMessage@48cf768c&gt; but was:&lt;queryengine.miscellaneous.ResponseMessage@59f95c5d&gt;
	at org.junit.Assert.fail(Assert.java:88)
	at org.junit.Assert.failNotEquals(Assert.java:743)
	at org.junit.Assert.assertEquals(Assert.java:118)
	at org.junit.Assert.assertEquals(Assert.java:144)
	at appTest.LoginTest.testLoginSuccess1(LoginTest.java:46)
	at sun.reflect.NativeMethodAccessorImpl.invoke0(Native Method)
	at sun.reflect.NativeMethodAccessorImpl.invoke(NativeMethodAccessorImpl.java:62)
	at sun.reflect.DelegatingMethodAccessorImpl.invoke(DelegatingMethodAccessorImpl.java:43)
	at java.lang.reflect.Method.invoke(Method.java:498)
	at org.junit.runners.model.FrameworkMethod$1.runReflectiveCall(FrameworkMethod.java:47)
	at org.junit.internal.runners.model.ReflectiveCallable.run(ReflectiveCallable.java:12)
	at org.junit.runners.model.FrameworkMethod.invokeExplosively(FrameworkMethod.java:44)
	at org.junit.internal.runners.statements.InvokeMethod.evaluate(InvokeMethod.java:17)
	at org.junit.runners.ParentRunner.runLeaf(ParentRunner.java:271)
	at org.junit.runners.BlockJUnit4ClassRunner.runChild(BlockJUnit4ClassRunner.java:70)
	at org.junit.runners.BlockJUnit4ClassRunner.runChild(BlockJUnit4ClassRunner.java:50)
	at org.junit.runners.ParentRunner$3.run(ParentRunner.java:238)
	at org.junit.runners.ParentRunner$1.schedule(ParentRunner.java:63)
	at org.junit.runners.ParentRunner.runChildren(ParentRunner.java:236)
	at org.junit.runners.ParentRunner.access$000(ParentRunner.java:53)
	at org.junit.runners.ParentRunner$2.evaluate(ParentRunner.java:229)
	at org.junit.runners.ParentRunner.run(ParentRunner.java:309)
	at org.apache.maven.surefire.junit4.JUnit4Provider.execute(JUnit4Provider.java:252)
	at org.apache.maven.surefire.junit4.JUnit4Provider.executeTestSet(JUnit4Provider.java:141)
	at org.apache.maven.surefire.junit4.JUnit4Provider.invoke(JUnit4Provider.java:112)
	at sun.reflect.NativeMethodAccessorImpl.invoke0(Native Method)
	at sun.reflect.NativeMethodAccessorImpl.invoke(NativeMethodAccessorImpl.java:62)
	at sun.reflect.DelegatingMethodAccessorImpl.invoke(DelegatingMethodAccessorImpl.java:43)
	at java.lang.reflect.Method.invoke(Method.java:498)
	at org.apache.maven.surefire.util.ReflectionUtils.invokeMethodWithArray(ReflectionUtils.java:189)
	at org.apache.maven.surefire.booter.ProviderFactory$ProviderProxy.invoke(ProviderFactory.java:165)
	at org.apache.maven.surefire.booter.ProviderFactory.invokeProvider(ProviderFactory.java:85)
	at org.apache.maven.surefire.booter.ForkedBooter.runSuitesInProcess(ForkedBooter.java:115)
	at org.apache.maven.surefire.booter.ForkedBooter.main(ForkedBooter.java:75)</pre></div></div></td>
<td></td></tr>
<tr class="b">
<td><a href="#appTest.LoginTest.testLoginSuccess2"><img src="images/icon_error_sml.gif" alt="" /></a></td>
<td><a name="TC_appTest.LoginTest.testLoginSuccess2"></a><a href="#appTest.LoginTest.testLoginSuccess2">testLoginSuccess2</a>
<div class="detailToggle" style="display:inline"><a href="javascript:toggleDisplay(&apos;appTest.LoginTest.testLoginSuccess2&apos;);"><span style="display:inline;" id="appTest.LoginTest.testLoginSuccess2off"> + </span><span style="display:none;" id="appTest.LoginTest.testLoginSuccess2on"> - </span>[ Detail ]</a></div></td>
<td>0.001</td></tr>
<tr class="a">
<td></td>
<td>expected:&lt;queryengine.miscellaneous.ResponseMessage@7c53a9eb&gt; but was:&lt;queryengine.miscellaneous.ResponseMessage@ed17bee&gt;</td>
<td></td></tr>
<tr class="b">
<td></td>
<td>
<div id="appTest.LoginTest.testLoginSuccess2error" style="display:none;">
<div>
<pre>java.lang.AssertionError: expected:&lt;queryengine.miscellaneous.ResponseMessage@7c53a9eb&gt; but was:&lt;queryengine.miscellaneous.ResponseMessage@ed17bee&gt;
	at org.junit.Assert.fail(Assert.java:88)
	at org.junit.Assert.failNotEquals(Assert.java:743)
	at org.junit.Assert.assertEquals(Assert.java:118)
	at org.junit.Assert.assertEquals(Assert.java:144)
	at appTest.LoginTest.testLoginSuccess2(LoginTest.java:53)
	at sun.reflect.NativeMethodAccessorImpl.invoke0(Native Method)
	at sun.reflect.NativeMethodAccessorImpl.invoke(NativeMethodAccessorImpl.java:62)
	at sun.reflect.DelegatingMethodAccessorImpl.invoke(DelegatingMethodAccessorImpl.java:43)
	at java.lang.reflect.Method.invoke(Method.java:498)
	at org.junit.runners.model.FrameworkMethod$1.runReflectiveCall(FrameworkMethod.java:47)
	at org.junit.internal.runners.model.ReflectiveCallable.run(ReflectiveCallable.java:12)
	at org.junit.runners.model.FrameworkMethod.invokeExplosively(FrameworkMethod.java:44)
	at org.junit.internal.runners.statements.InvokeMethod.evaluate(InvokeMethod.java:17)
	at org.junit.runners.ParentRunner.runLeaf(ParentRunner.java:271)
	at org.junit.runners.BlockJUnit4ClassRunner.runChild(BlockJUnit4ClassRunner.java:70)
	at org.junit.runners.BlockJUnit4ClassRunner.runChild(BlockJUnit4ClassRunner.java:50)
	at org.junit.runners.ParentRunner$3.run(ParentRunner.java:238)
	at org.junit.runners.ParentRunner$1.schedule(ParentRunner.java:63)
	at org.junit.runners.ParentRunner.runChildren(ParentRunner.java:236)
	at org.junit.runners.ParentRunner.access$000(ParentRunner.java:53)
	at org.junit.runners.ParentRunner$2.evaluate(ParentRunner.java:229)
	at org.junit.runners.ParentRunner.run(ParentRunner.java:309)
	at org.apache.maven.surefire.junit4.JUnit4Provider.execute(JUnit4Provider.java:252)
	at org.apache.maven.surefire.junit4.JUnit4Provider.executeTestSet(JUnit4Provider.java:141)
	at org.apache.maven.surefire.junit4.JUnit4Provider.invoke(JUnit4Provider.java:112)
	at sun.reflect.NativeMethodAccessorImpl.invoke0(Native Method)
	at sun.reflect.NativeMethodAccessorImpl.invoke(NativeMethodAccessorImpl.java:62)
	at sun.reflect.DelegatingMethodAccessorImpl.invoke(DelegatingMethodAccessorImpl.java:43)
	at java.lang.reflect.Method.invoke(Method.java:498)
	at org.apache.maven.surefire.util.ReflectionUtils.invokeMethodWithArray(ReflectionUtils.java:189)
	at org.apache.maven.surefire.booter.ProviderFactory$ProviderProxy.invoke(ProviderFactory.java:165)
	at org.apache.maven.surefire.booter.ProviderFactory.invokeProvider(ProviderFactory.java:85)
	at org.apache.maven.surefire.booter.ForkedBooter.runSuitesInProcess(ForkedBooter.java:115)
	at org.apache.maven.surefire.booter.ForkedBooter.main(ForkedBooter.java:75)</pre></div></div></td>
<td></td></tr>
<tr class="a">
<td><img src="images/icon_success_sml.gif" alt="" /></td>
<td><a name="TC_appTest.LoginTest.testLoginFailure1"></a>testLoginFailure1</td>
<td>0</td></tr>
<tr class="b">
<td><img src="images/icon_success_sml.gif" alt="" /></td>
<td><a name="TC_appTest.LoginTest.testLoginFailure2"></a>testLoginFailure2</td>
<td>0</td></tr>
<tr class="a">
<td><img src="images/icon_success_sml.gif" alt="" /></td>
<td><a name="TC_appTest.LoginTest.testLoginFailure3"></a>testLoginFailure3</td>
<td>0</td></tr>
<tr class="b">
<td><img src="images/icon_success_sml.gif" alt="" /></td>
<td><a name="TC_appTest.LoginTest.testLoginFailure4"></a>testLoginFailure4</td>
<td>0</td></tr></table></div>
<div class="section">
<h3><a name="RegisterTest"></a>RegisterTest</h3><a name="appTestRegisterTest"></a>
<table border="1" class="bodyTable">
<tr class="a">
<td><a href="#appTest.RegisterTest.RegisterFailureNonDigitPhoneNumber"><img src="images/icon_error_sml.gif" alt="" /></a></td>
<td><a name="TC_appTest.RegisterTest.RegisterFailureNonDigitPhoneNumber"></a><a href="#appTest.RegisterTest.RegisterFailureNonDigitPhoneNumber">RegisterFailureNonDigitPhoneNumber</a>
<div class="detailToggle" style="display:inline"><a href="javascript:toggleDisplay(&apos;appTest.RegisterTest.RegisterFailureNonDigitPhoneNumber&apos;);"><span style="display:inline;" id="appTest.RegisterTest.RegisterFailureNonDigitPhoneNumberoff"> + </span><span style="display:none;" id="appTest.RegisterTest.RegisterFailureNonDigitPhoneNumberon"> - </span>[ Detail ]</a></div></td>
<td>0.002</td></tr>
<tr class="b">
<td></td>
<td>expected:&lt;null&gt; but was:&lt;queryengine.miscellaneous.ResponseMessage@21588809&gt;</td>
<td></td></tr>
<tr class="a">
<td></td>
<td>
<div id="appTest.RegisterTest.RegisterFailureNonDigitPhoneNumbererror" style="display:none;">
<div>
<pre>java.lang.AssertionError: expected:&lt;null&gt; but was:&lt;queryengine.miscellaneous.ResponseMessage@21588809&gt;
	at org.junit.Assert.fail(Assert.java:88)
	at org.junit.Assert.failNotEquals(Assert.java:743)
	at org.junit.Assert.assertEquals(Assert.java:118)
	at org.junit.Assert.assertEquals(Assert.java:144)
	at appTest.RegisterTest.RegisterFailureNonDigitPhoneNumber(RegisterTest.java:65)
	at sun.reflect.NativeMethodAccessorImpl.invoke0(Native Method)
	at sun.reflect.NativeMethodAccessorImpl.invoke(NativeMethodAccessorImpl.java:62)
	at sun.reflect.DelegatingMethodAccessorImpl.invoke(DelegatingMethodAccessorImpl.java:43)
	at java.lang.reflect.Method.invoke(Method.java:498)
	at org.junit.runners.model.FrameworkMethod$1.runReflectiveCall(FrameworkMethod.java:47)
	at org.junit.internal.runners.model.ReflectiveCallable.run(ReflectiveCallable.java:12)
	at org.junit.runners.model.FrameworkMethod.invokeExplosively(FrameworkMethod.java:44)
	at org.junit.internal.runners.statements.InvokeMethod.evaluate(InvokeMethod.java:17)
	at org.junit.runners.ParentRunner.runLeaf(ParentRunner.java:271)
	at org.junit.runners.BlockJUnit4ClassRunner.runChild(BlockJUnit4ClassRunner.java:70)
	at org.junit.runners.BlockJUnit4ClassRunner.runChild(BlockJUnit4ClassRunner.java:50)
	at org.junit.runners.ParentRunner$3.run(ParentRunner.java:238)
	at org.junit.runners.ParentRunner$1.schedule(ParentRunner.java:63)
	at org.junit.runners.ParentRunner.runChildren(ParentRunner.java:236)
	at org.junit.runners.ParentRunner.access$000(ParentRunner.java:53)
	at org.junit.runners.ParentRunner$2.evaluate(ParentRunner.java:229)
	at org.junit.runners.ParentRunner.run(ParentRunner.java:309)
	at org.apache.maven.surefire.junit4.JUnit4Provider.execute(JUnit4Provider.java:252)
	at org.apache.maven.surefire.junit4.JUnit4Provider.executeTestSet(JUnit4Provider.java:141)
	at org.apache.maven.surefire.junit4.JUnit4Provider.invoke(JUnit4Provider.java:112)
	at sun.reflect.NativeMethodAccessorImpl.invoke0(Native Method)
	at sun.reflect.NativeMethodAccessorImpl.invoke(NativeMethodAccessorImpl.java:62)
	at sun.reflect.DelegatingMethodAccessorImpl.invoke(DelegatingMethodAccessorImpl.java:43)
	at java.lang.reflect.Method.invoke(Method.java:498)
	at org.apache.maven.surefire.util.ReflectionUtils.invokeMethodWithArray(ReflectionUtils.java:189)
	at org.apache.maven.surefire.booter.ProviderFactory$ProviderProxy.invoke(ProviderFactory.java:165)
	at org.apache.maven.surefire.booter.ProviderFactory.invokeProvider(ProviderFactory.java:85)
	at org.apache.maven.surefire.booter.ForkedBooter.runSuitesInProcess(ForkedBooter.java:115)
	at org.apache.maven.surefire.booter.ForkedBooter.main(ForkedBooter.java:75)</pre></div></div></td>
<td></td></tr>
<tr class="b">
<td><a href="#appTest.RegisterTest.RegisterFailureSpaceInUsername"><img src="images/icon_error_sml.gif" alt="" /></a></td>
<td><a name="TC_appTest.RegisterTest.RegisterFailureSpaceInUsername"></a><a href="#appTest.RegisterTest.RegisterFailureSpaceInUsername">RegisterFailureSpaceInUsername</a>
<div class="detailToggle" style="display:inline"><a href="javascript:toggleDisplay(&apos;appTest.RegisterTest.RegisterFailureSpaceInUsername&apos;);"><span style="display:inline;" id="appTest.RegisterTest.RegisterFailureSpaceInUsernameoff"> + </span><span style="display:none;" id="appTest.RegisterTest.RegisterFailureSpaceInUsernameon"> - </span>[ Detail ]</a></div></td>
<td>0.001</td></tr>
<tr class="a">
<td></td>
<td>expected:&lt;null&gt; but was:&lt;queryengine.miscellaneous.ResponseMessage@2f333739&gt;</td>
<td></td></tr>
<tr class="b">
<td></td>
<td>
<div id="appTest.RegisterTest.RegisterFailureSpaceInUsernameerror" style="display:none;">
<div>
<pre>java.lang.AssertionError: expected:&lt;null&gt; but was:&lt;queryengine.miscellaneous.ResponseMessage@2f333739&gt;
	at org.junit.Assert.fail(Assert.java:88)
	at org.junit.Assert.failNotEquals(Assert.java:743)
	at org.junit.Assert.assertEquals(Assert.java:118)
	at org.junit.Assert.assertEquals(Assert.java:144)
	at appTest.RegisterTest.RegisterFailureSpaceInUsername(RegisterTest.java:42)
	at sun.reflect.NativeMethodAccessorImpl.invoke0(Native Method)
	at sun.reflect.NativeMethodAccessorImpl.invoke(NativeMethodAccessorImpl.java:62)
	at sun.reflect.DelegatingMethodAccessorImpl.invoke(DelegatingMethodAccessorImpl.java:43)
	at java.lang.reflect.Method.invoke(Method.java:498)
	at org.junit.runners.model.FrameworkMethod$1.runReflectiveCall(FrameworkMethod.java:47)
	at org.junit.internal.runners.model.ReflectiveCallable.run(ReflectiveCallable.java:12)
	at org.junit.runners.model.FrameworkMethod.invokeExplosively(FrameworkMethod.java:44)
	at org.junit.internal.runners.statements.InvokeMethod.evaluate(InvokeMethod.java:17)
	at org.junit.runners.ParentRunner.runLeaf(ParentRunner.java:271)
	at org.junit.runners.BlockJUnit4ClassRunner.runChild(BlockJUnit4ClassRunner.java:70)
	at org.junit.runners.BlockJUnit4ClassRunner.runChild(BlockJUnit4ClassRunner.java:50)
	at org.junit.runners.ParentRunner$3.run(ParentRunner.java:238)
	at org.junit.runners.ParentRunner$1.schedule(ParentRunner.java:63)
	at org.junit.runners.ParentRunner.runChildren(ParentRunner.java:236)
	at org.junit.runners.ParentRunner.access$000(ParentRunner.java:53)
	at org.junit.runners.ParentRunner$2.evaluate(ParentRunner.java:229)
	at org.junit.runners.ParentRunner.run(ParentRunner.java:309)
	at org.apache.maven.surefire.junit4.JUnit4Provider.execute(JUnit4Provider.java:252)
	at org.apache.maven.surefire.junit4.JUnit4Provider.executeTestSet(JUnit4Provider.java:141)
	at org.apache.maven.surefire.junit4.JUnit4Provider.invoke(JUnit4Provider.java:112)
	at sun.reflect.NativeMethodAccessorImpl.invoke0(Native Method)
	at sun.reflect.NativeMethodAccessorImpl.invoke(NativeMethodAccessorImpl.java:62)
	at sun.reflect.DelegatingMethodAccessorImpl.invoke(DelegatingMethodAccessorImpl.java:43)
	at java.lang.reflect.Method.invoke(Method.java:498)
	at org.apache.maven.surefire.util.ReflectionUtils.invokeMethodWithArray(ReflectionUtils.java:189)
	at org.apache.maven.surefire.booter.ProviderFactory$ProviderProxy.invoke(ProviderFactory.java:165)
	at org.apache.maven.surefire.booter.ProviderFactory.invokeProvider(ProviderFactory.java:85)
	at org.apache.maven.surefire.booter.ForkedBooter.runSuitesInProcess(ForkedBooter.java:115)
	at org.apache.maven.surefire.booter.ForkedBooter.main(ForkedBooter.java:75)</pre></div></div></td>
<td></td></tr>
<tr class="a">
<td><a href="#appTest.RegisterTest.RegisterFailureExistingUsername"><img src="images/icon_error_sml.gif" alt="" /></a></td>
<td><a name="TC_appTest.RegisterTest.RegisterFailureExistingUsername"></a><a href="#appTest.RegisterTest.RegisterFailureExistingUsername">RegisterFailureExistingUsername</a>
<div class="detailToggle" style="display:inline"><a href="javascript:toggleDisplay(&apos;appTest.RegisterTest.RegisterFailureExistingUsername&apos;);"><span style="display:inline;" id="appTest.RegisterTest.RegisterFailureExistingUsernameoff"> + </span><span style="display:none;" id="appTest.RegisterTest.RegisterFailureExistingUsernameon"> - </span>[ Detail ]</a></div></td>
<td>0.002</td></tr>
<tr class="b">
<td></td>
<td>expected:&lt;null&gt; but was:&lt;queryengine.miscellaneous.ResponseMessage@12bb4df8&gt;</td>
<td></td></tr>
<tr class="a">
<td></td>
<td>
<div id="appTest.RegisterTest.RegisterFailureExistingUsernameerror" style="display:none;">
<div>
<pre>java.lang.AssertionError: expected:&lt;null&gt; but was:&lt;queryengine.miscellaneous.ResponseMessage@12bb4df8&gt;
	at org.junit.Assert.fail(Assert.java:88)
	at org.junit.Assert.failNotEquals(Assert.java:743)
	at org.junit.Assert.assertEquals(Assert.java:118)
	at org.junit.Assert.assertEquals(Assert.java:144)
	at appTest.RegisterTest.RegisterFailureExistingUsername(RegisterTest.java:50)
	at sun.reflect.NativeMethodAccessorImpl.invoke0(Native Method)
	at sun.reflect.NativeMethodAccessorImpl.invoke(NativeMethodAccessorImpl.java:62)
	at sun.reflect.DelegatingMethodAccessorImpl.invoke(DelegatingMethodAccessorImpl.java:43)
	at java.lang.reflect.Method.invoke(Method.java:498)
	at org.junit.runners.model.FrameworkMethod$1.runReflectiveCall(FrameworkMethod.java:47)
	at org.junit.internal.runners.model.ReflectiveCallable.run(ReflectiveCallable.java:12)
	at org.junit.runners.model.FrameworkMethod.invokeExplosively(FrameworkMethod.java:44)
	at org.junit.internal.runners.statements.InvokeMethod.evaluate(InvokeMethod.java:17)
	at org.junit.runners.ParentRunner.runLeaf(ParentRunner.java:271)
	at org.junit.runners.BlockJUnit4ClassRunner.runChild(BlockJUnit4ClassRunner.java:70)
	at org.junit.runners.BlockJUnit4ClassRunner.runChild(BlockJUnit4ClassRunner.java:50)
	at org.junit.runners.ParentRunner$3.run(ParentRunner.java:238)
	at org.junit.runners.ParentRunner$1.schedule(ParentRunner.java:63)
	at org.junit.runners.ParentRunner.runChildren(ParentRunner.java:236)
	at org.junit.runners.ParentRunner.access$000(ParentRunner.java:53)
	at org.junit.runners.ParentRunner$2.evaluate(ParentRunner.java:229)
	at org.junit.runners.ParentRunner.run(ParentRunner.java:309)
	at org.apache.maven.surefire.junit4.JUnit4Provider.execute(JUnit4Provider.java:252)
	at org.apache.maven.surefire.junit4.JUnit4Provider.executeTestSet(JUnit4Provider.java:141)
	at org.apache.maven.surefire.junit4.JUnit4Provider.invoke(JUnit4Provider.java:112)
	at sun.reflect.NativeMethodAccessorImpl.invoke0(Native Method)
	at sun.reflect.NativeMethodAccessorImpl.invoke(NativeMethodAccessorImpl.java:62)
	at sun.reflect.DelegatingMethodAccessorImpl.invoke(DelegatingMethodAccessorImpl.java:43)
	at java.lang.reflect.Method.invoke(Method.java:498)
	at org.apache.maven.surefire.util.ReflectionUtils.invokeMethodWithArray(ReflectionUtils.java:189)
	at org.apache.maven.surefire.booter.ProviderFactory$ProviderProxy.invoke(ProviderFactory.java:165)
	at org.apache.maven.surefire.booter.ProviderFactory.invokeProvider(ProviderFactory.java:85)
	at org.apache.maven.surefire.booter.ForkedBooter.runSuitesInProcess(ForkedBooter.java:115)
	at org.apache.maven.surefire.booter.ForkedBooter.main(ForkedBooter.java:75)</pre></div></div></td>
<td></td></tr>
<tr class="b">
<td><a href="#appTest.RegisterTest.RegisterFailureSplCharecterUsername"><img src="images/icon_error_sml.gif" alt="" /></a></td>
<td><a name="TC_appTest.RegisterTest.RegisterFailureSplCharecterUsername"></a><a href="#appTest.RegisterTest.RegisterFailureSplCharecterUsername">RegisterFailureSplCharecterUsername</a>
<div class="detailToggle" style="display:inline"><a href="javascript:toggleDisplay(&apos;appTest.RegisterTest.RegisterFailureSplCharecterUsername&apos;);"><span style="display:inline;" id="appTest.RegisterTest.RegisterFailureSplCharecterUsernameoff"> + </span><span style="display:none;" id="appTest.RegisterTest.RegisterFailureSplCharecterUsernameon"> - </span>[ Detail ]</a></div></td>
<td>0</td></tr>
<tr class="a">
<td></td>
<td>expected:&lt;null&gt; but was:&lt;queryengine.miscellaneous.ResponseMessage@7a7b0070&gt;</td>
<td></td></tr>
<tr class="b">
<td></td>
<td>
<div id="appTest.RegisterTest.RegisterFailureSplCharecterUsernameerror" style="display:none;">
<div>
<pre>java.lang.AssertionError: expected:&lt;null&gt; but was:&lt;queryengine.miscellaneous.ResponseMessage@7a7b0070&gt;
	at org.junit.Assert.fail(Assert.java:88)
	at org.junit.Assert.failNotEquals(Assert.java:743)
	at org.junit.Assert.assertEquals(Assert.java:118)
	at org.junit.Assert.assertEquals(Assert.java:144)
	at appTest.RegisterTest.RegisterFailureSplCharecterUsername(RegisterTest.java:34)
	at sun.reflect.NativeMethodAccessorImpl.invoke0(Native Method)
	at sun.reflect.NativeMethodAccessorImpl.invoke(NativeMethodAccessorImpl.java:62)
	at sun.reflect.DelegatingMethodAccessorImpl.invoke(DelegatingMethodAccessorImpl.java:43)
	at java.lang.reflect.Method.invoke(Method.java:498)
	at org.junit.runners.model.FrameworkMethod$1.runReflectiveCall(FrameworkMethod.java:47)
	at org.junit.internal.runners.model.ReflectiveCallable.run(ReflectiveCallable.java:12)
	at org.junit.runners.model.FrameworkMethod.invokeExplosively(FrameworkMethod.java:44)
	at org.junit.internal.runners.statements.InvokeMethod.evaluate(InvokeMethod.java:17)
	at org.junit.runners.ParentRunner.runLeaf(ParentRunner.java:271)
	at org.junit.runners.BlockJUnit4ClassRunner.runChild(BlockJUnit4ClassRunner.java:70)
	at org.junit.runners.BlockJUnit4ClassRunner.runChild(BlockJUnit4ClassRunner.java:50)
	at org.junit.runners.ParentRunner$3.run(ParentRunner.java:238)
	at org.junit.runners.ParentRunner$1.schedule(ParentRunner.java:63)
	at org.junit.runners.ParentRunner.runChildren(ParentRunner.java:236)
	at org.junit.runners.ParentRunner.access$000(ParentRunner.java:53)
	at org.junit.runners.ParentRunner$2.evaluate(ParentRunner.java:229)
	at org.junit.runners.ParentRunner.run(ParentRunner.java:309)
	at org.apache.maven.surefire.junit4.JUnit4Provider.execute(JUnit4Provider.java:252)
	at org.apache.maven.surefire.junit4.JUnit4Provider.executeTestSet(JUnit4Provider.java:141)
	at org.apache.maven.surefire.junit4.JUnit4Provider.invoke(JUnit4Provider.java:112)
	at sun.reflect.NativeMethodAccessorImpl.invoke0(Native Method)
	at sun.reflect.NativeMethodAccessorImpl.invoke(NativeMethodAccessorImpl.java:62)
	at sun.reflect.DelegatingMethodAccessorImpl.invoke(DelegatingMethodAccessorImpl.java:43)
	at java.lang.reflect.Method.invoke(Method.java:498)
	at org.apache.maven.surefire.util.ReflectionUtils.invokeMethodWithArray(ReflectionUtils.java:189)
	at org.apache.maven.surefire.booter.ProviderFactory$ProviderProxy.invoke(ProviderFactory.java:165)
	at org.apache.maven.surefire.booter.ProviderFactory.invokeProvider(ProviderFactory.java:85)
	at org.apache.maven.surefire.booter.ForkedBooter.runSuitesInProcess(ForkedBooter.java:115)
	at org.apache.maven.surefire.booter.ForkedBooter.main(ForkedBooter.java:75)</pre></div></div></td>
<td></td></tr>
<tr class="a">
<td><a href="#appTest.RegisterTest.RegisterSuccessNoSplCharacterPassword"><img src="images/icon_error_sml.gif" alt="" /></a></td>
<td><a name="TC_appTest.RegisterTest.RegisterSuccessNoSplCharacterPassword"></a><a href="#appTest.RegisterTest.RegisterSuccessNoSplCharacterPassword">RegisterSuccessNoSplCharacterPassword</a>
<div class="detailToggle" style="display:inline"><a href="javascript:toggleDisplay(&apos;appTest.RegisterTest.RegisterSuccessNoSplCharacterPassword&apos;);"><span style="display:inline;" id="appTest.RegisterTest.RegisterSuccessNoSplCharacterPasswordoff"> + </span><span style="display:none;" id="appTest.RegisterTest.RegisterSuccessNoSplCharacterPasswordon"> - </span>[ Detail ]</a></div></td>
<td>0.004</td></tr>
<tr class="b">
<td></td>
<td>expected:&lt;null&gt; but was:&lt;queryengine.miscellaneous.ResponseMessage@71bc1ae4&gt;</td>
<td></td></tr>
<tr class="a">
<td></td>
<td>
<div id="appTest.RegisterTest.RegisterSuccessNoSplCharacterPassworderror" style="display:none;">
<div>
<pre>java.lang.AssertionError: expected:&lt;null&gt; but was:&lt;queryengine.miscellaneous.ResponseMessage@71bc1ae4&gt;
	at org.junit.Assert.fail(Assert.java:88)
	at org.junit.Assert.failNotEquals(Assert.java:743)
	at org.junit.Assert.assertEquals(Assert.java:118)
	at org.junit.Assert.assertEquals(Assert.java:144)
	at appTest.RegisterTest.RegisterSuccessNoSplCharacterPassword(RegisterTest.java:18)
	at sun.reflect.NativeMethodAccessorImpl.invoke0(Native Method)
	at sun.reflect.NativeMethodAccessorImpl.invoke(NativeMethodAccessorImpl.java:62)
	at sun.reflect.DelegatingMethodAccessorImpl.invoke(DelegatingMethodAccessorImpl.java:43)
	at java.lang.reflect.Method.invoke(Method.java:498)
	at org.junit.runners.model.FrameworkMethod$1.runReflectiveCall(FrameworkMethod.java:47)
	at org.junit.internal.runners.model.ReflectiveCallable.run(ReflectiveCallable.java:12)
	at org.junit.runners.model.FrameworkMethod.invokeExplosively(FrameworkMethod.java:44)
	at org.junit.internal.runners.statements.InvokeMethod.evaluate(InvokeMethod.java:17)
	at org.junit.runners.ParentRunner.runLeaf(ParentRunner.java:271)
	at org.junit.runners.BlockJUnit4ClassRunner.runChild(BlockJUnit4ClassRunner.java:70)
	at org.junit.runners.BlockJUnit4ClassRunner.runChild(BlockJUnit4ClassRunner.java:50)
	at org.junit.runners.ParentRunner$3.run(ParentRunner.java:238)
	at org.junit.runners.ParentRunner$1.schedule(ParentRunner.java:63)
	at org.junit.runners.ParentRunner.runChildren(ParentRunner.java:236)
	at org.junit.runners.ParentRunner.access$000(ParentRunner.java:53)
	at org.junit.runners.ParentRunner$2.evaluate(ParentRunner.java:229)
	at org.junit.runners.ParentRunner.run(ParentRunner.java:309)
	at org.apache.maven.surefire.junit4.JUnit4Provider.execute(JUnit4Provider.java:252)
	at org.apache.maven.surefire.junit4.JUnit4Provider.executeTestSet(JUnit4Provider.java:141)
	at org.apache.maven.surefire.junit4.JUnit4Provider.invoke(JUnit4Provider.java:112)
	at sun.reflect.NativeMethodAccessorImpl.invoke0(Native Method)
	at sun.reflect.NativeMethodAccessorImpl.invoke(NativeMethodAccessorImpl.java:62)
	at sun.reflect.DelegatingMethodAccessorImpl.invoke(DelegatingMethodAccessorImpl.java:43)
	at java.lang.reflect.Method.invoke(Method.java:498)
	at org.apache.maven.surefire.util.ReflectionUtils.invokeMethodWithArray(ReflectionUtils.java:189)
	at org.apache.maven.surefire.booter.ProviderFactory$ProviderProxy.invoke(ProviderFactory.java:165)
	at org.apache.maven.surefire.booter.ProviderFactory.invokeProvider(ProviderFactory.java:85)
	at org.apache.maven.surefire.booter.ForkedBooter.runSuitesInProcess(ForkedBooter.java:115)
	at org.apache.maven.surefire.booter.ForkedBooter.main(ForkedBooter.java:75)</pre></div></div></td>
<td></td></tr>
<tr class="b">
<td><a href="#appTest.RegisterTest.RegisterFailureLessDigitsPhoneNumber"><img src="images/icon_error_sml.gif" alt="" /></a></td>
<td><a name="TC_appTest.RegisterTest.RegisterFailureLessDigitsPhoneNumber"></a><a href="#appTest.RegisterTest.RegisterFailureLessDigitsPhoneNumber">RegisterFailureLessDigitsPhoneNumber</a>
<div class="detailToggle" style="display:inline"><a href="javascript:toggleDisplay(&apos;appTest.RegisterTest.RegisterFailureLessDigitsPhoneNumber&apos;);"><span style="display:inline;" id="appTest.RegisterTest.RegisterFailureLessDigitsPhoneNumberoff"> + </span><span style="display:none;" id="appTest.RegisterTest.RegisterFailureLessDigitsPhoneNumberon"> - </span>[ Detail ]</a></div></td>
<td>0</td></tr>
<tr class="a">
<td></td>
<td>expected:&lt;null&gt; but was:&lt;queryengine.miscellaneous.ResponseMessage@2437c6dc&gt;</td>
<td></td></tr>
<tr class="b">
<td></td>
<td>
<div id="appTest.RegisterTest.RegisterFailureLessDigitsPhoneNumbererror" style="display:none;">
<div>
<pre>java.lang.AssertionError: expected:&lt;null&gt; but was:&lt;queryengine.miscellaneous.ResponseMessage@2437c6dc&gt;
	at org.junit.Assert.fail(Assert.java:88)
	at org.junit.Assert.failNotEquals(Assert.java:743)
	at org.junit.Assert.assertEquals(Assert.java:118)
	at org.junit.Assert.assertEquals(Assert.java:144)
	at appTest.RegisterTest.RegisterFailureLessDigitsPhoneNumber(RegisterTest.java:97)
	at sun.reflect.NativeMethodAccessorImpl.invoke0(Native Method)
	at sun.reflect.NativeMethodAccessorImpl.invoke(NativeMethodAccessorImpl.java:62)
	at sun.reflect.DelegatingMethodAccessorImpl.invoke(DelegatingMethodAccessorImpl.java:43)
	at java.lang.reflect.Method.invoke(Method.java:498)
	at org.junit.runners.model.FrameworkMethod$1.runReflectiveCall(FrameworkMethod.java:47)
	at org.junit.internal.runners.model.ReflectiveCallable.run(ReflectiveCallable.java:12)
	at org.junit.runners.model.FrameworkMethod.invokeExplosively(FrameworkMethod.java:44)
	at org.junit.internal.runners.statements.InvokeMethod.evaluate(InvokeMethod.java:17)
	at org.junit.runners.ParentRunner.runLeaf(ParentRunner.java:271)
	at org.junit.runners.BlockJUnit4ClassRunner.runChild(BlockJUnit4ClassRunner.java:70)
	at org.junit.runners.BlockJUnit4ClassRunner.runChild(BlockJUnit4ClassRunner.java:50)
	at org.junit.runners.ParentRunner$3.run(ParentRunner.java:238)
	at org.junit.runners.ParentRunner$1.schedule(ParentRunner.java:63)
	at org.junit.runners.ParentRunner.runChildren(ParentRunner.java:236)
	at org.junit.runners.ParentRunner.access$000(ParentRunner.java:53)
	at org.junit.runners.ParentRunner$2.evaluate(ParentRunner.java:229)
	at org.junit.runners.ParentRunner.run(ParentRunner.java:309)
	at org.apache.maven.surefire.junit4.JUnit4Provider.execute(JUnit4Provider.java:252)
	at org.apache.maven.surefire.junit4.JUnit4Provider.executeTestSet(JUnit4Provider.java:141)
	at org.apache.maven.surefire.junit4.JUnit4Provider.invoke(JUnit4Provider.java:112)
	at sun.reflect.NativeMethodAccessorImpl.invoke0(Native Method)
	at sun.reflect.NativeMethodAccessorImpl.invoke(NativeMethodAccessorImpl.java:62)
	at sun.reflect.DelegatingMethodAccessorImpl.invoke(DelegatingMethodAccessorImpl.java:43)
	at java.lang.reflect.Method.invoke(Method.java:498)
	at org.apache.maven.surefire.util.ReflectionUtils.invokeMethodWithArray(ReflectionUtils.java:189)
	at org.apache.maven.surefire.booter.ProviderFactory$ProviderProxy.invoke(ProviderFactory.java:165)
	at org.apache.maven.surefire.booter.ProviderFactory.invokeProvider(ProviderFactory.java:85)
	at org.apache.maven.surefire.booter.ForkedBooter.runSuitesInProcess(ForkedBooter.java:115)
	at org.apache.maven.surefire.booter.ForkedBooter.main(ForkedBooter.java:75)</pre></div></div></td>
<td></td></tr>
<tr class="a">
<td><a href="#appTest.RegisterTest.RegisterSuccessSplCharacterPassword"><img src="images/icon_error_sml.gif" alt="" /></a></td>
<td><a name="TC_appTest.RegisterTest.RegisterSuccessSplCharacterPassword"></a><a href="#appTest.RegisterTest.RegisterSuccessSplCharacterPassword">RegisterSuccessSplCharacterPassword</a>
<div class="detailToggle" style="display:inline"><a href="javascript:toggleDisplay(&apos;appTest.RegisterTest.RegisterSuccessSplCharacterPassword&apos;);"><span style="display:inline;" id="appTest.RegisterTest.RegisterSuccessSplCharacterPasswordoff"> + </span><span style="display:none;" id="appTest.RegisterTest.RegisterSuccessSplCharacterPasswordon"> - </span>[ Detail ]</a></div></td>
<td>0.001</td></tr>
<tr class="b">
<td></td>
<td>expected:&lt;null&gt; but was:&lt;queryengine.miscellaneous.ResponseMessage@e73f9ac&gt;</td>
<td></td></tr>
<tr class="a">
<td></td>
<td>
<div id="appTest.RegisterTest.RegisterSuccessSplCharacterPassworderror" style="display:none;">
<div>
<pre>java.lang.AssertionError: expected:&lt;null&gt; but was:&lt;queryengine.miscellaneous.ResponseMessage@e73f9ac&gt;
	at org.junit.Assert.fail(Assert.java:88)
	at org.junit.Assert.failNotEquals(Assert.java:743)
	at org.junit.Assert.assertEquals(Assert.java:118)
	at org.junit.Assert.assertEquals(Assert.java:144)
	at appTest.RegisterTest.RegisterSuccessSplCharacterPassword(RegisterTest.java:26)
	at sun.reflect.NativeMethodAccessorImpl.invoke0(Native Method)
	at sun.reflect.NativeMethodAccessorImpl.invoke(NativeMethodAccessorImpl.java:62)
	at sun.reflect.DelegatingMethodAccessorImpl.invoke(DelegatingMethodAccessorImpl.java:43)
	at java.lang.reflect.Method.invoke(Method.java:498)
	at org.junit.runners.model.FrameworkMethod$1.runReflectiveCall(FrameworkMethod.java:47)
	at org.junit.internal.runners.model.ReflectiveCallable.run(ReflectiveCallable.java:12)
	at org.junit.runners.model.FrameworkMethod.invokeExplosively(FrameworkMethod.java:44)
	at org.junit.internal.runners.statements.InvokeMethod.evaluate(InvokeMethod.java:17)
	at org.junit.runners.ParentRunner.runLeaf(ParentRunner.java:271)
	at org.junit.runners.BlockJUnit4ClassRunner.runChild(BlockJUnit4ClassRunner.java:70)
	at org.junit.runners.BlockJUnit4ClassRunner.runChild(BlockJUnit4ClassRunner.java:50)
	at org.junit.runners.ParentRunner$3.run(ParentRunner.java:238)
	at org.junit.runners.ParentRunner$1.schedule(ParentRunner.java:63)
	at org.junit.runners.ParentRunner.runChildren(ParentRunner.java:236)
	at org.junit.runners.ParentRunner.access$000(ParentRunner.java:53)
	at org.junit.runners.ParentRunner$2.evaluate(ParentRunner.java:229)
	at org.junit.runners.ParentRunner.run(ParentRunner.java:309)
	at org.apache.maven.surefire.junit4.JUnit4Provider.execute(JUnit4Provider.java:252)
	at org.apache.maven.surefire.junit4.JUnit4Provider.executeTestSet(JUnit4Provider.java:141)
	at org.apache.maven.surefire.junit4.JUnit4Provider.invoke(JUnit4Provider.java:112)
	at sun.reflect.NativeMethodAccessorImpl.invoke0(Native Method)
	at sun.reflect.NativeMethodAccessorImpl.invoke(NativeMethodAccessorImpl.java:62)
	at sun.reflect.DelegatingMethodAccessorImpl.invoke(DelegatingMethodAccessorImpl.java:43)
	at java.lang.reflect.Method.invoke(Method.java:498)
	at org.apache.maven.surefire.util.ReflectionUtils.invokeMethodWithArray(ReflectionUtils.java:189)
	at org.apache.maven.surefire.booter.ProviderFactory$ProviderProxy.invoke(ProviderFactory.java:165)
	at org.apache.maven.surefire.booter.ProviderFactory.invokeProvider(ProviderFactory.java:85)
	at org.apache.maven.surefire.booter.ForkedBooter.runSuitesInProcess(ForkedBooter.java:115)
	at org.apache.maven.surefire.booter.ForkedBooter.main(ForkedBooter.java:75)</pre></div></div></td>
<td></td></tr>
<tr class="b">
<td><a href="#appTest.RegisterTest.RegisterFailureEmptyPassword"><img src="images/icon_error_sml.gif" alt="" /></a></td>
<td><a name="TC_appTest.RegisterTest.RegisterFailureEmptyPassword"></a><a href="#appTest.RegisterTest.RegisterFailureEmptyPassword">RegisterFailureEmptyPassword</a>
<div class="detailToggle" style="display:inline"><a href="javascript:toggleDisplay(&apos;appTest.RegisterTest.RegisterFailureEmptyPassword&apos;);"><span style="display:inline;" id="appTest.RegisterTest.RegisterFailureEmptyPasswordoff"> + </span><span style="display:none;" id="appTest.RegisterTest.RegisterFailureEmptyPasswordon"> - </span>[ Detail ]</a></div></td>
<td>0.001</td></tr>
<tr class="a">
<td></td>
<td>expected:&lt;null&gt; but was:&lt;queryengine.miscellaneous.ResponseMessage@7b1d7fff&gt;</td>
<td></td></tr>
<tr class="b">
<td></td>
<td>
<div id="appTest.RegisterTest.RegisterFailureEmptyPassworderror" style="display:none;">
<div>
<pre>java.lang.AssertionError: expected:&lt;null&gt; but was:&lt;queryengine.miscellaneous.ResponseMessage@7b1d7fff&gt;
	at org.junit.Assert.fail(Assert.java:88)
	at org.junit.Assert.failNotEquals(Assert.java:743)
	at org.junit.Assert.assertEquals(Assert.java:118)
	at org.junit.Assert.assertEquals(Assert.java:144)
	at appTest.RegisterTest.RegisterFailureEmptyPassword(RegisterTest.java:89)
	at sun.reflect.NativeMethodAccessorImpl.invoke0(Native Method)
	at sun.reflect.NativeMethodAccessorImpl.invoke(NativeMethodAccessorImpl.java:62)
	at sun.reflect.DelegatingMethodAccessorImpl.invoke(DelegatingMethodAccessorImpl.java:43)
	at java.lang.reflect.Method.invoke(Method.java:498)
	at org.junit.runners.model.FrameworkMethod$1.runReflectiveCall(FrameworkMethod.java:47)
	at org.junit.internal.runners.model.ReflectiveCallable.run(ReflectiveCallable.java:12)
	at org.junit.runners.model.FrameworkMethod.invokeExplosively(FrameworkMethod.java:44)
	at org.junit.internal.runners.statements.InvokeMethod.evaluate(InvokeMethod.java:17)
	at org.junit.runners.ParentRunner.runLeaf(ParentRunner.java:271)
	at org.junit.runners.BlockJUnit4ClassRunner.runChild(BlockJUnit4ClassRunner.java:70)
	at org.junit.runners.BlockJUnit4ClassRunner.runChild(BlockJUnit4ClassRunner.java:50)
	at org.junit.runners.ParentRunner$3.run(ParentRunner.java:238)
	at org.junit.runners.ParentRunner$1.schedule(ParentRunner.java:63)
	at org.junit.runners.ParentRunner.runChildren(ParentRunner.java:236)
	at org.junit.runners.ParentRunner.access$000(ParentRunner.java:53)
	at org.junit.runners.ParentRunner$2.evaluate(ParentRunner.java:229)
	at org.junit.runners.ParentRunner.run(ParentRunner.java:309)
	at org.apache.maven.surefire.junit4.JUnit4Provider.execute(JUnit4Provider.java:252)
	at org.apache.maven.surefire.junit4.JUnit4Provider.executeTestSet(JUnit4Provider.java:141)
	at org.apache.maven.surefire.junit4.JUnit4Provider.invoke(JUnit4Provider.java:112)
	at sun.reflect.NativeMethodAccessorImpl.invoke0(Native Method)
	at sun.reflect.NativeMethodAccessorImpl.invoke(NativeMethodAccessorImpl.java:62)
	at sun.reflect.DelegatingMethodAccessorImpl.invoke(DelegatingMethodAccessorImpl.java:43)
	at java.lang.reflect.Method.invoke(Method.java:498)
	at org.apache.maven.surefire.util.ReflectionUtils.invokeMethodWithArray(ReflectionUtils.java:189)
	at org.apache.maven.surefire.booter.ProviderFactory$ProviderProxy.invoke(ProviderFactory.java:165)
	at org.apache.maven.surefire.booter.ProviderFactory.invokeProvider(ProviderFactory.java:85)
	at org.apache.maven.surefire.booter.ForkedBooter.runSuitesInProcess(ForkedBooter.java:115)
	at org.apache.maven.surefire.booter.ForkedBooter.main(ForkedBooter.java:75)</pre></div></div></td>
<td></td></tr>
<tr class="a">
<td><a href="#appTest.RegisterTest.RegisterFailureEmptyEmail"><img src="images/icon_error_sml.gif" alt="" /></a></td>
<td><a name="TC_appTest.RegisterTest.RegisterFailureEmptyEmail"></a><a href="#appTest.RegisterTest.RegisterFailureEmptyEmail">RegisterFailureEmptyEmail</a>
<div class="detailToggle" style="display:inline"><a href="javascript:toggleDisplay(&apos;appTest.RegisterTest.RegisterFailureEmptyEmail&apos;);"><span style="display:inline;" id="appTest.RegisterTest.RegisterFailureEmptyEmailoff"> + </span><span style="display:none;" id="appTest.RegisterTest.RegisterFailureEmptyEmailon"> - </span>[ Detail ]</a></div></td>
<td>0.001</td></tr>
<tr class="b">
<td></td>
<td>expected:&lt;null&gt; but was:&lt;queryengine.miscellaneous.ResponseMessage@383534aa&gt;</td>
<td></td></tr>
<tr class="a">
<td></td>
<td>
<div id="appTest.RegisterTest.RegisterFailureEmptyEmailerror" style="display:none;">
<div>
<pre>java.lang.AssertionError: expected:&lt;null&gt; but was:&lt;queryengine.miscellaneous.ResponseMessage@383534aa&gt;
	at org.junit.Assert.fail(Assert.java:88)
	at org.junit.Assert.failNotEquals(Assert.java:743)
	at org.junit.Assert.assertEquals(Assert.java:118)
	at org.junit.Assert.assertEquals(Assert.java:144)
	at appTest.RegisterTest.RegisterFailureEmptyEmail(RegisterTest.java:73)
	at sun.reflect.NativeMethodAccessorImpl.invoke0(Native Method)
	at sun.reflect.NativeMethodAccessorImpl.invoke(NativeMethodAccessorImpl.java:62)
	at sun.reflect.DelegatingMethodAccessorImpl.invoke(DelegatingMethodAccessorImpl.java:43)
	at java.lang.reflect.Method.invoke(Method.java:498)
	at org.junit.runners.model.FrameworkMethod$1.runReflectiveCall(FrameworkMethod.java:47)
	at org.junit.internal.runners.model.ReflectiveCallable.run(ReflectiveCallable.java:12)
	at org.junit.runners.model.FrameworkMethod.invokeExplosively(FrameworkMethod.java:44)
	at org.junit.internal.runners.statements.InvokeMethod.evaluate(InvokeMethod.java:17)
	at org.junit.runners.ParentRunner.runLeaf(ParentRunner.java:271)
	at org.junit.runners.BlockJUnit4ClassRunner.runChild(BlockJUnit4ClassRunner.java:70)
	at org.junit.runners.BlockJUnit4ClassRunner.runChild(BlockJUnit4ClassRunner.java:50)
	at org.junit.runners.ParentRunner$3.run(ParentRunner.java:238)
	at org.junit.runners.ParentRunner$1.schedule(ParentRunner.java:63)
	at org.junit.runners.ParentRunner.runChildren(ParentRunner.java:236)
	at org.junit.runners.ParentRunner.access$000(ParentRunner.java:53)
	at org.junit.runners.ParentRunner$2.evaluate(ParentRunner.java:229)
	at org.junit.runners.ParentRunner.run(ParentRunner.java:309)
	at org.apache.maven.surefire.junit4.JUnit4Provider.execute(JUnit4Provider.java:252)
	at org.apache.maven.surefire.junit4.JUnit4Provider.executeTestSet(JUnit4Provider.java:141)
	at org.apache.maven.surefire.junit4.JUnit4Provider.invoke(JUnit4Provider.java:112)
	at sun.reflect.NativeMethodAccessorImpl.invoke0(Native Method)
	at sun.reflect.NativeMethodAccessorImpl.invoke(NativeMethodAccessorImpl.java:62)
	at sun.reflect.DelegatingMethodAccessorImpl.invoke(DelegatingMethodAccessorImpl.java:43)
	at java.lang.reflect.Method.invoke(Method.java:498)
	at org.apache.maven.surefire.util.ReflectionUtils.invokeMethodWithArray(ReflectionUtils.java:189)
	at org.apache.maven.surefire.booter.ProviderFactory$ProviderProxy.invoke(ProviderFactory.java:165)
	at org.apache.maven.surefire.booter.ProviderFactory.invokeProvider(ProviderFactory.java:85)
	at org.apache.maven.surefire.booter.ForkedBooter.runSuitesInProcess(ForkedBooter.java:115)
	at org.apache.maven.surefire.booter.ForkedBooter.main(ForkedBooter.java:75)</pre></div></div></td>
<td></td></tr>
<tr class="b">
<td><a href="#appTest.RegisterTest.RegisterFailureSplCharacterName"><img src="images/icon_error_sml.gif" alt="" /></a></td>
<td><a name="TC_appTest.RegisterTest.RegisterFailureSplCharacterName"></a><a href="#appTest.RegisterTest.RegisterFailureSplCharacterName">RegisterFailureSplCharacterName</a>
<div class="detailToggle" style="display:inline"><a href="javascript:toggleDisplay(&apos;appTest.RegisterTest.RegisterFailureSplCharacterName&apos;);"><span style="display:inline;" id="appTest.RegisterTest.RegisterFailureSplCharacterNameoff"> + </span><span style="display:none;" id="appTest.RegisterTest.RegisterFailureSplCharacterNameon"> - </span>[ Detail ]</a></div></td>
<td>0.001</td></tr>
<tr class="a">
<td></td>
<td>expected:&lt;null&gt; but was:&lt;queryengine.miscellaneous.ResponseMessage@7b3300e5&gt;</td>
<td></td></tr>
<tr class="b">
<td></td>
<td>
<div id="appTest.RegisterTest.RegisterFailureSplCharacterNameerror" style="display:none;">
<div>
<pre>java.lang.AssertionError: expected:&lt;null&gt; but was:&lt;queryengine.miscellaneous.ResponseMessage@7b3300e5&gt;
	at org.junit.Assert.fail(Assert.java:88)
	at org.junit.Assert.failNotEquals(Assert.java:743)
	at org.junit.Assert.assertEquals(Assert.java:118)
	at org.junit.Assert.assertEquals(Assert.java:144)
	at appTest.RegisterTest.RegisterFailureSplCharacterName(RegisterTest.java:57)
	at sun.reflect.NativeMethodAccessorImpl.invoke0(Native Method)
	at sun.reflect.NativeMethodAccessorImpl.invoke(NativeMethodAccessorImpl.java:62)
	at sun.reflect.DelegatingMethodAccessorImpl.invoke(DelegatingMethodAccessorImpl.java:43)
	at java.lang.reflect.Method.invoke(Method.java:498)
	at org.junit.runners.model.FrameworkMethod$1.runReflectiveCall(FrameworkMethod.java:47)
	at org.junit.internal.runners.model.ReflectiveCallable.run(ReflectiveCallable.java:12)
	at org.junit.runners.model.FrameworkMethod.invokeExplosively(FrameworkMethod.java:44)
	at org.junit.internal.runners.statements.InvokeMethod.evaluate(InvokeMethod.java:17)
	at org.junit.runners.ParentRunner.runLeaf(ParentRunner.java:271)
	at org.junit.runners.BlockJUnit4ClassRunner.runChild(BlockJUnit4ClassRunner.java:70)
	at org.junit.runners.BlockJUnit4ClassRunner.runChild(BlockJUnit4ClassRunner.java:50)
	at org.junit.runners.ParentRunner$3.run(ParentRunner.java:238)
	at org.junit.runners.ParentRunner$1.schedule(ParentRunner.java:63)
	at org.junit.runners.ParentRunner.runChildren(ParentRunner.java:236)
	at org.junit.runners.ParentRunner.access$000(ParentRunner.java:53)
	at org.junit.runners.ParentRunner$2.evaluate(ParentRunner.java:229)
	at org.junit.runners.ParentRunner.run(ParentRunner.java:309)
	at org.apache.maven.surefire.junit4.JUnit4Provider.execute(JUnit4Provider.java:252)
	at org.apache.maven.surefire.junit4.JUnit4Provider.executeTestSet(JUnit4Provider.java:141)
	at org.apache.maven.surefire.junit4.JUnit4Provider.invoke(JUnit4Provider.java:112)
	at sun.reflect.NativeMethodAccessorImpl.invoke0(Native Method)
	at sun.reflect.NativeMethodAccessorImpl.invoke(NativeMethodAccessorImpl.java:62)
	at sun.reflect.DelegatingMethodAccessorImpl.invoke(DelegatingMethodAccessorImpl.java:43)
	at java.lang.reflect.Method.invoke(Method.java:498)
	at org.apache.maven.surefire.util.ReflectionUtils.invokeMethodWithArray(ReflectionUtils.java:189)
	at org.apache.maven.surefire.booter.ProviderFactory$ProviderProxy.invoke(ProviderFactory.java:165)
	at org.apache.maven.surefire.booter.ProviderFactory.invokeProvider(ProviderFactory.java:85)
	at org.apache.maven.surefire.booter.ForkedBooter.runSuitesInProcess(ForkedBooter.java:115)
	at org.apache.maven.surefire.booter.ForkedBooter.main(ForkedBooter.java:75)</pre></div></div></td>
<td></td></tr>
<tr class="a">
<td><a href="#appTest.RegisterTest.RegisterFailureEmptyName"><img src="images/icon_error_sml.gif" alt="" /></a></td>
<td><a name="TC_appTest.RegisterTest.RegisterFailureEmptyName"></a><a href="#appTest.RegisterTest.RegisterFailureEmptyName">RegisterFailureEmptyName</a>
<div class="detailToggle" style="display:inline"><a href="javascript:toggleDisplay(&apos;appTest.RegisterTest.RegisterFailureEmptyName&apos;);"><span style="display:inline;" id="appTest.RegisterTest.RegisterFailureEmptyNameoff"> + </span><span style="display:none;" id="appTest.RegisterTest.RegisterFailureEmptyNameon"> - </span>[ Detail ]</a></div></td>
<td>0.001</td></tr>
<tr class="b">
<td></td>
<td>expected:&lt;null&gt; but was:&lt;queryengine.miscellaneous.ResponseMessage@136432db&gt;</td>
<td></td></tr>
<tr class="a">
<td></td>
<td>
<div id="appTest.RegisterTest.RegisterFailureEmptyNameerror" style="display:none;">
<div>
<pre>java.lang.AssertionError: expected:&lt;null&gt; but was:&lt;queryengine.miscellaneous.ResponseMessage@136432db&gt;
	at org.junit.Assert.fail(Assert.java:88)
	at org.junit.Assert.failNotEquals(Assert.java:743)
	at org.junit.Assert.assertEquals(Assert.java:118)
	at org.junit.Assert.assertEquals(Assert.java:144)
	at appTest.RegisterTest.RegisterFailureEmptyName(RegisterTest.java:81)
	at sun.reflect.NativeMethodAccessorImpl.invoke0(Native Method)
	at sun.reflect.NativeMethodAccessorImpl.invoke(NativeMethodAccessorImpl.java:62)
	at sun.reflect.DelegatingMethodAccessorImpl.invoke(DelegatingMethodAccessorImpl.java:43)
	at java.lang.reflect.Method.invoke(Method.java:498)
	at org.junit.runners.model.FrameworkMethod$1.runReflectiveCall(FrameworkMethod.java:47)
	at org.junit.internal.runners.model.ReflectiveCallable.run(ReflectiveCallable.java:12)
	at org.junit.runners.model.FrameworkMethod.invokeExplosively(FrameworkMethod.java:44)
	at org.junit.internal.runners.statements.InvokeMethod.evaluate(InvokeMethod.java:17)
	at org.junit.runners.ParentRunner.runLeaf(ParentRunner.java:271)
	at org.junit.runners.BlockJUnit4ClassRunner.runChild(BlockJUnit4ClassRunner.java:70)
	at org.junit.runners.BlockJUnit4ClassRunner.runChild(BlockJUnit4ClassRunner.java:50)
	at org.junit.runners.ParentRunner$3.run(ParentRunner.java:238)
	at org.junit.runners.ParentRunner$1.schedule(ParentRunner.java:63)
	at org.junit.runners.ParentRunner.runChildren(ParentRunner.java:236)
	at org.junit.runners.ParentRunner.access$000(ParentRunner.java:53)
	at org.junit.runners.ParentRunner$2.evaluate(ParentRunner.java:229)
	at org.junit.runners.ParentRunner.run(ParentRunner.java:309)
	at org.apache.maven.surefire.junit4.JUnit4Provider.execute(JUnit4Provider.java:252)
	at org.apache.maven.surefire.junit4.JUnit4Provider.executeTestSet(JUnit4Provider.java:141)
	at org.apache.maven.surefire.junit4.JUnit4Provider.invoke(JUnit4Provider.java:112)
	at sun.reflect.NativeMethodAccessorImpl.invoke0(Native Method)
	at sun.reflect.NativeMethodAccessorImpl.invoke(NativeMethodAccessorImpl.java:62)
	at sun.reflect.DelegatingMethodAccessorImpl.invoke(DelegatingMethodAccessorImpl.java:43)
	at java.lang.reflect.Method.invoke(Method.java:498)
	at org.apache.maven.surefire.util.ReflectionUtils.invokeMethodWithArray(ReflectionUtils.java:189)
	at org.apache.maven.surefire.booter.ProviderFactory$ProviderProxy.invoke(ProviderFactory.java:165)
	at org.apache.maven.surefire.booter.ProviderFactory.invokeProvider(ProviderFactory.java:85)
	at org.apache.maven.surefire.booter.ForkedBooter.runSuitesInProcess(ForkedBooter.java:115)
	at org.apache.maven.surefire.booter.ForkedBooter.main(ForkedBooter.java:75)</pre></div></div></td>
<td></td></tr>
<tr class="b">
<td><a href="#appTest.RegisterTest.RegisterFailureMoreDigitsPhoneNumber"><img src="images/icon_error_sml.gif" alt="" /></a></td>
<td><a name="TC_appTest.RegisterTest.RegisterFailureMoreDigitsPhoneNumber"></a><a href="#appTest.RegisterTest.RegisterFailureMoreDigitsPhoneNumber">RegisterFailureMoreDigitsPhoneNumber</a>
<div class="detailToggle" style="display:inline"><a href="javascript:toggleDisplay(&apos;appTest.RegisterTest.RegisterFailureMoreDigitsPhoneNumber&apos;);"><span style="display:inline;" id="appTest.RegisterTest.RegisterFailureMoreDigitsPhoneNumberoff"> + </span><span style="display:none;" id="appTest.RegisterTest.RegisterFailureMoreDigitsPhoneNumberon"> - </span>[ Detail ]</a></div></td>
<td>0</td></tr>
<tr class="a">
<td></td>
<td>expected:&lt;null&gt; but was:&lt;queryengine.miscellaneous.ResponseMessage@1055e4af&gt;</td>
<td></td></tr>
<tr class="b">
<td></td>
<td>
<div id="appTest.RegisterTest.RegisterFailureMoreDigitsPhoneNumbererror" style="display:none;">
<div>
<pre>java.lang.AssertionError: expected:&lt;null&gt; but was:&lt;queryengine.miscellaneous.ResponseMessage@1055e4af&gt;
	at org.junit.Assert.fail(Assert.java:88)
	at org.junit.Assert.failNotEquals(Assert.java:743)
	at org.junit.Assert.assertEquals(Assert.java:118)
	at org.junit.Assert.assertEquals(Assert.java:144)
	at appTest.RegisterTest.RegisterFailureMoreDigitsPhoneNumber(RegisterTest.java:104)
	at sun.reflect.NativeMethodAccessorImpl.invoke0(Native Method)
	at sun.reflect.NativeMethodAccessorImpl.invoke(NativeMethodAccessorImpl.java:62)
	at sun.reflect.DelegatingMethodAccessorImpl.invoke(DelegatingMethodAccessorImpl.java:43)
	at java.lang.reflect.Method.invoke(Method.java:498)
	at org.junit.runners.model.FrameworkMethod$1.runReflectiveCall(FrameworkMethod.java:47)
	at org.junit.internal.runners.model.ReflectiveCallable.run(ReflectiveCallable.java:12)
	at org.junit.runners.model.FrameworkMethod.invokeExplosively(FrameworkMethod.java:44)
	at org.junit.internal.runners.statements.InvokeMethod.evaluate(InvokeMethod.java:17)
	at org.junit.runners.ParentRunner.runLeaf(ParentRunner.java:271)
	at org.junit.runners.BlockJUnit4ClassRunner.runChild(BlockJUnit4ClassRunner.java:70)
	at org.junit.runners.BlockJUnit4ClassRunner.runChild(BlockJUnit4ClassRunner.java:50)
	at org.junit.runners.ParentRunner$3.run(ParentRunner.java:238)
	at org.junit.runners.ParentRunner$1.schedule(ParentRunner.java:63)
	at org.junit.runners.ParentRunner.runChildren(ParentRunner.java:236)
	at org.junit.runners.ParentRunner.access$000(ParentRunner.java:53)
	at org.junit.runners.ParentRunner$2.evaluate(ParentRunner.java:229)
	at org.junit.runners.ParentRunner.run(ParentRunner.java:309)
	at org.apache.maven.surefire.junit4.JUnit4Provider.execute(JUnit4Provider.java:252)
	at org.apache.maven.surefire.junit4.JUnit4Provider.executeTestSet(JUnit4Provider.java:141)
	at org.apache.maven.surefire.junit4.JUnit4Provider.invoke(JUnit4Provider.java:112)
	at sun.reflect.NativeMethodAccessorImpl.invoke0(Native Method)
	at sun.reflect.NativeMethodAccessorImpl.invoke(NativeMethodAccessorImpl.java:62)
	at sun.reflect.DelegatingMethodAccessorImpl.invoke(DelegatingMethodAccessorImpl.java:43)
	at java.lang.reflect.Method.invoke(Method.java:498)
	at org.apache.maven.surefire.util.ReflectionUtils.invokeMethodWithArray(ReflectionUtils.java:189)
	at org.apache.maven.surefire.booter.ProviderFactory$ProviderProxy.invoke(ProviderFactory.java:165)
	at org.apache.maven.surefire.booter.ProviderFactory.invokeProvider(ProviderFactory.java:85)
	at org.apache.maven.surefire.booter.ForkedBooter.runSuitesInProcess(ForkedBooter.java:115)
	at org.apache.maven.surefire.booter.ForkedBooter.main(ForkedBooter.java:75)</pre></div></div></td>
<td></td></tr></table></div>
<div class="section">
<h3><a name="UpdateProfileTest"></a>UpdateProfileTest</h3><a name="appTestUpdateProfileTest"></a>
<table border="1" class="bodyTable">
<tr class="a">
<td><a href="#appTest.UpdateProfileTest.UpdateProfileFailureNonDigitPhoneNumber"><img src="images/icon_error_sml.gif" alt="" /></a></td>
<td><a name="TC_appTest.UpdateProfileTest.UpdateProfileFailureNonDigitPhoneNumber"></a><a href="#appTest.UpdateProfileTest.UpdateProfileFailureNonDigitPhoneNumber">UpdateProfileFailureNonDigitPhoneNumber</a>
<div class="detailToggle" style="display:inline"><a href="javascript:toggleDisplay(&apos;appTest.UpdateProfileTest.UpdateProfileFailureNonDigitPhoneNumber&apos;);"><span style="display:inline;" id="appTest.UpdateProfileTest.UpdateProfileFailureNonDigitPhoneNumberoff"> + </span><span style="display:none;" id="appTest.UpdateProfileTest.UpdateProfileFailureNonDigitPhoneNumberon"> - </span>[ Detail ]</a></div></td>
<td>0.001</td></tr>
<tr class="b">
<td></td>
<td>expected:&lt;null&gt; but was:&lt;queryengine.miscellaneous.ResponseMessage@e6ea0c6&gt;</td>
<td></td></tr>
<tr class="a">
<td></td>
<td>
<div id="appTest.UpdateProfileTest.UpdateProfileFailureNonDigitPhoneNumbererror" style="display:none;">
<div>
<pre>java.lang.AssertionError: expected:&lt;null&gt; but was:&lt;queryengine.miscellaneous.ResponseMessage@e6ea0c6&gt;
	at org.junit.Assert.fail(Assert.java:88)
	at org.junit.Assert.failNotEquals(Assert.java:743)
	at org.junit.Assert.assertEquals(Assert.java:118)
	at org.junit.Assert.assertEquals(Assert.java:144)
	at appTest.UpdateProfileTest.UpdateProfileFailureNonDigitPhoneNumber(UpdateProfileTest.java:66)
	at sun.reflect.NativeMethodAccessorImpl.invoke0(Native Method)
	at sun.reflect.NativeMethodAccessorImpl.invoke(NativeMethodAccessorImpl.java:62)
	at sun.reflect.DelegatingMethodAccessorImpl.invoke(DelegatingMethodAccessorImpl.java:43)
	at java.lang.reflect.Method.invoke(Method.java:498)
	at org.junit.runners.model.FrameworkMethod$1.runReflectiveCall(FrameworkMethod.java:47)
	at org.junit.internal.runners.model.ReflectiveCallable.run(ReflectiveCallable.java:12)
	at org.junit.runners.model.FrameworkMethod.invokeExplosively(FrameworkMethod.java:44)
	at org.junit.internal.runners.statements.InvokeMethod.evaluate(InvokeMethod.java:17)
	at org.junit.runners.ParentRunner.runLeaf(ParentRunner.java:271)
	at org.junit.runners.BlockJUnit4ClassRunner.runChild(BlockJUnit4ClassRunner.java:70)
	at org.junit.runners.BlockJUnit4ClassRunner.runChild(BlockJUnit4ClassRunner.java:50)
	at org.junit.runners.ParentRunner$3.run(ParentRunner.java:238)
	at org.junit.runners.ParentRunner$1.schedule(ParentRunner.java:63)
	at org.junit.runners.ParentRunner.runChildren(ParentRunner.java:236)
	at org.junit.runners.ParentRunner.access$000(ParentRunner.java:53)
	at org.junit.runners.ParentRunner$2.evaluate(ParentRunner.java:229)
	at org.junit.runners.ParentRunner.run(ParentRunner.java:309)
	at org.apache.maven.surefire.junit4.JUnit4Provider.execute(JUnit4Provider.java:252)
	at org.apache.maven.surefire.junit4.JUnit4Provider.executeTestSet(JUnit4Provider.java:141)
	at org.apache.maven.surefire.junit4.JUnit4Provider.invoke(JUnit4Provider.java:112)
	at sun.reflect.NativeMethodAccessorImpl.invoke0(Native Method)
	at sun.reflect.NativeMethodAccessorImpl.invoke(NativeMethodAccessorImpl.java:62)	at sun.reflect.DelegatingMethodAccessorImpl.invoke(DelegatingMethodAccessorImpl.java:43)
	at java.lang.reflect.Method.invoke(Method.java:498)
	at org.apache.maven.surefire.util.ReflectionUtils.invokeMethodWithArray(ReflectionUtils.java:189)
	at org.apache.maven.surefire.booter.ProviderFactory$ProviderProxy.invoke(ProviderFactory.java:165)
	at org.apache.maven.surefire.booter.ProviderFactory.invokeProvider(ProviderFactory.java:85)
	at org.apache.maven.surefire.booter.ForkedBooter.runSuitesInProcess(ForkedBooter.java:115)
	at org.apache.maven.surefire.booter.ForkedBooter.main(ForkedBooter.java:75)</pre></div></div></td>
<td></td></tr>
<tr class="b">
<td><a href="#appTest.UpdateProfileTest.UpdateProfileFailureEmptyEmail"><img src="images/icon_error_sml.gif" alt="" /></a></td>
<td><a name="TC_appTest.UpdateProfileTest.UpdateProfileFailureEmptyEmail"></a><a href="#appTest.UpdateProfileTest.UpdateProfileFailureEmptyEmail">UpdateProfileFailureEmptyEmail</a>
<div class="detailToggle" style="display:inline"><a href="javascript:toggleDisplay(&apos;appTest.UpdateProfileTest.UpdateProfileFailureEmptyEmail&apos;);"><span style="display:inline;" id="appTest.UpdateProfileTest.UpdateProfileFailureEmptyEmailoff"> + </span><span style="display:none;" id="appTest.UpdateProfileTest.UpdateProfileFailureEmptyEmailon"> - </span>[ Detail ]</a></div></td>
<td>0.001</td></tr>
<tr class="a">
<td></td>
<td>expected:&lt;null&gt; but was:&lt;queryengine.miscellaneous.ResponseMessage@5577140b&gt;</td>
<td></td></tr>
<tr class="b">
<td></td>
<td>
<div id="appTest.UpdateProfileTest.UpdateProfileFailureEmptyEmailerror" style="display:none;">
<div>
<pre>java.lang.AssertionError: expected:&lt;null&gt; but was:&lt;queryengine.miscellaneous.ResponseMessage@5577140b&gt;
	at org.junit.Assert.fail(Assert.java:88)
	at org.junit.Assert.failNotEquals(Assert.java:743)
	at org.junit.Assert.assertEquals(Assert.java:118)
	at org.junit.Assert.assertEquals(Assert.java:144)
	at appTest.UpdateProfileTest.UpdateProfileFailureEmptyEmail(UpdateProfileTest.java:74)
	at sun.reflect.NativeMethodAccessorImpl.invoke0(Native Method)
	at sun.reflect.NativeMethodAccessorImpl.invoke(NativeMethodAccessorImpl.java:62)
	at sun.reflect.DelegatingMethodAccessorImpl.invoke(DelegatingMethodAccessorImpl.java:43)
	at java.lang.reflect.Method.invoke(Method.java:498)
	at org.junit.runners.model.FrameworkMethod$1.runReflectiveCall(FrameworkMethod.java:47)
	at org.junit.internal.runners.model.ReflectiveCallable.run(ReflectiveCallable.java:12)
	at org.junit.runners.model.FrameworkMethod.invokeExplosively(FrameworkMethod.java:44)
	at org.junit.internal.runners.statements.InvokeMethod.evaluate(InvokeMethod.java:17)
	at org.junit.runners.ParentRunner.runLeaf(ParentRunner.java:271)
	at org.junit.runners.BlockJUnit4ClassRunner.runChild(BlockJUnit4ClassRunner.java:70)
	at org.junit.runners.BlockJUnit4ClassRunner.runChild(BlockJUnit4ClassRunner.java:50)
	at org.junit.runners.ParentRunner$3.run(ParentRunner.java:238)
	at org.junit.runners.ParentRunner$1.schedule(ParentRunner.java:63)
	at org.junit.runners.ParentRunner.runChildren(ParentRunner.java:236)
	at org.junit.runners.ParentRunner.access$000(ParentRunner.java:53)
	at org.junit.runners.ParentRunner$2.evaluate(ParentRunner.java:229)
	at org.junit.runners.ParentRunner.run(ParentRunner.java:309)
	at org.apache.maven.surefire.junit4.JUnit4Provider.execute(JUnit4Provider.java:252)
	at org.apache.maven.surefire.junit4.JUnit4Provider.executeTestSet(JUnit4Provider.java:141)
	at org.apache.maven.surefire.junit4.JUnit4Provider.invoke(JUnit4Provider.java:112)
	at sun.reflect.NativeMethodAccessorImpl.invoke0(Native Method)
	at sun.reflect.NativeMethodAccessorImpl.invoke(NativeMethodAccessorImpl.java:62)
	at sun.reflect.DelegatingMethodAccessorImpl.invoke(DelegatingMethodAccessorImpl.java:43)
	at java.lang.reflect.Method.invoke(Method.java:498)
	at org.apache.maven.surefire.util.ReflectionUtils.invokeMethodWithArray(ReflectionUtils.java:189)
	at org.apache.maven.surefire.booter.ProviderFactory$ProviderProxy.invoke(ProviderFactory.java:165)
	at org.apache.maven.surefire.booter.ProviderFactory.invokeProvider(ProviderFactory.java:85)
	at org.apache.maven.surefire.booter.ForkedBooter.runSuitesInProcess(ForkedBooter.java:115)
	at org.apache.maven.surefire.booter.ForkedBooter.main(ForkedBooter.java:75)</pre></div></div></td>
<td></td></tr>
<tr class="a">
<td><a href="#appTest.UpdateProfileTest.UpdateProfileNumberSuccess"><img src="images/icon_error_sml.gif" alt="" /></a></td>
<td><a name="TC_appTest.UpdateProfileTest.UpdateProfileNumberSuccess"></a><a href="#appTest.UpdateProfileTest.UpdateProfileNumberSuccess">UpdateProfileNumberSuccess</a>
<div class="detailToggle" style="display:inline"><a href="javascript:toggleDisplay(&apos;appTest.UpdateProfileTest.UpdateProfileNumberSuccess&apos;);"><span style="display:inline;" id="appTest.UpdateProfileTest.UpdateProfileNumberSuccessoff"> + </span><span style="display:none;" id="appTest.UpdateProfileTest.UpdateProfileNumberSuccesson"> - </span>[ Detail ]</a></div></td>
<td>0.001</td></tr>
<tr class="b">
<td></td>
<td>expected:&lt;null&gt; but was:&lt;queryengine.miscellaneous.ResponseMessage@67f89fa3&gt;</td>
<td></td></tr>
<tr class="a">
<td></td>
<td>
<div id="appTest.UpdateProfileTest.UpdateProfileNumberSuccesserror" style="display:none;">
<div>
<pre>java.lang.AssertionError: expected:&lt;null&gt; but was:&lt;queryengine.miscellaneous.ResponseMessage@67f89fa3&gt;
	at org.junit.Assert.fail(Assert.java:88)
	at org.junit.Assert.failNotEquals(Assert.java:743)
	at org.junit.Assert.assertEquals(Assert.java:118)
	at org.junit.Assert.assertEquals(Assert.java:144)
	at appTest.UpdateProfileTest.UpdateProfileNumberSuccess(UpdateProfileTest.java:42)
	at sun.reflect.NativeMethodAccessorImpl.invoke0(Native Method)
	at sun.reflect.NativeMethodAccessorImpl.invoke(NativeMethodAccessorImpl.java:62)
	at sun.reflect.DelegatingMethodAccessorImpl.invoke(DelegatingMethodAccessorImpl.java:43)
	at java.lang.reflect.Method.invoke(Method.java:498)
	at org.junit.runners.model.FrameworkMethod$1.runReflectiveCall(FrameworkMethod.java:47)
	at org.junit.internal.runners.model.ReflectiveCallable.run(ReflectiveCallable.java:12)
	at org.junit.runners.model.FrameworkMethod.invokeExplosively(FrameworkMethod.java:44)
	at org.junit.internal.runners.statements.InvokeMethod.evaluate(InvokeMethod.java:17)
	at org.junit.runners.ParentRunner.runLeaf(ParentRunner.java:271)
	at org.junit.runners.BlockJUnit4ClassRunner.runChild(BlockJUnit4ClassRunner.java:70)
	at org.junit.runners.BlockJUnit4ClassRunner.runChild(BlockJUnit4ClassRunner.java:50)
	at org.junit.runners.ParentRunner$3.run(ParentRunner.java:238)
	at org.junit.runners.ParentRunner$1.schedule(ParentRunner.java:63)
	at org.junit.runners.ParentRunner.runChildren(ParentRunner.java:236)
	at org.junit.runners.ParentRunner.access$000(ParentRunner.java:53)
	at org.junit.runners.ParentRunner$2.evaluate(ParentRunner.java:229)
	at org.junit.runners.ParentRunner.run(ParentRunner.java:309)
	at org.apache.maven.surefire.junit4.JUnit4Provider.execute(JUnit4Provider.java:252)
	at org.apache.maven.surefire.junit4.JUnit4Provider.executeTestSet(JUnit4Provider.java:141)
	at org.apache.maven.surefire.junit4.JUnit4Provider.invoke(JUnit4Provider.java:112)
	at sun.reflect.NativeMethodAccessorImpl.invoke0(Native Method)
	at sun.reflect.NativeMethodAccessorImpl.invoke(NativeMethodAccessorImpl.java:62)
	at sun.reflect.DelegatingMethodAccessorImpl.invoke(DelegatingMethodAccessorImpl.java:43)
	at java.lang.reflect.Method.invoke(Method.java:498)
	at org.apache.maven.surefire.util.ReflectionUtils.invokeMethodWithArray(ReflectionUtils.java:189)
	at org.apache.maven.surefire.booter.ProviderFactory$ProviderProxy.invoke(ProviderFactory.java:165)
	at org.apache.maven.surefire.booter.ProviderFactory.invokeProvider(ProviderFactory.java:85)
	at org.apache.maven.surefire.booter.ForkedBooter.runSuitesInProcess(ForkedBooter.java:115)
	at org.apache.maven.surefire.booter.ForkedBooter.main(ForkedBooter.java:75)</pre></div></div></td>
<td></td></tr>
<tr class="b">
<td><a href="#appTest.UpdateProfileTest.UpdateProfileAllFieldsSuccess"><img src="images/icon_error_sml.gif" alt="" /></a></td>
<td><a name="TC_appTest.UpdateProfileTest.UpdateProfileAllFieldsSuccess"></a><a href="#appTest.UpdateProfileTest.UpdateProfileAllFieldsSuccess">UpdateProfileAllFieldsSuccess</a>
<div class="detailToggle" style="display:inline"><a href="javascript:toggleDisplay(&apos;appTest.UpdateProfileTest.UpdateProfileAllFieldsSuccess&apos;);"><span style="display:inline;" id="appTest.UpdateProfileTest.UpdateProfileAllFieldsSuccessoff"> + </span><span style="display:none;" id="appTest.UpdateProfileTest.UpdateProfileAllFieldsSuccesson"> - </span>[ Detail ]</a></div></td>
<td>0.001</td></tr>
<tr class="a">
<td></td>
<td>expected:&lt;null&gt; but was:&lt;queryengine.miscellaneous.ResponseMessage@277c0f21&gt;</td>
<td></td></tr>
<tr class="b">
<td></td>
<td>
<div id="appTest.UpdateProfileTest.UpdateProfileAllFieldsSuccesserror" style="display:none;">
<div>
<pre>java.lang.AssertionError: expected:&lt;null&gt; but was:&lt;queryengine.miscellaneous.ResponseMessage@277c0f21&gt;
	at org.junit.Assert.fail(Assert.java:88)
	at org.junit.Assert.failNotEquals(Assert.java:743)
	at org.junit.Assert.assertEquals(Assert.java:118)
	at org.junit.Assert.assertEquals(Assert.java:144)
	at appTest.UpdateProfileTest.UpdateProfileAllFieldsSuccess(UpdateProfileTest.java:18)
	at sun.reflect.NativeMethodAccessorImpl.invoke0(Native Method)
	at sun.reflect.NativeMethodAccessorImpl.invoke(NativeMethodAccessorImpl.java:62)
	at sun.reflect.DelegatingMethodAccessorImpl.invoke(DelegatingMethodAccessorImpl.java:43)
	at java.lang.reflect.Method.invoke(Method.java:498)
	at org.junit.runners.model.FrameworkMethod$1.runReflectiveCall(FrameworkMethod.java:47)
	at org.junit.internal.runners.model.ReflectiveCallable.run(ReflectiveCallable.java:12)
	at org.junit.runners.model.FrameworkMethod.invokeExplosively(FrameworkMethod.java:44)
	at org.junit.internal.runners.statements.InvokeMethod.evaluate(InvokeMethod.java:17)
	at org.junit.runners.ParentRunner.runLeaf(ParentRunner.java:271)
	at org.junit.runners.BlockJUnit4ClassRunner.runChild(BlockJUnit4ClassRunner.java:70)
	at org.junit.runners.BlockJUnit4ClassRunner.runChild(BlockJUnit4ClassRunner.java:50)
	at org.junit.runners.ParentRunner$3.run(ParentRunner.java:238)
	at org.junit.runners.ParentRunner$1.schedule(ParentRunner.java:63)
	at org.junit.runners.ParentRunner.runChildren(ParentRunner.java:236)
	at org.junit.runners.ParentRunner.access$000(ParentRunner.java:53)
	at org.junit.runners.ParentRunner$2.evaluate(ParentRunner.java:229)
	at org.junit.runners.ParentRunner.run(ParentRunner.java:309)
	at org.apache.maven.surefire.junit4.JUnit4Provider.execute(JUnit4Provider.java:252)
	at org.apache.maven.surefire.junit4.JUnit4Provider.executeTestSet(JUnit4Provider.java:141)
	at org.apache.maven.surefire.junit4.JUnit4Provider.invoke(JUnit4Provider.java:112)
	at sun.reflect.NativeMethodAccessorImpl.invoke0(Native Method)
	at sun.reflect.NativeMethodAccessorImpl.invoke(NativeMethodAccessorImpl.java:62)
	at sun.reflect.DelegatingMethodAccessorImpl.invoke(DelegatingMethodAccessorImpl.java:43)
	at java.lang.reflect.Method.invoke(Method.java:498)
	at org.apache.maven.surefire.util.ReflectionUtils.invokeMethodWithArray(ReflectionUtils.java:189)
	at org.apache.maven.surefire.booter.ProviderFactory$ProviderProxy.invoke(ProviderFactory.java:165)
	at org.apache.maven.surefire.booter.ProviderFactory.invokeProvider(ProviderFactory.java:85)
	at org.apache.maven.surefire.booter.ForkedBooter.runSuitesInProcess(ForkedBooter.java:115)
	at org.apache.maven.surefire.booter.ForkedBooter.main(ForkedBooter.java:75)</pre></div></div></td>
<td></td></tr>
<tr class="a">
<td><a href="#appTest.UpdateProfileTest.UpdateProfileEmailSuccess"><img src="images/icon_error_sml.gif" alt="" /></a></td>
<td><a name="TC_appTest.UpdateProfileTest.UpdateProfileEmailSuccess"></a><a href="#appTest.UpdateProfileTest.UpdateProfileEmailSuccess">UpdateProfileEmailSuccess</a>
<div class="detailToggle" style="display:inline"><a href="javascript:toggleDisplay(&apos;appTest.UpdateProfileTest.UpdateProfileEmailSuccess&apos;);"><span style="display:inline;" id="appTest.UpdateProfileTest.UpdateProfileEmailSuccessoff"> + </span><span style="display:none;" id="appTest.UpdateProfileTest.UpdateProfileEmailSuccesson"> - </span>[ Detail ]</a></div></td>
<td>0.001</td></tr>
<tr class="b">
<td></td>
<td>expected:&lt;null&gt; but was:&lt;queryengine.miscellaneous.ResponseMessage@43556938&gt;</td>
<td></td></tr>
<tr class="a">
<td></td>
<td>
<div id="appTest.UpdateProfileTest.UpdateProfileEmailSuccesserror" style="display:none;">
<div>
<pre>java.lang.AssertionError: expected:&lt;null&gt; but was:&lt;queryengine.miscellaneous.ResponseMessage@43556938&gt;
	at org.junit.Assert.fail(Assert.java:88)
	at org.junit.Assert.failNotEquals(Assert.java:743)
	at org.junit.Assert.assertEquals(Assert.java:118)
	at org.junit.Assert.assertEquals(Assert.java:144)
	at appTest.UpdateProfileTest.UpdateProfileEmailSuccess(UpdateProfileTest.java:50)
	at sun.reflect.NativeMethodAccessorImpl.invoke0(Native Method)
	at sun.reflect.NativeMethodAccessorImpl.invoke(NativeMethodAccessorImpl.java:62)
	at sun.reflect.DelegatingMethodAccessorImpl.invoke(DelegatingMethodAccessorImpl.java:43)
	at java.lang.reflect.Method.invoke(Method.java:498)
	at org.junit.runners.model.FrameworkMethod$1.runReflectiveCall(FrameworkMethod.java:47)
	at org.junit.internal.runners.model.ReflectiveCallable.run(ReflectiveCallable.java:12)
	at org.junit.runners.model.FrameworkMethod.invokeExplosively(FrameworkMethod.java:44)
	at org.junit.internal.runners.statements.InvokeMethod.evaluate(InvokeMethod.java:17)
	at org.junit.runners.ParentRunner.runLeaf(ParentRunner.java:271)
	at org.junit.runners.BlockJUnit4ClassRunner.runChild(BlockJUnit4ClassRunner.java:70)
	at org.junit.runners.BlockJUnit4ClassRunner.runChild(BlockJUnit4ClassRunner.java:50)
	at org.junit.runners.ParentRunner$3.run(ParentRunner.java:238)
	at org.junit.runners.ParentRunner$1.schedule(ParentRunner.java:63)
	at org.junit.runners.ParentRunner.runChildren(ParentRunner.java:236)
	at org.junit.runners.ParentRunner.access$000(ParentRunner.java:53)
	at org.junit.runners.ParentRunner$2.evaluate(ParentRunner.java:229)
	at org.junit.runners.ParentRunner.run(ParentRunner.java:309)
	at org.apache.maven.surefire.junit4.JUnit4Provider.execute(JUnit4Provider.java:252)
	at org.apache.maven.surefire.junit4.JUnit4Provider.executeTestSet(JUnit4Provider.java:141)
	at org.apache.maven.surefire.junit4.JUnit4Provider.invoke(JUnit4Provider.java:112)
	at sun.reflect.NativeMethodAccessorImpl.invoke0(Native Method)
	at sun.reflect.NativeMethodAccessorImpl.invoke(NativeMethodAccessorImpl.java:62)
	at sun.reflect.DelegatingMethodAccessorImpl.invoke(DelegatingMethodAccessorImpl.java:43)
	at java.lang.reflect.Method.invoke(Method.java:498)
	at org.apache.maven.surefire.util.ReflectionUtils.invokeMethodWithArray(ReflectionUtils.java:189)
	at org.apache.maven.surefire.booter.ProviderFactory$ProviderProxy.invoke(ProviderFactory.java:165)
	at org.apache.maven.surefire.booter.ProviderFactory.invokeProvider(ProviderFactory.java:85)
	at org.apache.maven.surefire.booter.ForkedBooter.runSuitesInProcess(ForkedBooter.java:115)
	at org.apache.maven.surefire.booter.ForkedBooter.main(ForkedBooter.java:75)</pre></div></div></td>
<td></td></tr>
<tr class="b">
<td><a href="#appTest.UpdateProfileTest.UpdateProfileFailureEmptyName"><img src="images/icon_error_sml.gif" alt="" /></a></td>
<td><a name="TC_appTest.UpdateProfileTest.UpdateProfileFailureEmptyName"></a><a href="#appTest.UpdateProfileTest.UpdateProfileFailureEmptyName">UpdateProfileFailureEmptyName</a>
<div class="detailToggle" style="display:inline"><a href="javascript:toggleDisplay(&apos;appTest.UpdateProfileTest.UpdateProfileFailureEmptyName&apos;);"><span style="display:inline;" id="appTest.UpdateProfileTest.UpdateProfileFailureEmptyNameoff"> + </span><span style="display:none;" id="appTest.UpdateProfileTest.UpdateProfileFailureEmptyNameon"> - </span>[ Detail ]</a></div></td>
<td>0</td></tr>
<tr class="a">
<td></td>
<td>expected:&lt;null&gt; but was:&lt;queryengine.miscellaneous.ResponseMessage@7a46a697&gt;</td>
<td></td></tr>
<tr class="b">
<td></td>
<td>
<div id="appTest.UpdateProfileTest.UpdateProfileFailureEmptyNameerror" style="display:none;">
<div>
<pre>java.lang.AssertionError: expected:&lt;null&gt; but was:&lt;queryengine.miscellaneous.ResponseMessage@7a46a697&gt;
	at org.junit.Assert.fail(Assert.java:88)
	at org.junit.Assert.failNotEquals(Assert.java:743)
	at org.junit.Assert.assertEquals(Assert.java:118)
	at org.junit.Assert.assertEquals(Assert.java:144)
	at appTest.UpdateProfileTest.UpdateProfileFailureEmptyName(UpdateProfileTest.java:82)
	at sun.reflect.NativeMethodAccessorImpl.invoke0(Native Method)
	at sun.reflect.NativeMethodAccessorImpl.invoke(NativeMethodAccessorImpl.java:62)
	at sun.reflect.DelegatingMethodAccessorImpl.invoke(DelegatingMethodAccessorImpl.java:43)
	at java.lang.reflect.Method.invoke(Method.java:498)
	at org.junit.runners.model.FrameworkMethod$1.runReflectiveCall(FrameworkMethod.java:47)
	at org.junit.internal.runners.model.ReflectiveCallable.run(ReflectiveCallable.java:12)
	at org.junit.runners.model.FrameworkMethod.invokeExplosively(FrameworkMethod.java:44)
	at org.junit.internal.runners.statements.InvokeMethod.evaluate(InvokeMethod.java:17)
	at org.junit.runners.ParentRunner.runLeaf(ParentRunner.java:271)
	at org.junit.runners.BlockJUnit4ClassRunner.runChild(BlockJUnit4ClassRunner.java:70)
	at org.junit.runners.BlockJUnit4ClassRunner.runChild(BlockJUnit4ClassRunner.java:50)
	at org.junit.runners.ParentRunner$3.run(ParentRunner.java:238)
	at org.junit.runners.ParentRunner$1.schedule(ParentRunner.java:63)
	at org.junit.runners.ParentRunner.runChildren(ParentRunner.java:236)
	at org.junit.runners.ParentRunner.access$000(ParentRunner.java:53)
	at org.junit.runners.ParentRunner$2.evaluate(ParentRunner.java:229)
	at org.junit.runners.ParentRunner.run(ParentRunner.java:309)
	at org.apache.maven.surefire.junit4.JUnit4Provider.execute(JUnit4Provider.java:252)
	at org.apache.maven.surefire.junit4.JUnit4Provider.executeTestSet(JUnit4Provider.java:141)
	at org.apache.maven.surefire.junit4.JUnit4Provider.invoke(JUnit4Provider.java:112)
	at sun.reflect.NativeMethodAccessorImpl.invoke0(Native Method)
	at sun.reflect.NativeMethodAccessorImpl.invoke(NativeMethodAccessorImpl.java:62)
	at sun.reflect.DelegatingMethodAccessorImpl.invoke(DelegatingMethodAccessorImpl.java:43)
	at java.lang.reflect.Method.invoke(Method.java:498)
	at org.apache.maven.surefire.util.ReflectionUtils.invokeMethodWithArray(ReflectionUtils.java:189)
	at org.apache.maven.surefire.booter.ProviderFactory$ProviderProxy.invoke(ProviderFactory.java:165)
	at org.apache.maven.surefire.booter.ProviderFactory.invokeProvider(ProviderFactory.java:85)
	at org.apache.maven.surefire.booter.ForkedBooter.runSuitesInProcess(ForkedBooter.java:115)
	at org.apache.maven.surefire.booter.ForkedBooter.main(ForkedBooter.java:75)</pre></div></div></td>
<td></td></tr>
<tr class="a">
<td><a href="#appTest.UpdateProfileTest.UpdateProfileNameSuccess"><img src="images/icon_error_sml.gif" alt="" /></a></td>
<td><a name="TC_appTest.UpdateProfileTest.UpdateProfileNameSuccess"></a><a href="#appTest.UpdateProfileTest.UpdateProfileNameSuccess">UpdateProfileNameSuccess</a>
<div class="detailToggle" style="display:inline"><a href="javascript:toggleDisplay(&apos;appTest.UpdateProfileTest.UpdateProfileNameSuccess&apos;);"><span style="display:inline;" id="appTest.UpdateProfileTest.UpdateProfileNameSuccessoff"> + </span><span style="display:none;" id="appTest.UpdateProfileTest.UpdateProfileNameSuccesson"> - </span>[ Detail ]</a></div></td>
<td>0.001</td></tr>
<tr class="b">
<td></td>
<td>expected:&lt;null&gt; but was:&lt;queryengine.miscellaneous.ResponseMessage@6d86b085&gt;</td>
<td></td></tr>
<tr class="a">
<td></td>
<td>
<div id="appTest.UpdateProfileTest.UpdateProfileNameSuccesserror" style="display:none;">
<div>
<pre>java.lang.AssertionError: expected:&lt;null&gt; but was:&lt;queryengine.miscellaneous.ResponseMessage@6d86b085&gt;
	at org.junit.Assert.fail(Assert.java:88)
	at org.junit.Assert.failNotEquals(Assert.java:743)
	at org.junit.Assert.assertEquals(Assert.java:118)
	at org.junit.Assert.assertEquals(Assert.java:144)
	at appTest.UpdateProfileTest.UpdateProfileNameSuccess(UpdateProfileTest.java:34)
	at sun.reflect.NativeMethodAccessorImpl.invoke0(Native Method)
	at sun.reflect.NativeMethodAccessorImpl.invoke(NativeMethodAccessorImpl.java:62)
	at sun.reflect.DelegatingMethodAccessorImpl.invoke(DelegatingMethodAccessorImpl.java:43)
	at java.lang.reflect.Method.invoke(Method.java:498)
	at org.junit.runners.model.FrameworkMethod$1.runReflectiveCall(FrameworkMethod.java:47)
	at org.junit.internal.runners.model.ReflectiveCallable.run(ReflectiveCallable.java:12)
	at org.junit.runners.model.FrameworkMethod.invokeExplosively(FrameworkMethod.java:44)
	at org.junit.internal.runners.statements.InvokeMethod.evaluate(InvokeMethod.java:17)
	at org.junit.runners.ParentRunner.runLeaf(ParentRunner.java:271)
	at org.junit.runners.BlockJUnit4ClassRunner.runChild(BlockJUnit4ClassRunner.java:70)
	at org.junit.runners.BlockJUnit4ClassRunner.runChild(BlockJUnit4ClassRunner.java:50)
	at org.junit.runners.ParentRunner$3.run(ParentRunner.java:238)
	at org.junit.runners.ParentRunner$1.schedule(ParentRunner.java:63)
	at org.junit.runners.ParentRunner.runChildren(ParentRunner.java:236)
	at org.junit.runners.ParentRunner.access$000(ParentRunner.java:53)
	at org.junit.runners.ParentRunner$2.evaluate(ParentRunner.java:229)
	at org.junit.runners.ParentRunner.run(ParentRunner.java:309)
	at org.apache.maven.surefire.junit4.JUnit4Provider.execute(JUnit4Provider.java:252)
	at org.apache.maven.surefire.junit4.JUnit4Provider.executeTestSet(JUnit4Provider.java:141)
	at org.apache.maven.surefire.junit4.JUnit4Provider.invoke(JUnit4Provider.java:112)
	at sun.reflect.NativeMethodAccessorImpl.invoke0(Native Method)
	at sun.reflect.NativeMethodAccessorImpl.invoke(NativeMethodAccessorImpl.java:62)
	at sun.reflect.DelegatingMethodAccessorImpl.invoke(DelegatingMethodAccessorImpl.java:43)
	at java.lang.reflect.Method.invoke(Method.java:498)
	at org.apache.maven.surefire.util.ReflectionUtils.invokeMethodWithArray(ReflectionUtils.java:189)
	at org.apache.maven.surefire.booter.ProviderFactory$ProviderProxy.invoke(ProviderFactory.java:165)
	at org.apache.maven.surefire.booter.ProviderFactory.invokeProvider(ProviderFactory.java:85)
	at org.apache.maven.surefire.booter.ForkedBooter.runSuitesInProcess(ForkedBooter.java:115)
	at org.apache.maven.surefire.booter.ForkedBooter.main(ForkedBooter.java:75)</pre></div></div></td>
<td></td></tr>
<tr class="b">
<td><a href="#appTest.UpdateProfileTest.UpdateProfileFailureLessDigitsPhoneNumber"><img src="images/icon_error_sml.gif" alt="" /></a></td>
<td><a name="TC_appTest.UpdateProfileTest.UpdateProfileFailureLessDigitsPhoneNumber"></a><a href="#appTest.UpdateProfileTest.UpdateProfileFailureLessDigitsPhoneNumber">UpdateProfileFailureLessDigitsPhoneNumber</a>
<div class="detailToggle" style="display:inline"><a href="javascript:toggleDisplay(&apos;appTest.UpdateProfileTest.UpdateProfileFailureLessDigitsPhoneNumber&apos;);"><span style="display:inline;" id="appTest.UpdateProfileTest.UpdateProfileFailureLessDigitsPhoneNumberoff"> + </span><span style="display:none;" id="appTest.UpdateProfileTest.UpdateProfileFailureLessDigitsPhoneNumberon"> - </span>[ Detail ]</a></div></td>
<td>0.001</td></tr>
<tr class="a">
<td></td>
<td>expected:&lt;null&gt; but was:&lt;queryengine.miscellaneous.ResponseMessage@3abfe836&gt;</td>
<td></td></tr>
<tr class="b">
<td></td>
<td>
<div id="appTest.UpdateProfileTest.UpdateProfileFailureLessDigitsPhoneNumbererror" style="display:none;">
<div>
<pre>java.lang.AssertionError: expected:&lt;null&gt; but was:&lt;queryengine.miscellaneous.ResponseMessage@3abfe836&gt;
	at org.junit.Assert.fail(Assert.java:88)
	at org.junit.Assert.failNotEquals(Assert.java:743)
	at org.junit.Assert.assertEquals(Assert.java:118)
	at org.junit.Assert.assertEquals(Assert.java:144)
	at appTest.UpdateProfileTest.UpdateProfileFailureLessDigitsPhoneNumber(UpdateProfileTest.java:98)
	at sun.reflect.NativeMethodAccessorImpl.invoke0(Native Method)
	at sun.reflect.NativeMethodAccessorImpl.invoke(NativeMethodAccessorImpl.java:62)
	at sun.reflect.DelegatingMethodAccessorImpl.invoke(DelegatingMethodAccessorImpl.java:43)
	at java.lang.reflect.Method.invoke(Method.java:498)
	at org.junit.runners.model.FrameworkMethod$1.runReflectiveCall(FrameworkMethod.java:47)
	at org.junit.internal.runners.model.ReflectiveCallable.run(ReflectiveCallable.java:12)
	at org.junit.runners.model.FrameworkMethod.invokeExplosively(FrameworkMethod.java:44)
	at org.junit.internal.runners.statements.InvokeMethod.evaluate(InvokeMethod.java:17)
	at org.junit.runners.ParentRunner.runLeaf(ParentRunner.java:271)
	at org.junit.runners.BlockJUnit4ClassRunner.runChild(BlockJUnit4ClassRunner.java:70)
	at org.junit.runners.BlockJUnit4ClassRunner.runChild(BlockJUnit4ClassRunner.java:50)
	at org.junit.runners.ParentRunner$3.run(ParentRunner.java:238)
	at org.junit.runners.ParentRunner$1.schedule(ParentRunner.java:63)
	at org.junit.runners.ParentRunner.runChildren(ParentRunner.java:236)
	at org.junit.runners.ParentRunner.access$000(ParentRunner.java:53)
	at org.junit.runners.ParentRunner$2.evaluate(ParentRunner.java:229)
	at org.junit.runners.ParentRunner.run(ParentRunner.java:309)
	at org.apache.maven.surefire.junit4.JUnit4Provider.execute(JUnit4Provider.java:252)
	at org.apache.maven.surefire.junit4.JUnit4Provider.executeTestSet(JUnit4Provider.java:141)
	at org.apache.maven.surefire.junit4.JUnit4Provider.invoke(JUnit4Provider.java:112)
	at sun.reflect.NativeMethodAccessorImpl.invoke0(Native Method)
	at sun.reflect.NativeMethodAccessorImpl.invoke(NativeMethodAccessorImpl.java:62)
	at sun.reflect.DelegatingMethodAccessorImpl.invoke(DelegatingMethodAccessorImpl.java:43)
	at java.lang.reflect.Method.invoke(Method.java:498)
	at org.apache.maven.surefire.util.ReflectionUtils.invokeMethodWithArray(ReflectionUtils.java:189)
	at org.apache.maven.surefire.booter.ProviderFactory$ProviderProxy.invoke(ProviderFactory.java:165)
	at org.apache.maven.surefire.booter.ProviderFactory.invokeProvider(ProviderFactory.java:85)
	at org.apache.maven.surefire.booter.ForkedBooter.runSuitesInProcess(ForkedBooter.java:115)
	at org.apache.maven.surefire.booter.ForkedBooter.main(ForkedBooter.java:75)</pre></div></div></td>
<td></td></tr>
<tr class="a">
<td><a href="#appTest.UpdateProfileTest.UpdateProfileFailureSplCharacterName"><img src="images/icon_error_sml.gif" alt="" /></a></td>
<td><a name="TC_appTest.UpdateProfileTest.UpdateProfileFailureSplCharacterName"></a><a href="#appTest.UpdateProfileTest.UpdateProfileFailureSplCharacterName">UpdateProfileFailureSplCharacterName</a>
<div class="detailToggle" style="display:inline"><a href="javascript:toggleDisplay(&apos;appTest.UpdateProfileTest.UpdateProfileFailureSplCharacterName&apos;);"><span style="display:inline;" id="appTest.UpdateProfileTest.UpdateProfileFailureSplCharacterNameoff"> + </span><span style="display:none;" id="appTest.UpdateProfileTest.UpdateProfileFailureSplCharacterNameon"> - </span>[ Detail ]</a></div></td>
<td>0.001</td></tr>
<tr class="b">
<td></td>
<td>expected:&lt;null&gt; but was:&lt;queryengine.miscellaneous.ResponseMessage@77afea7d&gt;</td>
<td></td></tr>
<tr class="a">
<td></td>
<td>
<div id="appTest.UpdateProfileTest.UpdateProfileFailureSplCharacterNameerror" style="display:none;">
<div>
<pre>java.lang.AssertionError: expected:&lt;null&gt; but was:&lt;queryengine.miscellaneous.ResponseMessage@77afea7d&gt;
	at org.junit.Assert.fail(Assert.java:88)
	at org.junit.Assert.failNotEquals(Assert.java:743)
	at org.junit.Assert.assertEquals(Assert.java:118)
	at org.junit.Assert.assertEquals(Assert.java:144)
	at appTest.UpdateProfileTest.UpdateProfileFailureSplCharacterName(UpdateProfileTest.java:58)
	at sun.reflect.NativeMethodAccessorImpl.invoke0(Native Method)
	at sun.reflect.NativeMethodAccessorImpl.invoke(NativeMethodAccessorImpl.java:62)
	at sun.reflect.DelegatingMethodAccessorImpl.invoke(DelegatingMethodAccessorImpl.java:43)
	at java.lang.reflect.Method.invoke(Method.java:498)
	at org.junit.runners.model.FrameworkMethod$1.runReflectiveCall(FrameworkMethod.java:47)
	at org.junit.internal.runners.model.ReflectiveCallable.run(ReflectiveCallable.java:12)
	at org.junit.runners.model.FrameworkMethod.invokeExplosively(FrameworkMethod.java:44)
	at org.junit.internal.runners.statements.InvokeMethod.evaluate(InvokeMethod.java:17)
	at org.junit.runners.ParentRunner.runLeaf(ParentRunner.java:271)
	at org.junit.runners.BlockJUnit4ClassRunner.runChild(BlockJUnit4ClassRunner.java:70)
	at org.junit.runners.BlockJUnit4ClassRunner.runChild(BlockJUnit4ClassRunner.java:50)
	at org.junit.runners.ParentRunner$3.run(ParentRunner.java:238)
	at org.junit.runners.ParentRunner$1.schedule(ParentRunner.java:63)
	at org.junit.runners.ParentRunner.runChildren(ParentRunner.java:236)
	at org.junit.runners.ParentRunner.access$000(ParentRunner.java:53)
	at org.junit.runners.ParentRunner$2.evaluate(ParentRunner.java:229)
	at org.junit.runners.ParentRunner.run(ParentRunner.java:309)
	at org.apache.maven.surefire.junit4.JUnit4Provider.execute(JUnit4Provider.java:252)
	at org.apache.maven.surefire.junit4.JUnit4Provider.executeTestSet(JUnit4Provider.java:141)
	at org.apache.maven.surefire.junit4.JUnit4Provider.invoke(JUnit4Provider.java:112)
	at sun.reflect.NativeMethodAccessorImpl.invoke0(Native Method)
	at sun.reflect.NativeMethodAccessorImpl.invoke(NativeMethodAccessorImpl.java:62)
	at sun.reflect.DelegatingMethodAccessorImpl.invoke(DelegatingMethodAccessorImpl.java:43)
	at java.lang.reflect.Method.invoke(Method.java:498)
	at org.apache.maven.surefire.util.ReflectionUtils.invokeMethodWithArray(ReflectionUtils.java:189)
	at org.apache.maven.surefire.booter.ProviderFactory$ProviderProxy.invoke(ProviderFactory.java:165)
	at org.apache.maven.surefire.booter.ProviderFactory.invokeProvider(ProviderFactory.java:85)
	at org.apache.maven.surefire.booter.ForkedBooter.runSuitesInProcess(ForkedBooter.java:115)
	at org.apache.maven.surefire.booter.ForkedBooter.main(ForkedBooter.java:75)</pre></div></div></td>
<td></td></tr>
<tr class="b">
<td><a href="#appTest.UpdateProfileTest.UpdateProfilePasswordSuccess"><img src="images/icon_error_sml.gif" alt="" /></a></td>
<td><a name="TC_appTest.UpdateProfileTest.UpdateProfilePasswordSuccess"></a><a href="#appTest.UpdateProfileTest.UpdateProfilePasswordSuccess">UpdateProfilePasswordSuccess</a>
<div class="detailToggle" style="display:inline"><a href="javascript:toggleDisplay(&apos;appTest.UpdateProfileTest.UpdateProfilePasswordSuccess&apos;);"><span style="display:inline;" id="appTest.UpdateProfileTest.UpdateProfilePasswordSuccessoff"> + </span><span style="display:none;" id="appTest.UpdateProfileTest.UpdateProfilePasswordSuccesson"> - </span>[ Detail ]</a></div></td>
<td>0.001</td></tr>
<tr class="a">
<td></td>
<td>expected:&lt;null&gt; but was:&lt;queryengine.miscellaneous.ResponseMessage@532760d8&gt;</td>
<td></td></tr>
<tr class="b">
<td></td>
<td>
<div id="appTest.UpdateProfileTest.UpdateProfilePasswordSuccesserror" style="display:none;">
<div>
<pre>java.lang.AssertionError: expected:&lt;null&gt; but was:&lt;queryengine.miscellaneous.ResponseMessage@532760d8&gt;
	at org.junit.Assert.fail(Assert.java:88)
	at org.junit.Assert.failNotEquals(Assert.java:743)
	at org.junit.Assert.assertEquals(Assert.java:118)
	at org.junit.Assert.assertEquals(Assert.java:144)
	at appTest.UpdateProfileTest.UpdateProfilePasswordSuccess(UpdateProfileTest.java:26)
	at sun.reflect.NativeMethodAccessorImpl.invoke0(Native Method)
	at sun.reflect.NativeMethodAccessorImpl.invoke(NativeMethodAccessorImpl.java:62)
	at sun.reflect.DelegatingMethodAccessorImpl.invoke(DelegatingMethodAccessorImpl.java:43)
	at java.lang.reflect.Method.invoke(Method.java:498)
	at org.junit.runners.model.FrameworkMethod$1.runReflectiveCall(FrameworkMethod.java:47)
	at org.junit.internal.runners.model.ReflectiveCallable.run(ReflectiveCallable.java:12)
	at org.junit.runners.model.FrameworkMethod.invokeExplosively(FrameworkMethod.java:44)
	at org.junit.internal.runners.statements.InvokeMethod.evaluate(InvokeMethod.java:17)
	at org.junit.runners.ParentRunner.runLeaf(ParentRunner.java:271)
	at org.junit.runners.BlockJUnit4ClassRunner.runChild(BlockJUnit4ClassRunner.java:70)
	at org.junit.runners.BlockJUnit4ClassRunner.runChild(BlockJUnit4ClassRunner.java:50)
	at org.junit.runners.ParentRunner$3.run(ParentRunner.java:238)
	at org.junit.runners.ParentRunner$1.schedule(ParentRunner.java:63)
	at org.junit.runners.ParentRunner.runChildren(ParentRunner.java:236)
	at org.junit.runners.ParentRunner.access$000(ParentRunner.java:53)
	at org.junit.runners.ParentRunner$2.evaluate(ParentRunner.java:229)
	at org.junit.runners.ParentRunner.run(ParentRunner.java:309)
	at org.apache.maven.surefire.junit4.JUnit4Provider.execute(JUnit4Provider.java:252)
	at org.apache.maven.surefire.junit4.JUnit4Provider.executeTestSet(JUnit4Provider.java:141)
	at org.apache.maven.surefire.junit4.JUnit4Provider.invoke(JUnit4Provider.java:112)
	at sun.reflect.NativeMethodAccessorImpl.invoke0(Native Method)
	at sun.reflect.NativeMethodAccessorImpl.invoke(NativeMethodAccessorImpl.java:62)
	at sun.reflect.DelegatingMethodAccessorImpl.invoke(DelegatingMethodAccessorImpl.java:43)
	at java.lang.reflect.Method.invoke(Method.java:498)
	at org.apache.maven.surefire.util.ReflectionUtils.invokeMethodWithArray(ReflectionUtils.java:189)
	at org.apache.maven.surefire.booter.ProviderFactory$ProviderProxy.invoke(ProviderFactory.java:165)
	at org.apache.maven.surefire.booter.ProviderFactory.invokeProvider(ProviderFactory.java:85)
	at org.apache.maven.surefire.booter.ForkedBooter.runSuitesInProcess(ForkedBooter.java:115)
	at org.apache.maven.surefire.booter.ForkedBooter.main(ForkedBooter.java:75)</pre></div></div></td>
<td></td></tr>
<tr class="a">
<td><a href="#appTest.UpdateProfileTest.UpdateProfileFailureEmptyPassword"><img src="images/icon_error_sml.gif" alt="" /></a></td>
<td><a name="TC_appTest.UpdateProfileTest.UpdateProfileFailureEmptyPassword"></a><a href="#appTest.UpdateProfileTest.UpdateProfileFailureEmptyPassword">UpdateProfileFailureEmptyPassword</a>
<div class="detailToggle" style="display:inline"><a href="javascript:toggleDisplay(&apos;appTest.UpdateProfileTest.UpdateProfileFailureEmptyPassword&apos;);"><span style="display:inline;" id="appTest.UpdateProfileTest.UpdateProfileFailureEmptyPasswordoff"> + </span><span style="display:none;" id="appTest.UpdateProfileTest.UpdateProfileFailureEmptyPasswordon"> - </span>[ Detail ]</a></div></td>
<td>0</td></tr>
<tr class="b">
<td></td>
<td>expected:&lt;null&gt; but was:&lt;queryengine.miscellaneous.ResponseMessage@5f8ed237&gt;</td>
<td></td></tr>
<tr class="a">
<td></td>
<td>
<div id="appTest.UpdateProfileTest.UpdateProfileFailureEmptyPassworderror" style="display:none;">
<div>
<pre>java.lang.AssertionError: expected:&lt;null&gt; but was:&lt;queryengine.miscellaneous.ResponseMessage@5f8ed237&gt;
	at org.junit.Assert.fail(Assert.java:88)
	at org.junit.Assert.failNotEquals(Assert.java:743)
	at org.junit.Assert.assertEquals(Assert.java:118)
	at org.junit.Assert.assertEquals(Assert.java:144)
	at appTest.UpdateProfileTest.UpdateProfileFailureEmptyPassword(UpdateProfileTest.java:90)
	at sun.reflect.NativeMethodAccessorImpl.invoke0(Native Method)
	at sun.reflect.NativeMethodAccessorImpl.invoke(NativeMethodAccessorImpl.java:62)
	at sun.reflect.DelegatingMethodAccessorImpl.invoke(DelegatingMethodAccessorImpl.java:43)
	at java.lang.reflect.Method.invoke(Method.java:498)
	at org.junit.runners.model.FrameworkMethod$1.runReflectiveCall(FrameworkMethod.java:47)
	at org.junit.internal.runners.model.ReflectiveCallable.run(ReflectiveCallable.java:12)
	at org.junit.runners.model.FrameworkMethod.invokeExplosively(FrameworkMethod.java:44)
	at org.junit.internal.runners.statements.InvokeMethod.evaluate(InvokeMethod.java:17)
	at org.junit.runners.ParentRunner.runLeaf(ParentRunner.java:271)
	at org.junit.runners.BlockJUnit4ClassRunner.runChild(BlockJUnit4ClassRunner.java:70)
	at org.junit.runners.BlockJUnit4ClassRunner.runChild(BlockJUnit4ClassRunner.java:50)
	at org.junit.runners.ParentRunner$3.run(ParentRunner.java:238)
	at org.junit.runners.ParentRunner$1.schedule(ParentRunner.java:63)
	at org.junit.runners.ParentRunner.runChildren(ParentRunner.java:236)
	at org.junit.runners.ParentRunner.access$000(ParentRunner.java:53)
	at org.junit.runners.ParentRunner$2.evaluate(ParentRunner.java:229)
	at org.junit.runners.ParentRunner.run(ParentRunner.java:309)
	at org.apache.maven.surefire.junit4.JUnit4Provider.execute(JUnit4Provider.java:252)
	at org.apache.maven.surefire.junit4.JUnit4Provider.executeTestSet(JUnit4Provider.java:141)
	at org.apache.maven.surefire.junit4.JUnit4Provider.invoke(JUnit4Provider.java:112)
	at sun.reflect.NativeMethodAccessorImpl.invoke0(Native Method)
	at sun.reflect.NativeMethodAccessorImpl.invoke(NativeMethodAccessorImpl.java:62)
	at sun.reflect.DelegatingMethodAccessorImpl.invoke(DelegatingMethodAccessorImpl.java:43)
	at java.lang.reflect.Method.invoke(Method.java:498)
	at org.apache.maven.surefire.util.ReflectionUtils.invokeMethodWithArray(ReflectionUtils.java:189)
	at org.apache.maven.surefire.booter.ProviderFactory$ProviderProxy.invoke(ProviderFactory.java:165)
	at org.apache.maven.surefire.booter.ProviderFactory.invokeProvider(ProviderFactory.java:85)
	at org.apache.maven.surefire.booter.ForkedBooter.runSuitesInProcess(ForkedBooter.java:115)
	at org.apache.maven.surefire.booter.ForkedBooter.main(ForkedBooter.java:75)</pre></div></div></td>
<td></td></tr>
<tr class="b">
<td><a href="#appTest.UpdateProfileTest.UpdateProfileFailureMoreDigitsPhoneNumber"><img src="images/icon_error_sml.gif" alt="" /></a></td>
<td><a name="TC_appTest.UpdateProfileTest.UpdateProfileFailureMoreDigitsPhoneNumber"></a><a href="#appTest.UpdateProfileTest.UpdateProfileFailureMoreDigitsPhoneNumber">UpdateProfileFailureMoreDigitsPhoneNumber</a>
<div class="detailToggle" style="display:inline"><a href="javascript:toggleDisplay(&apos;appTest.UpdateProfileTest.UpdateProfileFailureMoreDigitsPhoneNumber&apos;);"><span style="display:inline;" id="appTest.UpdateProfileTest.UpdateProfileFailureMoreDigitsPhoneNumberoff"> + </span><span style="display:none;" id="appTest.UpdateProfileTest.UpdateProfileFailureMoreDigitsPhoneNumberon"> - </span>[ Detail ]</a></div></td>
<td>0.001</td></tr>
<tr class="a">
<td></td>
<td>expected:&lt;null&gt; but was:&lt;queryengine.miscellaneous.ResponseMessage@47089e5f&gt;</td>
<td></td></tr>
<tr class="b">
<td></td>
<td>
<div id="appTest.UpdateProfileTest.UpdateProfileFailureMoreDigitsPhoneNumbererror" style="display:none;">
<div>
<pre>java.lang.AssertionError: expected:&lt;null&gt; but was:&lt;queryengine.miscellaneous.ResponseMessage@47089e5f&gt;
	at org.junit.Assert.fail(Assert.java:88)
	at org.junit.Assert.failNotEquals(Assert.java:743)
	at org.junit.Assert.assertEquals(Assert.java:118)
	at org.junit.Assert.assertEquals(Assert.java:144)
	at appTest.UpdateProfileTest.UpdateProfileFailureMoreDigitsPhoneNumber(UpdateProfileTest.java:105)
	at sun.reflect.NativeMethodAccessorImpl.invoke0(Native Method)
	at sun.reflect.NativeMethodAccessorImpl.invoke(NativeMethodAccessorImpl.java:62)
	at sun.reflect.DelegatingMethodAccessorImpl.invoke(DelegatingMethodAccessorImpl.java:43)
	at java.lang.reflect.Method.invoke(Method.java:498)
	at org.junit.runners.model.FrameworkMethod$1.runReflectiveCall(FrameworkMethod.java:47)
	at org.junit.internal.runners.model.ReflectiveCallable.run(ReflectiveCallable.java:12)
	at org.junit.runners.model.FrameworkMethod.invokeExplosively(FrameworkMethod.java:44)
	at org.junit.internal.runners.statements.InvokeMethod.evaluate(InvokeMethod.java:17)
	at org.junit.runners.ParentRunner.runLeaf(ParentRunner.java:271)
	at org.junit.runners.BlockJUnit4ClassRunner.runChild(BlockJUnit4ClassRunner.java:70)
	at org.junit.runners.BlockJUnit4ClassRunner.runChild(BlockJUnit4ClassRunner.java:50)
	at org.junit.runners.ParentRunner$3.run(ParentRunner.java:238)
	at org.junit.runners.ParentRunner$1.schedule(ParentRunner.java:63)
	at org.junit.runners.ParentRunner.runChildren(ParentRunner.java:236)
	at org.junit.runners.ParentRunner.access$000(ParentRunner.java:53)
	at org.junit.runners.ParentRunner$2.evaluate(ParentRunner.java:229)
	at org.junit.runners.ParentRunner.run(ParentRunner.java:309)
	at org.apache.maven.surefire.junit4.JUnit4Provider.execute(JUnit4Provider.java:252)
	at org.apache.maven.surefire.junit4.JUnit4Provider.executeTestSet(JUnit4Provider.java:141)
	at org.apache.maven.surefire.junit4.JUnit4Provider.invoke(JUnit4Provider.java:112)
	at sun.reflect.NativeMethodAccessorImpl.invoke0(Native Method)
	at sun.reflect.NativeMethodAccessorImpl.invoke(NativeMethodAccessorImpl.java:62)
	at sun.reflect.DelegatingMethodAccessorImpl.invoke(DelegatingMethodAccessorImpl.java:43)
	at java.lang.reflect.Method.invoke(Method.java:498)
	at org.apache.maven.surefire.util.ReflectionUtils.invokeMethodWithArray(ReflectionUtils.java:189)
	at org.apache.maven.surefire.booter.ProviderFactory$ProviderProxy.invoke(ProviderFactory.java:165)
	at org.apache.maven.surefire.booter.ProviderFactory.invokeProvider(ProviderFactory.java:85)
	at org.apache.maven.surefire.booter.ForkedBooter.runSuitesInProcess(ForkedBooter.java:115)
	at org.apache.maven.surefire.booter.ForkedBooter.main(ForkedBooter.java:75)</pre></div></div></td>
<td></td></tr></table></div>
<div class="section">
<h3><a name="DatabaseTest"></a>DatabaseTest</h3><a name="backend.parser.mysqldbDatabaseTest"></a>
<table border="1" class="bodyTable">
<tr class="a">
<td><img src="images/icon_success_sml.gif" alt="" /></td>
<td><a name="TC_backend.parser.mysqldb.DatabaseTest.testDatabaseConnection"></a>testDatabaseConnection</td>
<td>0.001</td></tr>
<tr class="b">
<td><img src="images/icon_success_sml.gif" alt="" /></td>
<td><a name="TC_backend.parser.mysqldb.DatabaseTest.articleTableExists"></a>articleTableExists</td>
<td>2.245</td></tr>
<tr class="a">
<td><img src="images/icon_success_sml.gif" alt="" /></td>
<td><a name="TC_backend.parser.mysqldb.DatabaseTest.inProceedingTableExists"></a>inProceedingTableExists</td>
<td>6.402</td></tr>
<tr class="b">
<td><img src="images/icon_success_sml.gif" alt="" /></td>
<td><a name="TC_backend.parser.mysqldb.DatabaseTest.inCollectionTableExists"></a>inCollectionTableExists</td>
<td>4.631</td></tr>
<tr class="a">
<td><img src="images/icon_success_sml.gif" alt="" /></td>
<td><a name="TC_backend.parser.mysqldb.DatabaseTest.committeeMemberTableExists"></a>committeeMemberTableExists</td>
<td>0.251</td></tr>
<tr class="b">
<td><img src="images/icon_success_sml.gif" alt="" /></td>
<td><a name="TC_backend.parser.mysqldb.DatabaseTest.bookTableExists"></a>bookTableExists</td>
<td>0.295</td></tr>
<tr class="a">
<td><img src="images/icon_success_sml.gif" alt="" /></td>
<td><a name="TC_backend.parser.mysqldb.DatabaseTest.phdThesisTableExists"></a>phdThesisTableExists</td>
<td>2.823</td></tr>
<tr class="b">
<td><img src="images/icon_success_sml.gif" alt="" /></td>
<td><a name="TC_backend.parser.mysqldb.DatabaseTest.proceedingTableExists"></a>proceedingTableExists</td>
<td>0.115</td></tr>
<tr class="a">
<td><img src="images/icon_success_sml.gif" alt="" /></td>
<td><a name="TC_backend.parser.mysqldb.DatabaseTest.userTableExists"></a>userTableExists</td>
<td>0.097</td></tr></table></div>
<div class="section">
<h3><a name="ParseFilesForFolderTest"></a>ParseFilesForFolderTest</h3><a name="backend.parserParseFilesForFolderTest"></a>
<table border="1" class="bodyTable">
<tr class="a">
<td><a href="#backend.parser.ParseFilesForFolderTest.testForRightFolderPath"><img src="images/icon_warning_sml.gif" alt="" /></a></td>
<td><a name="TC_backend.parser.ParseFilesForFolderTest.testForRightFolderPath"></a><a href="#backend.parser.ParseFilesForFolderTest.testForRightFolderPath">testForRightFolderPath</a>
<div class="detailToggle" style="display:inline"><a href="javascript:toggleDisplay(&apos;backend.parser.ParseFilesForFolderTest.testForRightFolderPath&apos;);"><span style="display:inline;" id="backend.parser.ParseFilesForFolderTest.testForRightFolderPathoff"> + </span><span style="display:none;" id="backend.parser.ParseFilesForFolderTest.testForRightFolderPathon"> - </span>[ Detail ]</a></div></td>
<td>0</td></tr>
<tr class="b">
<td></td>
<td>skipped</td>
<td></td></tr>
<tr class="a">
<td><img src="images/icon_success_sml.gif" alt="" /></td>
<td><a name="TC_backend.parser.ParseFilesForFolderTest.testForWrongFolderPath"></a>testForWrongFolderPath</td>
<td>0</td></tr></table></div>
<div class="section">
<h3><a name="XmlParserTest"></a>XmlParserTest</h3><a name="backend.parserXmlParserTest"></a>
<table border="1" class="bodyTable">
<tr class="a">
<td><a href="#backend.parser.XmlParserTest.testForRightXMLFilePath"><img src="images/icon_warning_sml.gif" alt="" /></a></td>
<td><a name="TC_backend.parser.XmlParserTest.testForRightXMLFilePath"></a><a href="#backend.parser.XmlParserTest.testForRightXMLFilePath">testForRightXMLFilePath</a>
<div class="detailToggle" style="display:inline"><a href="javascript:toggleDisplay(&apos;backend.parser.XmlParserTest.testForRightXMLFilePath&apos;);"><span style="display:inline;" id="backend.parser.XmlParserTest.testForRightXMLFilePathoff"> + </span><span style="display:none;" id="backend.parser.XmlParserTest.testForRightXMLFilePathon"> - </span>[ Detail ]</a></div></td>
<td>0</td></tr>
<tr class="b">
<td></td>
<td>skipped</td>
<td></td></tr>
<tr class="a">
<td><img src="images/icon_success_sml.gif" alt="" /></td>
<td><a name="TC_backend.parser.XmlParserTest.testForWrongXMLFilePath"></a>testForWrongXMLFilePath</td>
<td>0.178</td></tr></table></div>
<div class="section">
<h3><a name="LoginTest"></a>LoginTest</h3><a name="queryengine.appLoginTest"></a>
<table border="1" class="bodyTable">
<tr class="a">
<td><img src="images/icon_success_sml.gif" alt="" /></td>
<td><a name="TC_queryengine.app.LoginTest.testLoginSuccess1"></a>testLoginSuccess1</td>
<td>0.229</td></tr>
<tr class="b">
<td><img src="images/icon_success_sml.gif" alt="" /></td>
<td><a name="TC_queryengine.app.LoginTest.testLoginFailure1"></a>testLoginFailure1</td>
<td>0.097</td></tr>
<tr class="a">
<td><img src="images/icon_success_sml.gif" alt="" /></td>
<td><a name="TC_queryengine.app.LoginTest.testLoginFailure2"></a>testLoginFailure2</td>
<td>0.096</td></tr>
<tr class="b">
<td><img src="images/icon_success_sml.gif" alt="" /></td>
<td><a name="TC_queryengine.app.LoginTest.testLoginFailure3"></a>testLoginFailure3</td>
<td>0.1</td></tr>
<tr class="a">
<td><img src="images/icon_success_sml.gif" alt="" /></td>
<td><a name="TC_queryengine.app.LoginTest.testLoginFailure4"></a>testLoginFailure4</td>
<td>0.097</td></tr></table></div>
<div class="section">
<h3><a name="RegisterTest"></a>RegisterTest</h3><a name="queryengine.appRegisterTest"></a>
<table border="1" class="bodyTable">
<tr class="a">
<td><img src="images/icon_success_sml.gif" alt="" /></td>
<td><a name="TC_queryengine.app.RegisterTest.RegisterFailureExistingUsername"></a>RegisterFailureExistingUsername</td>
<td>0.098</td></tr>
<tr class="b">
<td><img src="images/icon_success_sml.gif" alt="" /></td>
<td><a name="TC_queryengine.app.RegisterTest.RegisterSuccess1"></a>RegisterSuccess1</td>
<td>0.101</td></tr></table></div>
<div class="section">
<h3><a name="UpdateProfileTest"></a>UpdateProfileTest</h3><a name="queryengine.appUpdateProfileTest"></a>
<table border="1" class="bodyTable">
<tr class="a">
<td><img src="images/icon_success_sml.gif" alt="" /></td>
<td><a name="TC_queryengine.app.UpdateProfileTest.UpdateProfileAllFieldsSuccess"></a>UpdateProfileAllFieldsSuccess</td>
<td>0.476</td></tr>
<tr class="b">
<td><img src="images/icon_success_sml.gif" alt="" /></td>
<td><a name="TC_queryengine.app.UpdateProfileTest.UpdateProfileNameSuccess"></a>UpdateProfileNameSuccess</td>
<td>0.437</td></tr>
<tr class="a">
<td><img src="images/icon_success_sml.gif" alt="" /></td>
<td><a name="TC_queryengine.app.UpdateProfileTest.UpdateProfilePasswordSuccess"></a>UpdateProfilePasswordSuccess</td>
<td>0.396</td></tr></table></div><br /></div>
<div class="section">
<h2><a name="Failure_Details"></a>Failure Details</h2><a name="Failure_Details"></a>
<p>[<a href="#Summary">Summary</a>] [<a href="#Package_List">Package List</a>] [<a href="#Test_Cases">Test Cases</a>]</p><br />
<table border="1" class="bodyTable">
<tr class="a">
<td><img src="images/icon_error_sml.gif" alt="" /></td>
<td><a name="appTest.LoginTest.testLoginSuccess1"></a>testLoginSuccess1</td></tr>
<tr class="b">
<td></td>
<td>java.lang.AssertionError: expected:&lt;queryengine.miscellaneous.ResponseMessage@48cf768c&gt; but was:&lt;queryengine.miscellaneous.ResponseMessage@59f95c5d&gt;</td></tr>
<tr class="a">
<td></td>
<td>
<div id="testLoginSuccess1error">appTest.LoginTest:46</div></td></tr>
<tr class="b">
<td><img src="images/icon_error_sml.gif" alt="" /></td>
<td><a name="appTest.LoginTest.testLoginSuccess2"></a>testLoginSuccess2</td></tr>
<tr class="a">
<td></td>
<td>java.lang.AssertionError: expected:&lt;queryengine.miscellaneous.ResponseMessage@7c53a9eb&gt; but was:&lt;queryengine.miscellaneous.ResponseMessage@ed17bee&gt;</td></tr>
<tr class="b">
<td></td>
<td>
<div id="testLoginSuccess2error">appTest.LoginTest:53</div></td></tr>
<tr class="a">
<td><img src="images/icon_error_sml.gif" alt="" /></td>
<td><a name="appTest.RegisterTest.RegisterFailureNonDigitPhoneNumber"></a>RegisterFailureNonDigitPhoneNumber</td></tr>
<tr class="b">
<td></td>
<td>java.lang.AssertionError: expected:&lt;null&gt; but was:&lt;queryengine.miscellaneous.ResponseMessage@21588809&gt;</td></tr>
<tr class="a">
<td></td>
<td>
<div id="RegisterFailureNonDigitPhoneNumbererror">appTest.RegisterTest:65</div></td></tr>
<tr class="b">
<td><img src="images/icon_error_sml.gif" alt="" /></td>
<td><a name="appTest.RegisterTest.RegisterFailureSpaceInUsername"></a>RegisterFailureSpaceInUsername</td></tr>
<tr class="a">
<td></td>
<td>java.lang.AssertionError: expected:&lt;null&gt; but was:&lt;queryengine.miscellaneous.ResponseMessage@2f333739&gt;</td></tr>
<tr class="b">
<td></td>
<td>
<div id="RegisterFailureSpaceInUsernameerror">appTest.RegisterTest:42</div></td></tr>
<tr class="a">
<td><img src="images/icon_error_sml.gif" alt="" /></td>
<td><a name="appTest.RegisterTest.RegisterFailureExistingUsername"></a>RegisterFailureExistingUsername</td></tr>
<tr class="b">
<td></td>
<td>java.lang.AssertionError: expected:&lt;null&gt; but was:&lt;queryengine.miscellaneous.ResponseMessage@12bb4df8&gt;</td></tr>
<tr class="a">
<td></td>
<td>
<div id="RegisterFailureExistingUsernameerror">appTest.RegisterTest:50</div></td></tr>
<tr class="b">
<td><img src="images/icon_error_sml.gif" alt="" /></td>
<td><a name="appTest.RegisterTest.RegisterFailureSplCharecterUsername"></a>RegisterFailureSplCharecterUsername</td></tr>
<tr class="a">
<td></td>
<td>java.lang.AssertionError: expected:&lt;null&gt; but was:&lt;queryengine.miscellaneous.ResponseMessage@7a7b0070&gt;</td></tr>
<tr class="b">
<td></td>
<td>
<div id="RegisterFailureSplCharecterUsernameerror">appTest.RegisterTest:34</div></td></tr>
<tr class="a">
<td><img src="images/icon_error_sml.gif" alt="" /></td>
<td><a name="appTest.RegisterTest.RegisterSuccessNoSplCharacterPassword"></a>RegisterSuccessNoSplCharacterPassword</td></tr>
<tr class="b">
<td></td>
<td>java.lang.AssertionError: expected:&lt;null&gt; but was:&lt;queryengine.miscellaneous.ResponseMessage@71bc1ae4&gt;</td></tr>
<tr class="a">
<td></td>
<td>
<div id="RegisterSuccessNoSplCharacterPassworderror">appTest.RegisterTest:18</div></td></tr>
<tr class="b">
<td><img src="images/icon_error_sml.gif" alt="" /></td>
<td><a name="appTest.RegisterTest.RegisterFailureLessDigitsPhoneNumber"></a>RegisterFailureLessDigitsPhoneNumber</td></tr>
<tr class="a">
<td></td>
<td>java.lang.AssertionError: expected:&lt;null&gt; but was:&lt;queryengine.miscellaneous.ResponseMessage@2437c6dc&gt;</td></tr>
<tr class="b">
<td></td>
<td>
<div id="RegisterFailureLessDigitsPhoneNumbererror">appTest.RegisterTest:97</div></td></tr>
<tr class="a">
<td><img src="images/icon_error_sml.gif" alt="" /></td>
<td><a name="appTest.RegisterTest.RegisterSuccessSplCharacterPassword"></a>RegisterSuccessSplCharacterPassword</td></tr>
<tr class="b">
<td></td>
<td>java.lang.AssertionError: expected:&lt;null&gt; but was:&lt;queryengine.miscellaneous.ResponseMessage@e73f9ac&gt;</td></tr>
<tr class="a">
<td></td>
<td>
<div id="RegisterSuccessSplCharacterPassworderror">appTest.RegisterTest:26</div></td></tr>
<tr class="b">
<td><img src="images/icon_error_sml.gif" alt="" /></td>
<td><a name="appTest.RegisterTest.RegisterFailureEmptyPassword"></a>RegisterFailureEmptyPassword</td></tr>
<tr class="a">
<td></td>
<td>java.lang.AssertionError: expected:&lt;null&gt; but was:&lt;queryengine.miscellaneous.ResponseMessage@7b1d7fff&gt;</td></tr>
<tr class="b">
<td></td>
<td>
<div id="RegisterFailureEmptyPassworderror">appTest.RegisterTest:89</div></td></tr>
<tr class="a">
<td><img src="images/icon_error_sml.gif" alt="" /></td>
<td><a name="appTest.RegisterTest.RegisterFailureEmptyEmail"></a>RegisterFailureEmptyEmail</td></tr>
<tr class="b">
<td></td>
<td>java.lang.AssertionError: expected:&lt;null&gt; but was:&lt;queryengine.miscellaneous.ResponseMessage@383534aa&gt;</td></tr>
<tr class="a">
<td></td>
<td>
<div id="RegisterFailureEmptyEmailerror">appTest.RegisterTest:73</div></td></tr>
<tr class="b">
<td><img src="images/icon_error_sml.gif" alt="" /></td>
<td><a name="appTest.RegisterTest.RegisterFailureSplCharacterName"></a>RegisterFailureSplCharacterName</td></tr>
<tr class="a">
<td></td>
<td>java.lang.AssertionError: expected:&lt;null&gt; but was:&lt;queryengine.miscellaneous.ResponseMessage@7b3300e5&gt;</td></tr>
<tr class="b">
<td></td>
<td>
<div id="RegisterFailureSplCharacterNameerror">appTest.RegisterTest:57</div></td></tr>
<tr class="a">
<td><img src="images/icon_error_sml.gif" alt="" /></td>
<td><a name="appTest.RegisterTest.RegisterFailureEmptyName"></a>RegisterFailureEmptyName</td></tr>
<tr class="b">
<td></td>
<td>java.lang.AssertionError: expected:&lt;null&gt; but was:&lt;queryengine.miscellaneous.ResponseMessage@136432db&gt;</td></tr>
<tr class="a">
<td></td>
<td>
<div id="RegisterFailureEmptyNameerror">appTest.RegisterTest:81</div></td></tr>
<tr class="b">
<td><img src="images/icon_error_sml.gif" alt="" /></td>
<td><a name="appTest.RegisterTest.RegisterFailureMoreDigitsPhoneNumber"></a>RegisterFailureMoreDigitsPhoneNumber</td></tr>
<tr class="a">
<td></td>
<td>java.lang.AssertionError: expected:&lt;null&gt; but was:&lt;queryengine.miscellaneous.ResponseMessage@1055e4af&gt;</td></tr>
<tr class="b">
<td></td>
<td>
<div id="RegisterFailureMoreDigitsPhoneNumbererror">appTest.RegisterTest:104</div></td></tr>
<tr class="a">
<td><img src="images/icon_error_sml.gif" alt="" /></td>
<td><a name="appTest.UpdateProfileTest.UpdateProfileFailureNonDigitPhoneNumber"></a>UpdateProfileFailureNonDigitPhoneNumber</td></tr>
<tr class="b">
<td></td>
<td>java.lang.AssertionError: expected:&lt;null&gt; but was:&lt;queryengine.miscellaneous.ResponseMessage@e6ea0c6&gt;</td></tr>
<tr class="a">
<td></td>
<td>
<div id="UpdateProfileFailureNonDigitPhoneNumbererror">appTest.UpdateProfileTest:66</div></td></tr>
<tr class="b">
<td><img src="images/icon_error_sml.gif" alt="" /></td>
<td><a name="appTest.UpdateProfileTest.UpdateProfileFailureEmptyEmail"></a>UpdateProfileFailureEmptyEmail</td></tr>
<tr class="a">
<td></td>
<td>java.lang.AssertionError: expected:&lt;null&gt; but was:&lt;queryengine.miscellaneous.ResponseMessage@5577140b&gt;</td></tr>
<tr class="b">
<td></td>
<td>
<div id="UpdateProfileFailureEmptyEmailerror">appTest.UpdateProfileTest:74</div></td></tr>
<tr class="a">
<td><img src="images/icon_error_sml.gif" alt="" /></td>
<td><a name="appTest.UpdateProfileTest.UpdateProfileNumberSuccess"></a>UpdateProfileNumberSuccess</td></tr>
<tr class="b">
<td></td>
<td>java.lang.AssertionError: expected:&lt;null&gt; but was:&lt;queryengine.miscellaneous.ResponseMessage@67f89fa3&gt;</td></tr>
<tr class="a">
<td></td>
<td>
<div id="UpdateProfileNumberSuccesserror">appTest.UpdateProfileTest:42</div></td></tr>
<tr class="b">
<td><img src="images/icon_error_sml.gif" alt="" /></td>
<td><a name="appTest.UpdateProfileTest.UpdateProfileAllFieldsSuccess"></a>UpdateProfileAllFieldsSuccess</td></tr>
<tr class="a">
<td></td>
<td>java.lang.AssertionError: expected:&lt;null&gt; but was:&lt;queryengine.miscellaneous.ResponseMessage@277c0f21&gt;</td></tr>
<tr class="b">
<td></td>
<td>
<div id="UpdateProfileAllFieldsSuccesserror">appTest.UpdateProfileTest:18</div></td></tr>
<tr class="a">
<td><img src="images/icon_error_sml.gif" alt="" /></td>
<td><a name="appTest.UpdateProfileTest.UpdateProfileEmailSuccess"></a>UpdateProfileEmailSuccess</td></tr>
<tr class="b">
<td></td>
<td>java.lang.AssertionError: expected:&lt;null&gt; but was:&lt;queryengine.miscellaneous.ResponseMessage@43556938&gt;</td></tr>
<tr class="a">
<td></td>
<td>
<div id="UpdateProfileEmailSuccesserror">appTest.UpdateProfileTest:50</div></td></tr>
<tr class="b">
<td><img src="images/icon_error_sml.gif" alt="" /></td>
<td><a name="appTest.UpdateProfileTest.UpdateProfileFailureEmptyName"></a>UpdateProfileFailureEmptyName</td></tr>
<tr class="a">
<td></td>
<td>java.lang.AssertionError: expected:&lt;null&gt; but was:&lt;queryengine.miscellaneous.ResponseMessage@7a46a697&gt;</td></tr>
<tr class="b">
<td></td>
<td>
<div id="UpdateProfileFailureEmptyNameerror">appTest.UpdateProfileTest:82</div></td></tr>
<tr class="a">
<td><img src="images/icon_error_sml.gif" alt="" /></td>
<td><a name="appTest.UpdateProfileTest.UpdateProfileNameSuccess"></a>UpdateProfileNameSuccess</td></tr>
<tr class="b">
<td></td>
<td>java.lang.AssertionError: expected:&lt;null&gt; but was:&lt;queryengine.miscellaneous.ResponseMessage@6d86b085&gt;</td></tr>
<tr class="a">
<td></td>
<td>
<div id="UpdateProfileNameSuccesserror">appTest.UpdateProfileTest:34</div></td></tr>
<tr class="b">
<td><img src="images/icon_error_sml.gif" alt="" /></td>
<td><a name="appTest.UpdateProfileTest.UpdateProfileFailureLessDigitsPhoneNumber"></a>UpdateProfileFailureLessDigitsPhoneNumber</td></tr>
<tr class="a">
<td></td>
<td>java.lang.AssertionError: expected:&lt;null&gt; but was:&lt;queryengine.miscellaneous.ResponseMessage@3abfe836&gt;</td></tr>
<tr class="b">
<td></td>
<td>
<div id="UpdateProfileFailureLessDigitsPhoneNumbererror">appTest.UpdateProfileTest:98</div></td></tr>
<tr class="a">
<td><img src="images/icon_error_sml.gif" alt="" /></td>
<td><a name="appTest.UpdateProfileTest.UpdateProfileFailureSplCharacterName"></a>UpdateProfileFailureSplCharacterName</td></tr>
<tr class="b">
<td></td>
<td>java.lang.AssertionError: expected:&lt;null&gt; but was:&lt;queryengine.miscellaneous.ResponseMessage@77afea7d&gt;</td></tr>
<tr class="a">
<td></td>
<td>
<div id="UpdateProfileFailureSplCharacterNameerror">appTest.UpdateProfileTest:58</div></td></tr>
<tr class="b">
<td><img src="images/icon_error_sml.gif" alt="" /></td>
<td><a name="appTest.UpdateProfileTest.UpdateProfilePasswordSuccess"></a>UpdateProfilePasswordSuccess</td></tr>
<tr class="a">
<td></td>
<td>java.lang.AssertionError: expected:&lt;null&gt; but was:&lt;queryengine.miscellaneous.ResponseMessage@532760d8&gt;</td></tr>
<tr class="b">
<td></td>
<td>
<div id="UpdateProfilePasswordSuccesserror">appTest.UpdateProfileTest:26</div></td></tr>
<tr class="a">
<td><img src="images/icon_error_sml.gif" alt="" /></td>
<td><a name="appTest.UpdateProfileTest.UpdateProfileFailureEmptyPassword"></a>UpdateProfileFailureEmptyPassword</td></tr>
<tr class="b">
<td></td>
<td>java.lang.AssertionError: expected:&lt;null&gt; but was:&lt;queryengine.miscellaneous.ResponseMessage@5f8ed237&gt;</td></tr>
<tr class="a">
<td></td>
<td>
<div id="UpdateProfileFailureEmptyPassworderror">appTest.UpdateProfileTest:90</div></td></tr>
<tr class="b">
<td><img src="images/icon_error_sml.gif" alt="" /></td>
<td><a name="appTest.UpdateProfileTest.UpdateProfileFailureMoreDigitsPhoneNumber"></a>UpdateProfileFailureMoreDigitsPhoneNumber</td></tr>
<tr class="a">
<td></td>
<td>java.lang.AssertionError: expected:&lt;null&gt; but was:&lt;queryengine.miscellaneous.ResponseMessage@47089e5f&gt;</td></tr>
<tr class="b">
<td></td>
<td>
<div id="UpdateProfileFailureMoreDigitsPhoneNumbererror">appTest.UpdateProfileTest:105</div></td></tr>
<tr class="a">
<td><img src="images/icon_warning_sml.gif" alt="" /></td>
<td><a name="backend.parser.ParseFilesForFolderTest.testForRightFolderPath"></a>testForRightFolderPath</td></tr>
<tr class="b">
<td></td>
<td>skipped: skipped</td></tr>
<tr class="a">
<td><img src="images/icon_warning_sml.gif" alt="" /></td>
<td><a name="backend.parser.XmlParserTest.testForRightXMLFilePath"></a>testForRightXMLFilePath</td></tr>
<tr class="b">
<td></td>
<td>skipped: skipped</td></tr></table><br /></div>
      </div>
    </div>
    <div class="clear">
      <hr/>
    </div>
    <div id="footer">
      <div class="xright">
              Copyright &#169;                   2017.
          All rights reserved.      
                    
                  </div>
      <div class="clear">
        <hr/>
      </div>
    </div>
  </body>
</html>
