<?xml version="1.0"?>
<!DOCTYPE coverage SYSTEM "http://cobertura.sourceforge.net/xml/coverage-04.dtd">

<coverage line-rate="0.297680858428522" branch-rate="0.20748299319727892" lines-covered="860" lines-valid="2889" branches-covered="244" branches-valid="1176" complexity="2.034090909090909" version="2.0.3" timestamp="1490830672481">
	<sources>
		<source>C:/Users/Harshil Vasani/workspace/MSD_DBLP/src/main</source>
		<source>--source</source>
		<source>C:/Users/Harshil Vasani/workspace/MSD_DBLP/target/generated-sources/annotations</source>
	</sources>
	<packages>
		<package name="app" line-rate="0.2" branch-rate="1.0" complexity="0.0">
			<classes>
				<class name="app.App" filename="app/App.java" line-rate="0.2" branch-rate="1.0" complexity="0.0">
					<methods>
						<method name="&lt;init&gt;" signature="()V" line-rate="1.0" branch-rate="1.0">
							<lines>
								<line number="9" hits="12" branch="false"/>
							</lines>
						</method>
						<method name="displayStatistic" signature="()Ljava/util/List;" line-rate="0.0" branch-rate="1.0">
							<lines>
								<line number="44" hits="0" branch="false"/>
							</lines>
						</method>
						<method name="filter" signature="(Ljava/util/List;Ljava/util/List;)Ljava/util/List;" line-rate="0.0" branch-rate="1.0">
							<lines>
								<line number="38" hits="0" branch="false"/>
							</lines>
						</method>
						<method name="getSimilarPerson" signature="()Ljava/util/List;" line-rate="0.0" branch-rate="1.0">
							<lines>
								<line number="50" hits="0" branch="false"/>
							</lines>
						</method>
						<method name="login" signature="(Ljava/lang/String;Ljava/lang/String;)Lmiscellaneous/ResponseMessage;" line-rate="1.0" branch-rate="1.0">
							<lines>
								<line number="14" hits="12" branch="false"/>
							</lines>
						</method>
						<method name="recieveResponseFromQE" signature="()Ljava/util/List;" line-rate="0.0" branch-rate="1.0">
							<lines>
								<line number="56" hits="0" branch="false"/>
							</lines>
						</method>
						<method name="register" signature="(LpersonRecord/User;)Lmiscellaneous/ResponseMessage;" line-rate="0.0" branch-rate="1.0">
							<lines>
								<line number="20" hits="0" branch="false"/>
							</lines>
						</method>
						<method name="search" signature="(Ljava/util/List;Ljava/util/List;)Ljava/util/List;" line-rate="0.0" branch-rate="1.0">
							<lines>
								<line number="32" hits="0" branch="false"/>
							</lines>
						</method>
						<method name="sendInputDataToQE" signature="(Ljava/util/List;)V" line-rate="0.0" branch-rate="1.0">
							<lines>
								<line number="63" hits="0" branch="false"/>
							</lines>
						</method>
						<method name="updateProfile" signature="(LpersonRecord/User;)Lmiscellaneous/ResponseMessage;" line-rate="0.0" branch-rate="1.0">
							<lines>
								<line number="26" hits="0" branch="false"/>
							</lines>
						</method>
					</methods>
					<lines>
						<line number="9" hits="12" branch="false"/>
						<line number="14" hits="12" branch="false"/>
						<line number="20" hits="0" branch="false"/>
						<line number="26" hits="0" branch="false"/>
						<line number="32" hits="0" branch="false"/>
						<line number="38" hits="0" branch="false"/>
						<line number="44" hits="0" branch="false"/>
						<line number="50" hits="0" branch="false"/>
						<line number="56" hits="0" branch="false"/>
						<line number="63" hits="0" branch="false"/>
					</lines>
				</class>
				<class name="app.IApp" filename="app/IApp.java" line-rate="1.0" branch-rate="1.0" complexity="0.0">
					<methods>
					</methods>
					<lines>
					</lines>
				</class>
			</classes>
		</package>
		<package name="backend" line-rate="0.7346153846153847" branch-rate="0.5" complexity="3.0384615384615383">
			<classes>
				<class name="backend.BackEnd" filename="backend/BackEnd.java" line-rate="0.7346153846153847" branch-rate="0.5" complexity="5.076923076923077">
					<methods>
						<method name="&lt;clinit&gt;" signature="()V" line-rate="1.0" branch-rate="1.0">
							<lines>
								<line number="14" hits="1" branch="false"/>
								<line number="15" hits="1" branch="false"/>
								<line number="25" hits="1" branch="false"/>
								<line number="26" hits="4" branch="false"/>
								<line number="27" hits="4" branch="false"/>
								<line number="28" hits="3" branch="false"/>
								<line number="29" hits="3" branch="false"/>
							</lines>
						</method>
						<method name="&lt;init&gt;" signature="()V" line-rate="0.8333333333333334" branch-rate="1.0">
							<lines>
								<line number="3" hits="0" branch="false"/>
								<line number="17" hits="10" branch="false"/>
								<line number="19" hits="10" branch="false"/>
								<line number="20" hits="10" branch="false"/>
								<line number="22" hits="1" branch="false"/>
								<line number="24" hits="4" branch="false"/>
							</lines>
						</method>
						<method name="checkUserCredentials" signature="(Ljava/lang/String;Ljava/lang/String;)Lqueryengine/miscellaneous/ResponseMessage;" line-rate="0.8" branch-rate="1.0">
							<lines>
								<line number="135" hits="6" branch="false"/>
								<line number="143" hits="2" branch="false"/>
								<line number="149" hits="0" branch="false"/>
								<line number="237" hits="10" branch="false"/>
								<line number="238" hits="5" branch="false"/>
								<line number="239" hits="5" branch="false"/>
								<line number="242" hits="5" branch="false"/>
								<line number="244" hits="5" branch="true" condition-coverage="100% (2/2)">
									<conditions>
										<condition number="0" type="jump" coverage="100%"/>
									</conditions>
								</line>
								<line number="248" hits="4" branch="false"/>
								<line number="251" hits="0" branch="false"/>
							</lines>
						</method>
						<method name="checkUserExistsByUsenameAndEmail" signature="(Ljava/lang/String;Ljava/lang/String;)Lqueryengine/miscellaneous/ResponseMessage;" line-rate="0.7" branch-rate="0.375">
							<lines>
								<line number="50" hits="1" branch="false"/>
								<line number="55" hits="1" branch="true" condition-coverage="50% (1/2)">
									<conditions>
										<condition number="0" type="jump" coverage="50%"/>
									</conditions>
								</line>
								<line number="56" hits="0" branch="false"/>
								<line number="63" hits="0" branch="false"/>
								<line number="150" hits="4" branch="false"/>
								<line number="151" hits="2" branch="false"/>
								<line number="152" hits="2" branch="false"/>
								<line number="155" hits="8" branch="false"/>
								<line number="157" hits="10" branch="true" condition-coverage="50% (1/2)">
									<conditions>
										<condition number="0" type="jump" coverage="50%"/>
									</conditions>
								</line>
								<line number="158" hits="11" branch="true" condition-coverage="50% (2/4)">
									<conditions>
										<condition number="0" type="jump" coverage="50%"/>
										<condition number="1" type="jump" coverage="50%"/>
									</conditions>
								</line>
								<line number="159" hits="6" branch="false"/>
								<line number="161" hits="7" branch="false"/>
								<line number="162" hits="11" branch="false"/>
								<line number="164" hits="11" branch="true" condition-coverage="50% (1/2)">
									<conditions>
										<condition number="0" type="jump" coverage="50%"/>
									</conditions>
								</line>
								<line number="165" hits="0" branch="false"/>
								<line number="166" hits="5" branch="true" condition-coverage="50% (1/2)">
									<conditions>
										<condition number="0" type="jump" coverage="50%"/>
									</conditions>
								</line>
								<line number="168" hits="6" branch="false"/>
								<line number="171" hits="0" branch="false"/>
								<line number="172" hits="0" branch="false"/>
								<line number="173" hits="0" branch="true" condition-coverage="0% (0/4)">
									<conditions>
										<condition number="0" type="jump" coverage="0%"/>
										<condition number="1" type="jump" coverage="0%"/>
									</conditions>
								</line>
							</lines>
						</method>
						<method name="deleteFavoriteAuthor" signature="(Lresources/personrecord/FavouriteAuthor;)Lqueryengine/miscellaneous/ResponseMessage;" line-rate="0.7692307692307693" branch-rate="1.0">
							<lines>
								<line number="322" hits="6" branch="false"/>
								<line number="324" hits="6" branch="false"/>
								<line number="326" hits="8" branch="false"/>
								<line number="327" hits="6" branch="false"/>
								<line number="328" hits="6" branch="false"/>
								<line number="330" hits="6" branch="false"/>
								<line number="332" hits="6" branch="false"/>
								<line number="334" hits="6" branch="true" condition-coverage="100% (2/2)">
									<conditions>
										<condition number="0" type="jump" coverage="100%"/>
									</conditions>
								</line>
								<line number="335" hits="3" branch="false"/>
								<line number="337" hits="3" branch="false"/>
								<line number="339" hits="0" branch="false"/>
								<line number="340" hits="0" branch="false"/>
								<line number="341" hits="0" branch="false"/>
							</lines>
						</method>
						<method name="getAllFavoriteAuthorsForLoggedInUser" signature="(Ljava/lang/String;)Ljava/util/List;" line-rate="0.5714285714285714" branch-rate="0.5">
							<lines>
								<line number="348" hits="9" branch="true" condition-coverage="50% (2/4)">
									<conditions>
										<condition number="0" type="jump" coverage="50%"/>
										<condition number="1" type="jump" coverage="50%"/>
									</conditions>
								</line>
								<line number="349" hits="0" branch="false"/>
								<line number="351" hits="12" branch="false"/>
								<line number="352" hits="9" branch="false"/>
								<line number="354" hits="9" branch="false"/>
								<line number="356" hits="0" branch="false"/>
								<line number="357" hits="0" branch="false"/>
							</lines>
						</method>
						<method name="getUserCredentials" signature="(Ljava/lang/String;Ljava/lang/String;)Lresources/personrecord/User;" line-rate="0.8181818181818182" branch-rate="0.6666666666666666">
							<lines>
								<line number="243" hits="15" branch="false"/>
								<line number="245" hits="21" branch="false"/>
								<line number="246" hits="15" branch="false"/>
								<line number="247" hits="15" branch="false"/>
								<line number="250" hits="15" branch="false"/>
								<line number="252" hits="15" branch="true" condition-coverage="100% (2/2)">
									<conditions>
										<condition number="0" type="jump" coverage="100%"/>
									</conditions>
								</line>
								<line number="253" hits="3" branch="false"/>
								<line number="256" hits="12" branch="false"/>
								<line number="259" hits="0" branch="false"/>
								<line number="260" hits="4" branch="true" condition-coverage="50% (2/4)">
									<conditions>
										<condition number="0" type="jump" coverage="50%"/>
										<condition number="1" type="jump" coverage="50%"/>
									</conditions>
								</line>
								<line number="261" hits="0" branch="false"/>
							</lines>
						</method>
						<method name="insertFavoriteAuthor" signature="(Lresources/personrecord/FavouriteAuthor;)Lqueryengine/miscellaneous/ResponseMessage;" line-rate="0.7857142857142857" branch-rate="1.0">
							<lines>
								<line number="291" hits="6" branch="false"/>
								<line number="293" hits="6" branch="false"/>
								<line number="295" hits="8" branch="false"/>
								<line number="296" hits="6" branch="false"/>
								<line number="297" hits="6" branch="false"/>
								<line number="299" hits="6" branch="false"/>
								<line number="301" hits="6" branch="true" condition-coverage="100% (2/2)">
									<conditions>
										<condition number="0" type="jump" coverage="100%"/>
									</conditions>
								</line>
								<line number="303" hits="3" branch="false"/>
								<line number="306" hits="3" branch="false"/>
								<line number="307" hits="3" branch="false"/>
								<line number="310" hits="3" branch="false"/>
								<line number="312" hits="0" branch="false"/>
								<line number="313" hits="0" branch="false"/>
								<line number="314" hits="0" branch="false"/>
							</lines>
						</method>
						<method name="insertUserData" signature="(Lresources/personrecord/User;)Lqueryengine/miscellaneous/ResponseMessage;" line-rate="0.0" branch-rate="1.0">
							<lines>
								<line number="174" hits="0" branch="false"/>
								<line number="175" hits="0" branch="false"/>
								<line number="177" hits="0" branch="false"/>
								<line number="180" hits="0" branch="false"/>
								<line number="182" hits="0" branch="false"/>
								<line number="184" hits="0" branch="false"/>
								<line number="185" hits="0" branch="false"/>
								<line number="186" hits="0" branch="false"/>
								<line number="187" hits="0" branch="false"/>
								<line number="189" hits="0" branch="false"/>
								<line number="191" hits="0" branch="false"/>
								<line number="192" hits="0" branch="false"/>
								<line number="193" hits="0" branch="false"/>
							</lines>
						</method>
						<method name="isCommitteeMemberDataLoaded" signature="()Z" line-rate="0.8888888888888888" branch-rate="0.5454545454545454">
							<lines>
								<line number="128" hits="1" branch="false"/>
								<line number="130" hits="1" branch="false"/>
								<line number="131" hits="1" branch="false"/>
								<line number="132" hits="7" branch="true" condition-coverage="50% (2/4)">
									<conditions>
										<condition number="0" type="jump" coverage="50%"/>
										<condition number="1" type="jump" coverage="50%"/>
									</conditions>
								</line>
								<line number="133" hits="4" branch="false"/>
								<line number="134" hits="0" branch="false"/>
								<line number="136" hits="9" branch="false"/>
								<line number="137" hits="7" branch="true" condition-coverage="50% (1/2)">
									<conditions>
										<condition number="0" type="jump" coverage="50%"/>
									</conditions>
								</line>
								<line number="138" hits="4" branch="false"/>
								<line number="139" hits="3" branch="false"/>
								<line number="140" hits="7" branch="true" condition-coverage="50% (2/4)">
									<conditions>
										<condition number="0" type="jump" coverage="50%"/>
										<condition number="1" type="jump" coverage="50%"/>
									</conditions>
								</line>
								<line number="141" hits="1" branch="false"/>
								<line number="142" hits="6" branch="true" condition-coverage="100% (2/2)">
									<conditions>
										<condition number="0" type="jump" coverage="100%"/>
									</conditions>
								</line>
								<line number="144" hits="0" branch="false"/>
								<line number="145" hits="3" branch="true" condition-coverage="50% (1/2)">
									<conditions>
										<condition number="0" type="jump" coverage="50%"/>
									</conditions>
								</line>
								<line number="146" hits="7" branch="false"/>
								<line number="147" hits="2" branch="true" condition-coverage="50% (2/4)">
									<conditions>
										<condition number="0" type="jump" coverage="50%"/>
										<condition number="1" type="jump" coverage="50%"/>
									</conditions>
								</line>
								<line number="148" hits="3" branch="true" condition-coverage="50% (2/4)">
									<conditions>
										<condition number="0" type="jump" coverage="50%"/>
										<condition number="1" type="jump" coverage="50%"/>
									</conditions>
								</line>
							</lines>
						</method>
						<method name="isPublicationDataLoaded" signature="()Z" line-rate="0.9166666666666666" branch-rate="0.5">
							<lines>
								<line number="114" hits="1" branch="false"/>
								<line number="115" hits="6" branch="false"/>
								<line number="116" hits="1" branch="false"/>
								<line number="117" hits="4" branch="false"/>
								<line number="118" hits="4" branch="false"/>
								<line number="119" hits="4" branch="true" condition-coverage="50% (1/2)">
									<conditions>
										<condition number="0" type="jump" coverage="50%"/>
									</conditions>
								</line>
								<line number="120" hits="6" branch="false"/>
								<line number="121" hits="3" branch="false"/>
								<line number="123" hits="2" branch="true" condition-coverage="50% (2/4)">
									<conditions>
										<condition number="0" type="jump" coverage="50%"/>
										<condition number="1" type="jump" coverage="50%"/>
									</conditions>
								</line>
								<line number="124" hits="0" branch="false"/>
								<line number="125" hits="2" branch="false"/>
								<line number="127" hits="3" branch="true" condition-coverage="50% (2/4)">
									<conditions>
										<condition number="0" type="jump" coverage="50%"/>
										<condition number="1" type="jump" coverage="50%"/>
									</conditions>
								</line>
							</lines>
						</method>
						<method name="loadData" signature="(I)V" line-rate="0.9411764705882353" branch-rate="0.42857142857142855">
							<lines>
								<line number="58" hits="1" branch="true" condition-coverage="25% (1/4)">
									<conditions>
										<condition number="0" type="jump" coverage="50%"/>
										<condition number="1" type="jump" coverage="0%"/>
									</conditions>
								</line>
								<line number="59" hits="1" branch="false"/>
								<line number="60" hits="3" branch="true" condition-coverage="25% (1/4)">
									<conditions>
										<condition number="0" type="jump" coverage="50%"/>
										<condition number="1" type="jump" coverage="0%"/>
									</conditions>
								</line>
								<line number="61" hits="0" branch="false"/>
								<line number="62" hits="1" branch="false"/>
								<line number="64" hits="3" branch="false"/>
								<line number="65" hits="1" branch="false"/>
								<line number="66" hits="4" branch="true" condition-coverage="50% (1/2)">
									<conditions>
										<condition number="0" type="jump" coverage="50%"/>
									</conditions>
								</line>
								<line number="67" hits="4" branch="true" condition-coverage="50% (1/2)">
									<conditions>
										<condition number="0" type="jump" coverage="50%"/>
									</conditions>
								</line>
								<line number="68" hits="1" branch="false"/>
								<line number="69" hits="3" branch="false"/>
								<line number="70" hits="1" branch="false"/>
								<line number="71" hits="4" branch="true" condition-coverage="25% (1/4)">
									<conditions>
										<condition number="0" type="jump" coverage="50%"/>
										<condition number="1" type="jump" coverage="0%"/>
									</conditions>
								</line>
								<line number="72" hits="4" branch="true" condition-coverage="50% (1/2)">
									<conditions>
										<condition number="0" type="jump" coverage="50%"/>
									</conditions>
								</line>
								<line number="73" hits="1" branch="false"/>
								<line number="74" hits="3" branch="false"/>
								<line number="75" hits="1" branch="false"/>
								<line number="76" hits="4" branch="true" condition-coverage="50% (1/2)">
									<conditions>
										<condition number="0" type="jump" coverage="50%"/>
									</conditions>
								</line>
								<line number="77" hits="4" branch="true" condition-coverage="50% (1/2)">
									<conditions>
										<condition number="0" type="jump" coverage="50%"/>
									</conditions>
								</line>
								<line number="78" hits="1" branch="false"/>
								<line number="79" hits="3" branch="false"/>
								<line number="80" hits="1" branch="false"/>
								<line number="81" hits="4" branch="true" condition-coverage="50% (1/2)">
									<conditions>
										<condition number="0" type="jump" coverage="50%"/>
									</conditions>
								</line>
								<line number="82" hits="4" branch="true" condition-coverage="50% (1/2)">
									<conditions>
										<condition number="0" type="jump" coverage="50%"/>
									</conditions>
								</line>
								<line number="83" hits="1" branch="false"/>
								<line number="84" hits="3" branch="false"/>
								<line number="85" hits="1" branch="false"/>
								<line number="86" hits="4" branch="true" condition-coverage="50% (1/2)">
									<conditions>
										<condition number="0" type="jump" coverage="50%"/>
									</conditions>
								</line>
								<line number="87" hits="4" branch="true" condition-coverage="50% (1/2)">
									<conditions>
										<condition number="0" type="jump" coverage="50%"/>
									</conditions>
								</line>
								<line number="88" hits="1" branch="false"/>
								<line number="89" hits="3" branch="false"/>
								<line number="90" hits="1" branch="false"/>
								<line number="91" hits="4" branch="true" condition-coverage="50% (1/2)">
									<conditions>
										<condition number="0" type="jump" coverage="50%"/>
									</conditions>
								</line>
								<line number="92" hits="7" branch="true" condition-coverage="50% (1/2)">
									<conditions>
										<condition number="0" type="jump" coverage="50%"/>
									</conditions>
								</line>
								<line number="93" hits="4" branch="false"/>
								<line number="94" hits="6" branch="false"/>
								<line number="95" hits="4" branch="false"/>
								<line number="96" hits="4" branch="true" condition-coverage="50% (1/2)">
									<conditions>
										<condition number="0" type="jump" coverage="50%"/>
									</conditions>
								</line>
								<line number="97" hits="7" branch="true" condition-coverage="50% (1/2)">
									<conditions>
										<condition number="0" type="jump" coverage="50%"/>
									</conditions>
								</line>
								<line number="98" hits="1" branch="false"/>
								<line number="99" hits="3" branch="false"/>
								<line number="101" hits="4" branch="false"/>
								<line number="102" hits="1" branch="false"/>
								<line number="103" hits="0" branch="false"/>
								<line number="104" hits="3" branch="false"/>
								<line number="105" hits="0" branch="false"/>
								<line number="106" hits="4" branch="true" condition-coverage="50% (1/2)">
									<conditions>
										<condition number="0" type="jump" coverage="50%"/>
									</conditions>
								</line>
								<line number="107" hits="4" branch="true" condition-coverage="50% (1/2)">
									<conditions>
										<condition number="0" type="jump" coverage="50%"/>
									</conditions>
								</line>
								<line number="108" hits="6" branch="false"/>
								<line number="109" hits="4" branch="false"/>
								<line number="110" hits="6" branch="false"/>
							</lines>
						</method>
						<method name="parseXMLAndInsertData" signature="()V" line-rate="0.1" branch-rate="1.0">
							<lines>
								<line number="7" hits="0" branch="false"/>
								<line number="31" hits="0" branch="false"/>
								<line number="33" hits="10" branch="false"/>
								<line number="34" hits="0" branch="false"/>
								<line number="35" hits="0" branch="false"/>
								<line number="36" hits="0" branch="false"/>
								<line number="37" hits="0" branch="false"/>
								<line number="39" hits="0" branch="false"/>
								<line number="40" hits="0" branch="false"/>
								<line number="41" hits="0" branch="false"/>
							</lines>
						</method>
						<method name="selectUserByUsername" signature="(Ljava/lang/String;)Lresources/personrecord/User;" line-rate="0.6111111111111112" branch-rate="0.5">
							<lines>
								<line number="167" hits="0" branch="false"/>
								<line number="170" hits="5" branch="false"/>
								<line number="263" hits="8" branch="false"/>
								<line number="264" hits="4" branch="false"/>
								<line number="266" hits="4" branch="false"/>
								<line number="268" hits="16" branch="true" condition-coverage="50% (1/2)">
									<conditions>
										<condition number="0" type="jump" coverage="50%"/>
									</conditions>
								</line>
								<line number="269" hits="0" branch="false"/>
								<line number="270" hits="16" branch="false"/>
								<line number="271" hits="12" branch="false"/>
								<line number="272" hits="4" branch="false"/>
								<line number="273" hits="12" branch="false"/>
								<line number="275" hits="12" branch="true" condition-coverage="50% (1/2)">
									<conditions>
										<condition number="0" type="jump" coverage="50%"/>
									</conditions>
								</line>
								<line number="276" hits="0" branch="false"/>
								<line number="277" hits="0" branch="false"/>
								<line number="279" hits="12" branch="false"/>
								<line number="282" hits="0" branch="false"/>
								<line number="283" hits="0" branch="false"/>
								<line number="284" hits="0" branch="false"/>
							</lines>
						</method>
						<method name="textParser" signature="()V" line-rate="1.0" branch-rate="1.0">
							<lines>
							</lines>
						</method>
						<method name="textParserAndInsertData" signature="()V" line-rate="0.4" branch-rate="0.5">
							<lines>
								<line number="43" hits="0" branch="false"/>
								<line number="44" hits="0" branch="false"/>
								<line number="45" hits="1" branch="true" condition-coverage="50% (2/4)">
									<conditions>
										<condition number="0" type="jump" coverage="50%"/>
										<condition number="1" type="jump" coverage="50%"/>
									</conditions>
								</line>
								<line number="46" hits="0" branch="false"/>
								<line number="47" hits="0" branch="false"/>
								<line number="48" hits="1" branch="false"/>
								<line number="49" hits="1" branch="false"/>
								<line number="51" hits="0" branch="false"/>
								<line number="52" hits="0" branch="false"/>
								<line number="53" hits="1" branch="false"/>
							</lines>
						</method>
						<method name="updateUserData" signature="(Lresources/personrecord/User;)Lqueryengine/miscellaneous/ResponseMessage;" line-rate="0.8" branch-rate="0.5">
							<lines>
								<line number="111" hits="3" branch="false"/>
								<line number="112" hits="3" branch="false"/>
								<line number="113" hits="3" branch="false"/>
								<line number="122" hits="0" branch="false"/>
								<line number="194" hits="6" branch="false"/>
								<line number="195" hits="3" branch="false"/>
								<line number="196" hits="3" branch="false"/>
								<line number="197" hits="3" branch="false"/>
								<line number="199" hits="3" branch="true" condition-coverage="50% (1/2)">
									<conditions>
										<condition number="0" type="jump" coverage="50%"/>
									</conditions>
								</line>
								<line number="200" hits="0" branch="false"/>
								<line number="201" hits="9" branch="false"/>
								<line number="203" hits="15" branch="false"/>
								<line number="204" hits="9" branch="false"/>
								<line number="205" hits="9" branch="false"/>
								<line number="206" hits="12" branch="false"/>
								<line number="208" hits="12" branch="true" condition-coverage="50% (1/2)">
									<conditions>
										<condition number="0" type="jump" coverage="50%"/>
									</conditions>
								</line>
								<line number="209" hits="0" branch="false"/>
								<line number="210" hits="3" branch="false"/>
								<line number="211" hits="3" branch="false"/>
								<line number="212" hits="12" branch="false"/>
								<line number="213" hits="3" branch="false"/>
								<line number="214" hits="3" branch="false"/>
								<line number="215" hits="12" branch="false"/>
								<line number="217" hits="12" branch="false"/>
								<line number="219" hits="12" branch="false"/>
								<line number="220" hits="9" branch="false"/>
								<line number="221" hits="12" branch="true" condition-coverage="50% (1/2)">
									<conditions>
										<condition number="0" type="jump" coverage="50%"/>
									</conditions>
								</line>
								<line number="222" hits="12" branch="false"/>
								<line number="223" hits="9" branch="false"/>
								<line number="224" hits="9" branch="false"/>
								<line number="225" hits="0" branch="false"/>
								<line number="226" hits="9" branch="false"/>
								<line number="227" hits="0" branch="false"/>
								<line number="228" hits="9" branch="false"/>
								<line number="230" hits="9" branch="true" condition-coverage="50% (1/2)">
									<conditions>
										<condition number="0" type="jump" coverage="50%"/>
									</conditions>
								</line>
								<line number="231" hits="9" branch="false"/>
								<line number="233" hits="0" branch="false"/>
								<line number="234" hits="5" branch="true" condition-coverage="50% (2/4)">
									<conditions>
										<condition number="0" type="jump" coverage="50%"/>
										<condition number="1" type="jump" coverage="50%"/>
									</conditions>
								</line>
								<line number="235" hits="0" branch="false"/>
								<line number="236" hits="0" branch="false"/>
							</lines>
						</method>
					</methods>
					<lines>
						<line number="3" hits="0" branch="false"/>
						<line number="7" hits="0" branch="false"/>
						<line number="14" hits="1" branch="false"/>
						<line number="15" hits="1" branch="false"/>
						<line number="17" hits="10" branch="false"/>
						<line number="19" hits="10" branch="false"/>
						<line number="20" hits="10" branch="false"/>
						<line number="22" hits="1" branch="false"/>
						<line number="24" hits="4" branch="false"/>
						<line number="25" hits="1" branch="false"/>
						<line number="26" hits="4" branch="false"/>
						<line number="27" hits="4" branch="false"/>
						<line number="28" hits="3" branch="false"/>
						<line number="29" hits="3" branch="false"/>
						<line number="31" hits="0" branch="false"/>
						<line number="33" hits="10" branch="false"/>
						<line number="34" hits="0" branch="false"/>
						<line number="35" hits="0" branch="false"/>
						<line number="36" hits="0" branch="false"/>
						<line number="37" hits="0" branch="false"/>
						<line number="39" hits="0" branch="false"/>
						<line number="40" hits="0" branch="false"/>
						<line number="41" hits="0" branch="false"/>
						<line number="43" hits="0" branch="false"/>
						<line number="44" hits="0" branch="false"/>
						<line number="45" hits="1" branch="true" condition-coverage="50% (2/4)">
							<conditions>
								<condition number="0" type="jump" coverage="50%"/>
								<condition number="1" type="jump" coverage="50%"/>
							</conditions>
						</line>
						<line number="46" hits="0" branch="false"/>
						<line number="47" hits="0" branch="false"/>
						<line number="48" hits="1" branch="false"/>
						<line number="49" hits="1" branch="false"/>
						<line number="50" hits="1" branch="false"/>
						<line number="51" hits="0" branch="false"/>
						<line number="52" hits="0" branch="false"/>
						<line number="53" hits="1" branch="false"/>
						<line number="55" hits="1" branch="true" condition-coverage="50% (1/2)">
							<conditions>
								<condition number="0" type="jump" coverage="50%"/>
							</conditions>
						</line>
						<line number="56" hits="0" branch="false"/>
						<line number="58" hits="1" branch="true" condition-coverage="25% (1/4)">
							<conditions>
								<condition number="0" type="jump" coverage="50%"/>
								<condition number="1" type="jump" coverage="0%"/>
							</conditions>
						</line>
						<line number="59" hits="1" branch="false"/>
						<line number="60" hits="3" branch="true" condition-coverage="25% (1/4)">
							<conditions>
								<condition number="0" type="jump" coverage="50%"/>
								<condition number="1" type="jump" coverage="0%"/>
							</conditions>
						</line>
						<line number="61" hits="0" branch="false"/>
						<line number="62" hits="1" branch="false"/>
						<line number="63" hits="0" branch="false"/>
						<line number="64" hits="3" branch="false"/>
						<line number="65" hits="1" branch="false"/>
						<line number="66" hits="4" branch="true" condition-coverage="50% (1/2)">
							<conditions>
								<condition number="0" type="jump" coverage="50%"/>
							</conditions>
						</line>
						<line number="67" hits="4" branch="true" condition-coverage="50% (1/2)">
							<conditions>
								<condition number="0" type="jump" coverage="50%"/>
							</conditions>
						</line>
						<line number="68" hits="1" branch="false"/>
						<line number="69" hits="3" branch="false"/>
						<line number="70" hits="1" branch="false"/>
						<line number="71" hits="4" branch="true" condition-coverage="25% (1/4)">
							<conditions>
								<condition number="0" type="jump" coverage="50%"/>
								<condition number="1" type="jump" coverage="0%"/>
							</conditions>
						</line>
						<line number="72" hits="4" branch="true" condition-coverage="50% (1/2)">
							<conditions>
								<condition number="0" type="jump" coverage="50%"/>
							</conditions>
						</line>
						<line number="73" hits="1" branch="false"/>
						<line number="74" hits="3" branch="false"/>
						<line number="75" hits="1" branch="false"/>
						<line number="76" hits="4" branch="true" condition-coverage="50% (1/2)">
							<conditions>
								<condition number="0" type="jump" coverage="50%"/>
							</conditions>
						</line>
						<line number="77" hits="4" branch="true" condition-coverage="50% (1/2)">
							<conditions>
								<condition number="0" type="jump" coverage="50%"/>
							</conditions>
						</line>
						<line number="78" hits="1" branch="false"/>
						<line number="79" hits="3" branch="false"/>
						<line number="80" hits="1" branch="false"/>
						<line number="81" hits="4" branch="true" condition-coverage="50% (1/2)">
							<conditions>
								<condition number="0" type="jump" coverage="50%"/>
							</conditions>
						</line>
						<line number="82" hits="4" branch="true" condition-coverage="50% (1/2)">
							<conditions>
								<condition number="0" type="jump" coverage="50%"/>
							</conditions>
						</line>
						<line number="83" hits="1" branch="false"/>
						<line number="84" hits="3" branch="false"/>
						<line number="85" hits="1" branch="false"/>
						<line number="86" hits="4" branch="true" condition-coverage="50% (1/2)">
							<conditions>
								<condition number="0" type="jump" coverage="50%"/>
							</conditions>
						</line>
						<line number="87" hits="4" branch="true" condition-coverage="50% (1/2)">
							<conditions>
								<condition number="0" type="jump" coverage="50%"/>
							</conditions>
						</line>
						<line number="88" hits="1" branch="false"/>
						<line number="89" hits="3" branch="false"/>
						<line number="90" hits="1" branch="false"/>
						<line number="91" hits="4" branch="true" condition-coverage="50% (1/2)">
							<conditions>
								<condition number="0" type="jump" coverage="50%"/>
							</conditions>
						</line>
						<line number="92" hits="7" branch="true" condition-coverage="50% (1/2)">
							<conditions>
								<condition number="0" type="jump" coverage="50%"/>
							</conditions>
						</line>
						<line number="93" hits="4" branch="false"/>
						<line number="94" hits="6" branch="false"/>
						<line number="95" hits="4" branch="false"/>
						<line number="96" hits="4" branch="true" condition-coverage="50% (1/2)">
							<conditions>
								<condition number="0" type="jump" coverage="50%"/>
							</conditions>
						</line>
						<line number="97" hits="7" branch="true" condition-coverage="50% (1/2)">
							<conditions>
								<condition number="0" type="jump" coverage="50%"/>
							</conditions>
						</line>
						<line number="98" hits="1" branch="false"/>
						<line number="99" hits="3" branch="false"/>
						<line number="101" hits="4" branch="false"/>
						<line number="102" hits="1" branch="false"/>
						<line number="103" hits="0" branch="false"/>
						<line number="104" hits="3" branch="false"/>
						<line number="105" hits="0" branch="false"/>
						<line number="106" hits="4" branch="true" condition-coverage="50% (1/2)">
							<conditions>
								<condition number="0" type="jump" coverage="50%"/>
							</conditions>
						</line>
						<line number="107" hits="4" branch="true" condition-coverage="50% (1/2)">
							<conditions>
								<condition number="0" type="jump" coverage="50%"/>
							</conditions>
						</line>
						<line number="108" hits="6" branch="false"/>
						<line number="109" hits="4" branch="false"/>
						<line number="110" hits="6" branch="false"/>
						<line number="111" hits="3" branch="false"/>
						<line number="112" hits="3" branch="false"/>
						<line number="113" hits="3" branch="false"/>
						<line number="114" hits="1" branch="false"/>
						<line number="115" hits="6" branch="false"/>
						<line number="116" hits="1" branch="false"/>
						<line number="117" hits="4" branch="false"/>
						<line number="118" hits="4" branch="false"/>
						<line number="119" hits="4" branch="true" condition-coverage="50% (1/2)">
							<conditions>
								<condition number="0" type="jump" coverage="50%"/>
							</conditions>
						</line>
						<line number="120" hits="6" branch="false"/>
						<line number="121" hits="3" branch="false"/>
						<line number="122" hits="0" branch="false"/>
						<line number="123" hits="2" branch="true" condition-coverage="50% (2/4)">
							<conditions>
								<condition number="0" type="jump" coverage="50%"/>
								<condition number="1" type="jump" coverage="50%"/>
							</conditions>
						</line>
						<line number="124" hits="0" branch="false"/>
						<line number="125" hits="2" branch="false"/>
						<line number="127" hits="3" branch="true" condition-coverage="50% (2/4)">
							<conditions>
								<condition number="0" type="jump" coverage="50%"/>
								<condition number="1" type="jump" coverage="50%"/>
							</conditions>
						</line>
						<line number="128" hits="1" branch="false"/>
						<line number="130" hits="1" branch="false"/>
						<line number="131" hits="1" branch="false"/>
						<line number="132" hits="7" branch="true" condition-coverage="50% (2/4)">
							<conditions>
								<condition number="0" type="jump" coverage="50%"/>
								<condition number="1" type="jump" coverage="50%"/>
							</conditions>
						</line>
						<line number="133" hits="4" branch="false"/>
						<line number="134" hits="0" branch="false"/>
						<line number="135" hits="6" branch="false"/>
						<line number="136" hits="9" branch="false"/>
						<line number="137" hits="7" branch="true" condition-coverage="50% (1/2)">
							<conditions>
								<condition number="0" type="jump" coverage="50%"/>
							</conditions>
						</line>
						<line number="138" hits="4" branch="false"/>
						<line number="139" hits="3" branch="false"/>
						<line number="140" hits="7" branch="true" condition-coverage="50% (2/4)">
							<conditions>
								<condition number="0" type="jump" coverage="50%"/>
								<condition number="1" type="jump" coverage="50%"/>
							</conditions>
						</line>
						<line number="141" hits="1" branch="false"/>
						<line number="142" hits="6" branch="true" condition-coverage="100% (2/2)">
							<conditions>
								<condition number="0" type="jump" coverage="100%"/>
							</conditions>
						</line>
						<line number="143" hits="2" branch="false"/>
						<line number="144" hits="0" branch="false"/>
						<line number="145" hits="3" branch="true" condition-coverage="50% (1/2)">
							<conditions>
								<condition number="0" type="jump" coverage="50%"/>
							</conditions>
						</line>
						<line number="146" hits="7" branch="false"/>
						<line number="147" hits="2" branch="true" condition-coverage="50% (2/4)">
							<conditions>
								<condition number="0" type="jump" coverage="50%"/>
								<condition number="1" type="jump" coverage="50%"/>
							</conditions>
						</line>
						<line number="148" hits="3" branch="true" condition-coverage="50% (2/4)">
							<conditions>
								<condition number="0" type="jump" coverage="50%"/>
								<condition number="1" type="jump" coverage="50%"/>
							</conditions>
						</line>
						<line number="149" hits="0" branch="false"/>
						<line number="150" hits="4" branch="false"/>
						<line number="151" hits="2" branch="false"/>
						<line number="152" hits="2" branch="false"/>
						<line number="155" hits="8" branch="false"/>
						<line number="157" hits="10" branch="true" condition-coverage="50% (1/2)">
							<conditions>
								<condition number="0" type="jump" coverage="50%"/>
							</conditions>
						</line>
						<line number="158" hits="11" branch="true" condition-coverage="50% (2/4)">
							<conditions>
								<condition number="0" type="jump" coverage="50%"/>
								<condition number="1" type="jump" coverage="50%"/>
							</conditions>
						</line>
						<line number="159" hits="6" branch="false"/>
						<line number="161" hits="7" branch="false"/>
						<line number="162" hits="11" branch="false"/>
						<line number="164" hits="11" branch="true" condition-coverage="50% (1/2)">
							<conditions>
								<condition number="0" type="jump" coverage="50%"/>
							</conditions>
						</line>
						<line number="165" hits="0" branch="false"/>
						<line number="166" hits="5" branch="true" condition-coverage="50% (1/2)">
							<conditions>
								<condition number="0" type="jump" coverage="50%"/>
							</conditions>
						</line>
						<line number="167" hits="0" branch="false"/>
						<line number="168" hits="6" branch="false"/>
						<line number="170" hits="5" branch="false"/>
						<line number="171" hits="0" branch="false"/>
						<line number="172" hits="0" branch="false"/>
						<line number="173" hits="0" branch="true" condition-coverage="0% (0/4)">
							<conditions>
								<condition number="0" type="jump" coverage="0%"/>
								<condition number="1" type="jump" coverage="0%"/>
							</conditions>
						</line>
						<line number="174" hits="0" branch="false"/>
						<line number="175" hits="0" branch="false"/>
						<line number="177" hits="0" branch="false"/>
						<line number="180" hits="0" branch="false"/>
						<line number="182" hits="0" branch="false"/>
						<line number="184" hits="0" branch="false"/>
						<line number="185" hits="0" branch="false"/>
						<line number="186" hits="0" branch="false"/>
						<line number="187" hits="0" branch="false"/>
						<line number="189" hits="0" branch="false"/>
						<line number="191" hits="0" branch="false"/>
						<line number="192" hits="0" branch="false"/>
						<line number="193" hits="0" branch="false"/>
						<line number="194" hits="6" branch="false"/>
						<line number="195" hits="3" branch="false"/>
						<line number="196" hits="3" branch="false"/>
						<line number="197" hits="3" branch="false"/>
						<line number="199" hits="3" branch="true" condition-coverage="50% (1/2)">
							<conditions>
								<condition number="0" type="jump" coverage="50%"/>
							</conditions>
						</line>
						<line number="200" hits="0" branch="false"/>
						<line number="201" hits="9" branch="false"/>
						<line number="203" hits="15" branch="false"/>
						<line number="204" hits="9" branch="false"/>
						<line number="205" hits="9" branch="false"/>
						<line number="206" hits="12" branch="false"/>
						<line number="208" hits="12" branch="true" condition-coverage="50% (1/2)">
							<conditions>
								<condition number="0" type="jump" coverage="50%"/>
							</conditions>
						</line>
						<line number="209" hits="0" branch="false"/>
						<line number="210" hits="3" branch="false"/>
						<line number="211" hits="3" branch="false"/>
						<line number="212" hits="12" branch="false"/>
						<line number="213" hits="3" branch="false"/>
						<line number="214" hits="3" branch="false"/>
						<line number="215" hits="12" branch="false"/>
						<line number="217" hits="12" branch="false"/>
						<line number="219" hits="12" branch="false"/>
						<line number="220" hits="9" branch="false"/>
						<line number="221" hits="12" branch="true" condition-coverage="50% (1/2)">
							<conditions>
								<condition number="0" type="jump" coverage="50%"/>
							</conditions>
						</line>
						<line number="222" hits="12" branch="false"/>
						<line number="223" hits="9" branch="false"/>
						<line number="224" hits="9" branch="false"/>
						<line number="225" hits="0" branch="false"/>
						<line number="226" hits="9" branch="false"/>
						<line number="227" hits="0" branch="false"/>
						<line number="228" hits="9" branch="false"/>
						<line number="230" hits="9" branch="true" condition-coverage="50% (1/2)">
							<conditions>
								<condition number="0" type="jump" coverage="50%"/>
							</conditions>
						</line>
						<line number="231" hits="9" branch="false"/>
						<line number="233" hits="0" branch="false"/>
						<line number="234" hits="5" branch="true" condition-coverage="50% (2/4)">
							<conditions>
								<condition number="0" type="jump" coverage="50%"/>
								<condition number="1" type="jump" coverage="50%"/>
							</conditions>
						</line>
						<line number="235" hits="0" branch="false"/>
						<line number="236" hits="0" branch="false"/>
						<line number="237" hits="10" branch="false"/>
						<line number="238" hits="5" branch="false"/>
						<line number="239" hits="5" branch="false"/>
						<line number="242" hits="5" branch="false"/>
						<line number="243" hits="15" branch="false"/>
						<line number="244" hits="5" branch="true" condition-coverage="100% (2/2)">
							<conditions>
								<condition number="0" type="jump" coverage="100%"/>
							</conditions>
						</line>
						<line number="245" hits="21" branch="false"/>
						<line number="246" hits="15" branch="false"/>
						<line number="247" hits="15" branch="false"/>
						<line number="248" hits="4" branch="false"/>
						<line number="250" hits="15" branch="false"/>
						<line number="251" hits="0" branch="false"/>
						<line number="252" hits="15" branch="true" condition-coverage="100% (2/2)">
							<conditions>
								<condition number="0" type="jump" coverage="100%"/>
							</conditions>
						</line>
						<line number="253" hits="3" branch="false"/>
						<line number="256" hits="12" branch="false"/>
						<line number="259" hits="0" branch="false"/>
						<line number="260" hits="4" branch="true" condition-coverage="50% (2/4)">
							<conditions>
								<condition number="0" type="jump" coverage="50%"/>
								<condition number="1" type="jump" coverage="50%"/>
							</conditions>
						</line>
						<line number="261" hits="0" branch="false"/>
						<line number="263" hits="8" branch="false"/>
						<line number="264" hits="4" branch="false"/>
						<line number="266" hits="4" branch="false"/>
						<line number="268" hits="16" branch="true" condition-coverage="50% (1/2)">
							<conditions>
								<condition number="0" type="jump" coverage="50%"/>
							</conditions>
						</line>
						<line number="269" hits="0" branch="false"/>
						<line number="270" hits="16" branch="false"/>
						<line number="271" hits="12" branch="false"/>
						<line number="272" hits="4" branch="false"/>
						<line number="273" hits="12" branch="false"/>
						<line number="275" hits="12" branch="true" condition-coverage="50% (1/2)">
							<conditions>
								<condition number="0" type="jump" coverage="50%"/>
							</conditions>
						</line>
						<line number="276" hits="0" branch="false"/>
						<line number="277" hits="0" branch="false"/>
						<line number="279" hits="12" branch="false"/>
						<line number="282" hits="0" branch="false"/>
						<line number="283" hits="0" branch="false"/>
						<line number="284" hits="0" branch="false"/>
						<line number="291" hits="6" branch="false"/>
						<line number="293" hits="6" branch="false"/>
						<line number="295" hits="8" branch="false"/>
						<line number="296" hits="6" branch="false"/>
						<line number="297" hits="6" branch="false"/>
						<line number="299" hits="6" branch="false"/>
						<line number="301" hits="6" branch="true" condition-coverage="100% (2/2)">
							<conditions>
								<condition number="0" type="jump" coverage="100%"/>
							</conditions>
						</line>
						<line number="303" hits="3" branch="false"/>
						<line number="306" hits="3" branch="false"/>
						<line number="307" hits="3" branch="false"/>
						<line number="310" hits="3" branch="false"/>
						<line number="312" hits="0" branch="false"/>
						<line number="313" hits="0" branch="false"/>
						<line number="314" hits="0" branch="false"/>
						<line number="322" hits="6" branch="false"/>
						<line number="324" hits="6" branch="false"/>
						<line number="326" hits="8" branch="false"/>
						<line number="327" hits="6" branch="false"/>
						<line number="328" hits="6" branch="false"/>
						<line number="330" hits="6" branch="false"/>
						<line number="332" hits="6" branch="false"/>
						<line number="334" hits="6" branch="true" condition-coverage="100% (2/2)">
							<conditions>
								<condition number="0" type="jump" coverage="100%"/>
							</conditions>
						</line>
						<line number="335" hits="3" branch="false"/>
						<line number="337" hits="3" branch="false"/>
						<line number="339" hits="0" branch="false"/>
						<line number="340" hits="0" branch="false"/>
						<line number="341" hits="0" branch="false"/>
						<line number="348" hits="9" branch="true" condition-coverage="50% (2/4)">
							<conditions>
								<condition number="0" type="jump" coverage="50%"/>
								<condition number="1" type="jump" coverage="50%"/>
							</conditions>
						</line>
						<line number="349" hits="0" branch="false"/>
						<line number="351" hits="12" branch="false"/>
						<line number="352" hits="9" branch="false"/>
						<line number="354" hits="9" branch="false"/>
						<line number="356" hits="0" branch="false"/>
						<line number="357" hits="0" branch="false"/>
					</lines>
				</class>
				<class name="backend.IBackEnd" filename="backend/IBackEnd.java" line-rate="1.0" branch-rate="1.0" complexity="1.0">
					<methods>
					</methods>
					<lines>
					</lines>
				</class>
			</classes>
		</package>
		<package name="backend.parser" line-rate="0.4307692307692308" branch-rate="0.25" complexity="4.0">
			<classes>
				<class name="backend.parser.Parser" filename="backend/parser/Parser.java" line-rate="0.4307692307692308" branch-rate="0.25" complexity="4.0">
					<methods>
						<method name="&lt;clinit&gt;" signature="()V" line-rate="1.0" branch-rate="1.0">
							<lines>
								<line number="11" hits="4" branch="false"/>
								<line number="12" hits="6" branch="false"/>
							</lines>
						</method>
						<method name="&lt;init&gt;" signature="()V" line-rate="0.0" branch-rate="1.0">
							<lines>
								<line number="10" hits="0" branch="false"/>
							</lines>
						</method>
						<method name="GetCodesToConvertToUTF_8" signature="()V" line-rate="1.0" branch-rate="1.0">
							<lines>
								<line number="100" hits="4" branch="false"/>
								<line number="101" hits="4" branch="false"/>
								<line number="104" hits="4" branch="false"/>
								<line number="105" hits="258" branch="true" condition-coverage="100% (2/2)">
									<conditions>
										<condition number="0" type="jump" coverage="100%"/>
									</conditions>
								</line>
								<line number="106" hits="252" branch="false"/>
								<line number="107" hits="252" branch="true" condition-coverage="100% (2/2)">
									<conditions>
										<condition number="0" type="jump" coverage="100%"/>
									</conditions>
								</line>
								<line number="108" hits="248" branch="false"/>
								<line number="109" hits="252" branch="false"/>
								<line number="110" hits="126" branch="false"/>
								<line number="111" hits="2" branch="false"/>
								<line number="112" hits="4" branch="false"/>
								<line number="113" hits="2" branch="false"/>
								<line number="115" hits="4" branch="false"/>
							</lines>
						</method>
						<method name="ParseFilesForFolder" signature="(Ljava/io/File;)Ljava/util/List;" line-rate="0.5714285714285714" branch-rate="0.0">
							<lines>
								<line number="38" hits="4" branch="false"/>
								<line number="40" hits="4" branch="true" condition-coverage="0% (0/2)">
									<conditions>
										<condition number="0" type="jump" coverage="0%"/>
									</conditions>
								</line>
								<line number="41" hits="0" branch="false"/>
								<line number="42" hits="0" branch="false"/>
								<line number="44" hits="0" branch="false"/>
								<line number="45" hits="4" branch="false"/>
								<line number="46" hits="4" branch="false"/>
							</lines>
						</method>
						<method name="ReadTxtFile" signature="(Ljava/io/File;)Ljava/util/List;" line-rate="0.0" branch-rate="0.0">
							<lines>
								<line number="53" hits="0" branch="false"/>
								<line number="54" hits="0" branch="false"/>
								<line number="55" hits="0" branch="false"/>
								<line number="56" hits="0" branch="false"/>
								<line number="57" hits="0" branch="false"/>
								<line number="59" hits="0" branch="false"/>
								<line number="61" hits="0" branch="false"/>
								<line number="64" hits="0" branch="false"/>
								<line number="66" hits="0" branch="true" condition-coverage="0% (0/2)">
									<conditions>
										<condition number="0" type="jump" coverage="0%"/>
									</conditions>
								</line>
								<line number="67" hits="0" branch="false"/>
								<line number="68" hits="0" branch="false"/>
								<line number="69" hits="0" branch="true" condition-coverage="0% (0/2)">
									<conditions>
										<condition number="0" type="jump" coverage="0%"/>
									</conditions>
								</line>
								<line number="70" hits="0" branch="false"/>
								<line number="71" hits="0" branch="false"/>
								<line number="72" hits="0" branch="true" condition-coverage="0% (0/4)">
									<conditions>
										<condition number="0" type="jump" coverage="0%"/>
										<condition number="1" type="jump" coverage="0%"/>
									</conditions>
								</line>
								<line number="73" hits="0" branch="false"/>
								<line number="75" hits="0" branch="false"/>
								<line number="76" hits="0" branch="false"/>
								<line number="78" hits="0" branch="false"/>
								<line number="79" hits="0" branch="false"/>
								<line number="81" hits="0" branch="false"/>
								<line number="82" hits="0" branch="true" condition-coverage="0% (0/2)">
									<conditions>
										<condition number="0" type="jump" coverage="0%"/>
									</conditions>
								</line>
								<line number="83" hits="0" branch="false"/>
								<line number="84" hits="0" branch="false"/>
								<line number="87" hits="0" branch="false"/>
								<line number="88" hits="0" branch="false"/>
								<line number="89" hits="0" branch="false"/>
								<line number="91" hits="0" branch="false"/>
								<line number="92" hits="0" branch="false"/>
								<line number="93" hits="0" branch="false"/>
								<line number="94" hits="0" branch="false"/>
								<line number="95" hits="0" branch="false"/>
							</lines>
						</method>
						<method name="XmlParser" signature="(Ljava/lang/String;)Lbackend/parser/pubrec/DBLP;" line-rate="0.9" branch-rate="1.0">
							<lines>
								<line number="17" hits="6" branch="false"/>
								<line number="18" hits="4" branch="false"/>
								<line number="20" hits="4" branch="false"/>
								<line number="22" hits="4" branch="false"/>
								<line number="23" hits="4" branch="false"/>
								<line number="24" hits="4" branch="false"/>
								<line number="26" hits="4" branch="false"/>
								<line number="28" hits="0" branch="false"/>
								<line number="30" hits="4" branch="false"/>
								<line number="31" hits="4" branch="false"/>
							</lines>
						</method>
					</methods>
					<lines>
						<line number="10" hits="0" branch="false"/>
						<line number="11" hits="4" branch="false"/>
						<line number="12" hits="6" branch="false"/>
						<line number="17" hits="6" branch="false"/>
						<line number="18" hits="4" branch="false"/>
						<line number="20" hits="4" branch="false"/>
						<line number="22" hits="4" branch="false"/>
						<line number="23" hits="4" branch="false"/>
						<line number="24" hits="4" branch="false"/>
						<line number="26" hits="4" branch="false"/>
						<line number="28" hits="0" branch="false"/>
						<line number="30" hits="4" branch="false"/>
						<line number="31" hits="4" branch="false"/>
						<line number="38" hits="4" branch="false"/>
						<line number="40" hits="4" branch="true" condition-coverage="0% (0/2)">
							<conditions>
								<condition number="0" type="jump" coverage="0%"/>
							</conditions>
						</line>
						<line number="41" hits="0" branch="false"/>
						<line number="42" hits="0" branch="false"/>
						<line number="44" hits="0" branch="false"/>
						<line number="45" hits="4" branch="false"/>
						<line number="46" hits="4" branch="false"/>
						<line number="53" hits="0" branch="false"/>
						<line number="54" hits="0" branch="false"/>
						<line number="55" hits="0" branch="false"/>
						<line number="56" hits="0" branch="false"/>
						<line number="57" hits="0" branch="false"/>
						<line number="59" hits="0" branch="false"/>
						<line number="61" hits="0" branch="false"/>
						<line number="64" hits="0" branch="false"/>
						<line number="66" hits="0" branch="true" condition-coverage="0% (0/2)">
							<conditions>
								<condition number="0" type="jump" coverage="0%"/>
							</conditions>
						</line>
						<line number="67" hits="0" branch="false"/>
						<line number="68" hits="0" branch="false"/>
						<line number="69" hits="0" branch="true" condition-coverage="0% (0/2)">
							<conditions>
								<condition number="0" type="jump" coverage="0%"/>
							</conditions>
						</line>
						<line number="70" hits="0" branch="false"/>
						<line number="71" hits="0" branch="false"/>
						<line number="72" hits="0" branch="true" condition-coverage="0% (0/4)">
							<conditions>
								<condition number="0" type="jump" coverage="0%"/>
								<condition number="1" type="jump" coverage="0%"/>
							</conditions>
						</line>
						<line number="73" hits="0" branch="false"/>
						<line number="75" hits="0" branch="false"/>
						<line number="76" hits="0" branch="false"/>
						<line number="78" hits="0" branch="false"/>
						<line number="79" hits="0" branch="false"/>
						<line number="81" hits="0" branch="false"/>
						<line number="82" hits="0" branch="true" condition-coverage="0% (0/2)">
							<conditions>
								<condition number="0" type="jump" coverage="0%"/>
							</conditions>
						</line>
						<line number="83" hits="0" branch="false"/>
						<line number="84" hits="0" branch="false"/>
						<line number="87" hits="0" branch="false"/>
						<line number="88" hits="0" branch="false"/>
						<line number="89" hits="0" branch="false"/>
						<line number="91" hits="0" branch="false"/>
						<line number="92" hits="0" branch="false"/>
						<line number="93" hits="0" branch="false"/>
						<line number="94" hits="0" branch="false"/>
						<line number="95" hits="0" branch="false"/>
						<line number="100" hits="4" branch="false"/>
						<line number="101" hits="4" branch="false"/>
						<line number="104" hits="4" branch="false"/>
						<line number="105" hits="258" branch="true" condition-coverage="100% (2/2)">
							<conditions>
								<condition number="0" type="jump" coverage="100%"/>
							</conditions>
						</line>
						<line number="106" hits="252" branch="false"/>
						<line number="107" hits="252" branch="true" condition-coverage="100% (2/2)">
							<conditions>
								<condition number="0" type="jump" coverage="100%"/>
							</conditions>
						</line>
						<line number="108" hits="248" branch="false"/>
						<line number="109" hits="252" branch="false"/>
						<line number="110" hits="126" branch="false"/>
						<line number="111" hits="2" branch="false"/>
						<line number="112" hits="4" branch="false"/>
						<line number="113" hits="2" branch="false"/>
						<line number="115" hits="4" branch="false"/>
					</lines>
				</class>
			</classes>
		</package>
		<package name="backend.parser.mysqldb" line-rate="0.0" branch-rate="0.0" complexity="21.333333333333332">
			<classes>
				<class name="backend.parser.mysqldb.Database" filename="backend/parser/mysqldb/Database.java" line-rate="0.0" branch-rate="0.0" complexity="21.333333333333332">
					<methods>
						<method name="&lt;clinit&gt;" signature="()V" line-rate="0.0" branch-rate="1.0">
							<lines>
								<line number="15" hits="0" branch="false"/>
								<line number="17" hits="0" branch="false"/>
								<line number="25" hits="0" branch="false"/>
								<line number="27" hits="0" branch="false"/>
								<line number="28" hits="0" branch="false"/>
								<line number="29" hits="0" branch="false"/>
								<line number="31" hits="0" branch="false"/>
								<line number="32" hits="0" branch="false"/>
							</lines>
						</method>
						<method name="&lt;init&gt;" signature="()V" line-rate="0.0" branch-rate="1.0">
							<lines>
								<line number="9" hits="0" branch="false"/>
								<line number="18" hits="0" branch="false"/>
							</lines>
						</method>
						<method name="InsertArticleData" signature="(Ljava/util/List;)V" line-rate="0.0" branch-rate="0.0">
							<lines>
								<line number="77" hits="0" branch="true" condition-coverage="0% (0/4)">
									<conditions>
										<condition number="0" type="jump" coverage="0%"/>
										<condition number="1" type="jump" coverage="0%"/>
									</conditions>
								</line>
								<line number="78" hits="0" branch="false"/>
								<line number="81" hits="0" branch="true" condition-coverage="0% (0/4)">
									<conditions>
										<condition number="0" type="jump" coverage="0%"/>
										<condition number="1" type="jump" coverage="0%"/>
									</conditions>
								</line>
								<line number="82" hits="0" branch="false"/>
								<line number="84" hits="0" branch="false"/>
								<line number="85" hits="0" branch="false"/>
								<line number="86" hits="0" branch="false"/>
								<line number="87" hits="0" branch="true" condition-coverage="0% (0/2)">
									<conditions>
										<condition number="0" type="jump" coverage="0%"/>
									</conditions>
								</line>
								<line number="88" hits="0" branch="false"/>
								<line number="89" hits="0" branch="false"/>
								<line number="90" hits="0" branch="false"/>
								<line number="91" hits="0" branch="true" condition-coverage="0% (0/2)">
									<conditions>
										<condition number="0" type="jump" coverage="0%"/>
									</conditions>
								</line>
								<line number="92" hits="0" branch="false"/>
								<line number="93" hits="0" branch="false"/>
								<line number="94" hits="0" branch="false"/>
								<line number="95" hits="0" branch="true" condition-coverage="0% (0/20)">
									<conditions>
										<condition number="0" type="jump" coverage="0%"/>
										<condition number="1" type="jump" coverage="0%"/>
										<condition number="2" type="jump" coverage="0%"/>
										<condition number="3" type="jump" coverage="0%"/>
										<condition number="4" type="jump" coverage="0%"/>
										<condition number="5" type="jump" coverage="0%"/>
										<condition number="6" type="jump" coverage="0%"/>
										<condition number="7" type="jump" coverage="0%"/>
										<condition number="8" type="jump" coverage="0%"/>
										<condition number="9" type="jump" coverage="0%"/>
									</conditions>
								</line>
								<line number="96" hits="0" branch="false"/>
								<line number="97" hits="0" branch="false"/>
								<line number="99" hits="0" branch="true" condition-coverage="0% (0/20)">
									<conditions>
										<condition number="0" type="jump" coverage="0%"/>
										<condition number="1" type="jump" coverage="0%"/>
										<condition number="2" type="jump" coverage="0%"/>
										<condition number="3" type="jump" coverage="0%"/>
										<condition number="4" type="jump" coverage="0%"/>
										<condition number="5" type="jump" coverage="0%"/>
										<condition number="6" type="jump" coverage="0%"/>
										<condition number="7" type="jump" coverage="0%"/>
										<condition number="8" type="jump" coverage="0%"/>
										<condition number="9" type="jump" coverage="0%"/>
									</conditions>
								</line>
								<line number="100" hits="0" branch="true" condition-coverage="0% (0/4)">
									<conditions>
										<condition number="0" type="jump" coverage="0%"/>
										<condition number="1" type="jump" coverage="0%"/>
									</conditions>
								</line>
								<line number="101" hits="0" branch="false"/>
								<line number="103" hits="0" branch="true" condition-coverage="0% (0/6)">
									<conditions>
										<condition number="0" type="jump" coverage="0%"/>
										<condition number="1" type="jump" coverage="0%"/>
										<condition number="2" type="jump" coverage="0%"/>
									</conditions>
								</line>
								<line number="104" hits="0" branch="true" condition-coverage="0% (0/4)">
									<conditions>
										<condition number="0" type="jump" coverage="0%"/>
										<condition number="1" type="jump" coverage="0%"/>
									</conditions>
								</line>
								<line number="105" hits="0" branch="false"/>
								<line number="107" hits="0" branch="true" condition-coverage="0% (0/4)">
									<conditions>
										<condition number="0" type="jump" coverage="0%"/>
										<condition number="1" type="jump" coverage="0%"/>
									</conditions>
								</line>
								<line number="108" hits="0" branch="true" condition-coverage="0% (0/4)">
									<conditions>
										<condition number="0" type="jump" coverage="0%"/>
										<condition number="1" type="jump" coverage="0%"/>
									</conditions>
								</line>
								<line number="109" hits="0" branch="false"/>
								<line number="111" hits="0" branch="true" condition-coverage="0% (0/2)">
									<conditions>
										<condition number="0" type="jump" coverage="0%"/>
									</conditions>
								</line>
								<line number="112" hits="0" branch="true" condition-coverage="0% (0/4)">
									<conditions>
										<condition number="0" type="jump" coverage="0%"/>
										<condition number="1" type="jump" coverage="0%"/>
									</conditions>
								</line>
								<line number="113" hits="0" branch="false"/>
								<line number="114" hits="0" branch="false"/>
								<line number="115" hits="0" branch="false"/>
								<line number="116" hits="0" branch="false"/>
								<line number="117" hits="0" branch="false"/>
								<line number="118" hits="0" branch="false"/>
								<line number="119" hits="0" branch="false"/>
								<line number="120" hits="0" branch="false"/>
								<line number="121" hits="0" branch="true" condition-coverage="0% (0/2)">
									<conditions>
										<condition number="0" type="jump" coverage="0%"/>
									</conditions>
								</line>
								<line number="122" hits="0" branch="false"/>
								<line number="123" hits="0" branch="false"/>
								<line number="125" hits="0" branch="true" condition-coverage="0% (0/2)">
									<conditions>
										<condition number="0" type="jump" coverage="0%"/>
									</conditions>
								</line>
								<line number="126" hits="0" branch="false"/>
								<line number="127" hits="0" branch="false"/>
								<line number="129" hits="0" branch="false"/>
								<line number="130" hits="0" branch="false"/>
								<line number="131" hits="0" branch="false"/>
								<line number="133" hits="0" branch="false"/>
								<line number="134" hits="0" branch="false"/>
								<line number="135" hits="0" branch="false"/>
								<line number="137" hits="0" branch="false"/>
								<line number="138" hits="0" branch="false"/>
							</lines>
						</method>
						<method name="InsertBookData" signature="(Ljava/util/List;)V" line-rate="0.0" branch-rate="0.0">
							<lines>
								<line number="295" hits="0" branch="true" condition-coverage="0% (0/4)">
									<conditions>
										<condition number="0" type="jump" coverage="0%"/>
										<condition number="1" type="jump" coverage="0%"/>
									</conditions>
								</line>
								<line number="296" hits="0" branch="false"/>
								<line number="299" hits="0" branch="true" condition-coverage="0% (0/4)">
									<conditions>
										<condition number="0" type="jump" coverage="0%"/>
										<condition number="1" type="jump" coverage="0%"/>
									</conditions>
								</line>
								<line number="300" hits="0" branch="false"/>
								<line number="302" hits="0" branch="false"/>
								<line number="303" hits="0" branch="false"/>
								<line number="304" hits="0" branch="false"/>
								<line number="305" hits="0" branch="true" condition-coverage="0% (0/2)">
									<conditions>
										<condition number="0" type="jump" coverage="0%"/>
									</conditions>
								</line>
								<line number="306" hits="0" branch="false"/>
								<line number="307" hits="0" branch="false"/>
								<line number="308" hits="0" branch="false"/>
								<line number="309" hits="0" branch="true" condition-coverage="0% (0/2)">
									<conditions>
										<condition number="0" type="jump" coverage="0%"/>
									</conditions>
								</line>
								<line number="310" hits="0" branch="false"/>
								<line number="311" hits="0" branch="false"/>
								<line number="312" hits="0" branch="false"/>
								<line number="313" hits="0" branch="true" condition-coverage="0% (0/8)">
									<conditions>
										<condition number="0" type="jump" coverage="0%"/>
										<condition number="1" type="jump" coverage="0%"/>
										<condition number="2" type="jump" coverage="0%"/>
										<condition number="3" type="jump" coverage="0%"/>
									</conditions>
								</line>
								<line number="314" hits="0" branch="true" condition-coverage="0% (0/8)">
									<conditions>
										<condition number="0" type="jump" coverage="0%"/>
										<condition number="1" type="jump" coverage="0%"/>
										<condition number="2" type="jump" coverage="0%"/>
										<condition number="3" type="jump" coverage="0%"/>
									</conditions>
								</line>
								<line number="315" hits="0" branch="true" condition-coverage="0% (0/4)">
									<conditions>
										<condition number="0" type="jump" coverage="0%"/>
										<condition number="1" type="jump" coverage="0%"/>
									</conditions>
								</line>
								<line number="316" hits="0" branch="false"/>
								<line number="317" hits="0" branch="true" condition-coverage="0% (0/10)">
									<conditions>
										<condition number="0" type="jump" coverage="0%"/>
										<condition number="1" type="jump" coverage="0%"/>
										<condition number="2" type="jump" coverage="0%"/>
										<condition number="3" type="jump" coverage="0%"/>
										<condition number="4" type="jump" coverage="0%"/>
									</conditions>
								</line>
								<line number="318" hits="0" branch="true" condition-coverage="0% (0/8)">
									<conditions>
										<condition number="0" type="jump" coverage="0%"/>
										<condition number="1" type="jump" coverage="0%"/>
										<condition number="2" type="jump" coverage="0%"/>
										<condition number="3" type="jump" coverage="0%"/>
									</conditions>
								</line>
								<line number="319" hits="0" branch="true" condition-coverage="0% (0/4)">
									<conditions>
										<condition number="0" type="jump" coverage="0%"/>
										<condition number="1" type="jump" coverage="0%"/>
									</conditions>
								</line>
								<line number="320" hits="0" branch="false"/>
								<line number="323" hits="0" branch="true" condition-coverage="0% (0/2)">
									<conditions>
										<condition number="0" type="jump" coverage="0%"/>
									</conditions>
								</line>
								<line number="324" hits="0" branch="true" condition-coverage="0% (0/4)">
									<conditions>
										<condition number="0" type="jump" coverage="0%"/>
										<condition number="1" type="jump" coverage="0%"/>
									</conditions>
								</line>
								<line number="325" hits="0" branch="false"/>
								<line number="327" hits="0" branch="true" condition-coverage="0% (0/2)">
									<conditions>
										<condition number="0" type="jump" coverage="0%"/>
									</conditions>
								</line>
								<line number="328" hits="0" branch="true" condition-coverage="0% (0/4)">
									<conditions>
										<condition number="0" type="jump" coverage="0%"/>
										<condition number="1" type="jump" coverage="0%"/>
									</conditions>
								</line>
								<line number="329" hits="0" branch="false"/>
								<line number="330" hits="0" branch="false"/>
								<line number="331" hits="0" branch="false"/>
								<line number="332" hits="0" branch="false"/>
								<line number="333" hits="0" branch="false"/>
								<line number="334" hits="0" branch="false"/>
								<line number="335" hits="0" branch="false"/>
								<line number="336" hits="0" branch="false"/>
								<line number="337" hits="0" branch="true" condition-coverage="0% (0/2)">
									<conditions>
										<condition number="0" type="jump" coverage="0%"/>
									</conditions>
								</line>
								<line number="338" hits="0" branch="false"/>
								<line number="339" hits="0" branch="false"/>
								<line number="341" hits="0" branch="true" condition-coverage="0% (0/2)">
									<conditions>
										<condition number="0" type="jump" coverage="0%"/>
									</conditions>
								</line>
								<line number="342" hits="0" branch="false"/>
								<line number="343" hits="0" branch="false"/>
								<line number="345" hits="0" branch="false"/>
								<line number="346" hits="0" branch="false"/>
								<line number="347" hits="0" branch="false"/>
								<line number="349" hits="0" branch="false"/>
								<line number="350" hits="0" branch="false"/>
								<line number="351" hits="0" branch="false"/>
								<line number="353" hits="0" branch="false"/>
								<line number="354" hits="0" branch="false"/>
							</lines>
						</method>
						<method name="InsertCommitteeData" signature="(Ljava/util/List;)V" line-rate="0.0" branch-rate="0.0">
							<lines>
								<line number="468" hits="0" branch="true" condition-coverage="0% (0/4)">
									<conditions>
										<condition number="0" type="jump" coverage="0%"/>
										<condition number="1" type="jump" coverage="0%"/>
									</conditions>
								</line>
								<line number="469" hits="0" branch="false"/>
								<line number="472" hits="0" branch="true" condition-coverage="0% (0/4)">
									<conditions>
										<condition number="0" type="jump" coverage="0%"/>
										<condition number="1" type="jump" coverage="0%"/>
									</conditions>
								</line>
								<line number="473" hits="0" branch="false"/>
								<line number="474" hits="0" branch="false"/>
								<line number="475" hits="0" branch="false"/>
								<line number="476" hits="0" branch="false"/>
								<line number="477" hits="0" branch="false"/>
								<line number="478" hits="0" branch="false"/>
								<line number="479" hits="0" branch="false"/>
								<line number="480" hits="0" branch="false"/>
								<line number="482" hits="0" branch="false"/>
								<line number="483" hits="0" branch="false"/>
								<line number="484" hits="0" branch="false"/>
								<line number="485" hits="0" branch="false"/>
								<line number="486" hits="0" branch="false"/>
								<line number="487" hits="0" branch="false"/>
								<line number="488" hits="0" branch="true" condition-coverage="0% (0/2)">
									<conditions>
										<condition number="0" type="jump" coverage="0%"/>
									</conditions>
								</line>
								<line number="489" hits="0" branch="false"/>
								<line number="490" hits="0" branch="false"/>
								<line number="491" hits="0" branch="false"/>
								<line number="492" hits="0" branch="true" condition-coverage="0% (0/2)">
									<conditions>
										<condition number="0" type="jump" coverage="0%"/>
									</conditions>
								</line>
								<line number="493" hits="0" branch="false"/>
								<line number="494" hits="0" branch="false"/>
								<line number="495" hits="0" branch="true" condition-coverage="0% (0/8)">
									<conditions>
										<condition number="0" type="jump" coverage="0%"/>
										<condition number="1" type="jump" coverage="0%"/>
										<condition number="2" type="jump" coverage="0%"/>
										<condition number="3" type="jump" coverage="0%"/>
									</conditions>
								</line>
								<line number="496" hits="0" branch="true" condition-coverage="0% (0/4)">
									<conditions>
										<condition number="0" type="jump" coverage="0%"/>
										<condition number="1" type="jump" coverage="0%"/>
									</conditions>
								</line>
								<line number="497" hits="0" branch="false"/>
								<line number="498" hits="0" branch="false"/>
								<line number="499" hits="0" branch="true" condition-coverage="0% (0/10)">
									<conditions>
										<condition number="0" type="jump" coverage="0%"/>
										<condition number="1" type="jump" coverage="0%"/>
										<condition number="2" type="jump" coverage="0%"/>
										<condition number="3" type="jump" coverage="0%"/>
										<condition number="4" type="jump" coverage="0%"/>
									</conditions>
								</line>
								<line number="500" hits="0" branch="true" condition-coverage="0% (0/4)">
									<conditions>
										<condition number="0" type="jump" coverage="0%"/>
										<condition number="1" type="jump" coverage="0%"/>
									</conditions>
								</line>
								<line number="502" hits="0" branch="false"/>
								<line number="503" hits="0" branch="false"/>
								<line number="504" hits="0" branch="false"/>
								<line number="505" hits="0" branch="false"/>
								<line number="506" hits="0" branch="false"/>
								<line number="507" hits="0" branch="false"/>
								<line number="508" hits="0" branch="false"/>
								<line number="509" hits="0" branch="true" condition-coverage="0% (0/2)">
									<conditions>
										<condition number="0" type="jump" coverage="0%"/>
									</conditions>
								</line>
								<line number="510" hits="0" branch="false"/>
								<line number="511" hits="0" branch="false"/>
								<line number="513" hits="0" branch="true" condition-coverage="0% (0/2)">
									<conditions>
										<condition number="0" type="jump" coverage="0%"/>
									</conditions>
								</line>
								<line number="514" hits="0" branch="false"/>
								<line number="515" hits="0" branch="false"/>
								<line number="517" hits="0" branch="false"/>
								<line number="518" hits="0" branch="false"/>
								<line number="519" hits="0" branch="false"/>
								<line number="521" hits="0" branch="false"/>
								<line number="522" hits="0" branch="false"/>
								<line number="523" hits="0" branch="false"/>
								<line number="524" hits="0" branch="true" condition-coverage="0% (0/2)">
									<conditions>
										<condition number="0" type="jump" coverage="0%"/>
									</conditions>
								</line>
								<line number="525" hits="0" branch="false"/>
								<line number="526" hits="0" branch="false"/>
								<line number="528" hits="0" branch="true" condition-coverage="0% (0/2)">
									<conditions>
										<condition number="0" type="jump" coverage="0%"/>
									</conditions>
								</line>
								<line number="529" hits="0" branch="false"/>
[...]
								<line number="57" hits="574254" branch="false"/>
								<line number="58" hits="574374" branch="false"/>
							</lines>
						</method>
						<method name="setId" signature="(I)V" line-rate="1.0" branch-rate="1.0">
							<lines>
								<line number="76" hits="115143" branch="false"/>
								<line number="78" hits="574254" branch="false"/>
								<line number="79" hits="574254" branch="false"/>
							</lines>
						</method>
						<method name="setKey" signature="(Ljava/lang/String;)V" line-rate="1.0" branch-rate="1.0">
							<lines>
								<line number="33" hits="115143" branch="false"/>
								<line number="34" hits="115143" branch="false"/>
								<line number="35" hits="574254" branch="false"/>
								<line number="36" hits="574254" branch="false"/>
								<line number="37" hits="574374" branch="false"/>
							</lines>
						</method>
						<method name="setTitle" signature="(Ljava/lang/String;)V" line-rate="1.0" branch-rate="1.0">
							<lines>
								<line number="41" hits="115143" branch="false"/>
								<line number="43" hits="574254" branch="false"/>
								<line number="44" hits="574374" branch="false"/>
							</lines>
						</method>
						<method name="setYear" signature="(Ljava/lang/String;)V" line-rate="1.0" branch-rate="1.0">
							<lines>
								<line number="48" hits="115143" branch="false"/>
								<line number="50" hits="574254" branch="false"/>
								<line number="51" hits="574374" branch="false"/>
							</lines>
						</method>
					</methods>
					<lines>
						<line number="13" hits="115145" branch="false"/>
						<line number="14" hits="574257" branch="false"/>
						<line number="15" hits="115145" branch="false"/>
						<line number="16" hits="574257" branch="false"/>
						<line number="19" hits="0" branch="false"/>
						<line number="20" hits="0" branch="false"/>
						<line number="21" hits="0" branch="false"/>
						<line number="22" hits="0" branch="false"/>
						<line number="23" hits="0" branch="false"/>
						<line number="24" hits="0" branch="false"/>
						<line number="25" hits="0" branch="false"/>
						<line number="26" hits="0" branch="false"/>
						<line number="27" hits="0" branch="false"/>
						<line number="28" hits="0" branch="false"/>
						<line number="29" hits="0" branch="false"/>
						<line number="30" hits="120" branch="false"/>
						<line number="32" hits="0" branch="false"/>
						<line number="33" hits="115143" branch="false"/>
						<line number="34" hits="115143" branch="false"/>
						<line number="35" hits="574254" branch="false"/>
						<line number="36" hits="574254" branch="false"/>
						<line number="37" hits="574374" branch="false"/>
						<line number="40" hits="385957" branch="false"/>
						<line number="41" hits="115143" branch="false"/>
						<line number="43" hits="574254" branch="false"/>
						<line number="44" hits="574374" branch="false"/>
						<line number="47" hits="218128" branch="false"/>
						<line number="48" hits="115143" branch="false"/>
						<line number="50" hits="574254" branch="false"/>
						<line number="51" hits="574374" branch="false"/>
						<line number="54" hits="115143" branch="false"/>
						<line number="55" hits="115143" branch="false"/>
						<line number="57" hits="574254" branch="false"/>
						<line number="58" hits="574374" branch="false"/>
						<line number="61" hits="115143" branch="false"/>
						<line number="62" hits="115143" branch="false"/>
						<line number="64" hits="574254" branch="false"/>
						<line number="65" hits="574374" branch="false"/>
						<line number="68" hits="696660" branch="false"/>
						<line number="69" hits="115143" branch="false"/>
						<line number="71" hits="574254" branch="false"/>
						<line number="72" hits="574376" branch="false"/>
						<line number="75" hits="122409" branch="false"/>
						<line number="76" hits="115143" branch="false"/>
						<line number="78" hits="574254" branch="false"/>
						<line number="79" hits="574254" branch="false"/>
						<line number="81" hits="7263" branch="false"/>
						<line number="86" hits="0" branch="true" condition-coverage="0% (0/2)">
							<conditions>
								<condition number="0" type="jump" coverage="0%"/>
							</conditions>
						</line>
						<line number="87" hits="0" branch="false"/>
						<line number="88" hits="0" branch="true" condition-coverage="0% (0/2)">
							<conditions>
								<condition number="0" type="jump" coverage="0%"/>
							</conditions>
						</line>
						<line number="89" hits="0" branch="true" condition-coverage="0% (0/2)">
							<conditions>
								<condition number="0" type="jump" coverage="0%"/>
							</conditions>
						</line>
						<line number="92" hits="0" branch="false"/>
						<line number="99" hits="0" branch="false"/>
					</lines>
				</class>
				<class name="resources.pubrec.PhdThesis" filename="resources/pubrec/PhdThesis.java" line-rate="0.7441860465116279" branch-rate="1.0" complexity="1.0">
					<methods>
						<method name="&lt;init&gt;" signature="()V" line-rate="1.0" branch-rate="1.0">
							<lines>
								<line number="12" hits="88052" branch="false"/>
								<line number="13" hits="264093" branch="false"/>
								<line number="14" hits="88052" branch="false"/>
								<line number="15" hits="264093" branch="false"/>
							</lines>
						</method>
						<method name="&lt;init&gt;" signature="(ILjava/lang/String;Ljava/lang/String;Ljava/lang/String;Ljava/lang/String;Ljava/lang/String;)V" line-rate="0.0" branch-rate="1.0">
							<lines>
								<line number="17" hits="0" branch="false"/>
								<line number="18" hits="0" branch="false"/>
								<line number="19" hits="0" branch="false"/>
								<line number="20" hits="0" branch="false"/>
								<line number="21" hits="0" branch="false"/>
								<line number="22" hits="0" branch="false"/>
								<line number="23" hits="0" branch="false"/>
								<line number="24" hits="0" branch="false"/>
								<line number="25" hits="0" branch="false"/>
								<line number="26" hits="0" branch="false"/>
							</lines>
						</method>
						<method name="getAuthorName" signature="()Ljava/lang/String;" line-rate="1.0" branch-rate="1.0">
							<lines>
								<line number="65" hits="265405" branch="false"/>
							</lines>
						</method>
						<method name="getId" signature="()I" line-rate="1.0" branch-rate="1.0">
							<lines>
								<line number="58" hits="89368" branch="false"/>
							</lines>
						</method>
						<method name="getKey" signature="()Ljava/lang/String;" line-rate="0.5" branch-rate="1.0">
							<lines>
								<line number="27" hits="120" branch="false"/>
								<line number="29" hits="0" branch="false"/>
							</lines>
						</method>
						<method name="getPublisher" signature="()Ljava/lang/String;" line-rate="1.0" branch-rate="1.0">
							<lines>
								<line number="73" hits="1315" branch="false"/>
							</lines>
						</method>
						<method name="getSchool" signature="()Ljava/lang/String;" line-rate="1.0" branch-rate="1.0">
							<lines>
								<line number="51" hits="88050" branch="false"/>
							</lines>
						</method>
						<method name="getTitle" signature="()Ljava/lang/String;" line-rate="1.0" branch-rate="1.0">
							<lines>
								<line number="37" hits="221244" branch="false"/>
							</lines>
						</method>
						<method name="getYear" signature="()Ljava/lang/String;" line-rate="1.0" branch-rate="1.0">
							<lines>
								<line number="44" hits="133382" branch="false"/>
							</lines>
						</method>
						<method name="setAuthorName" signature="(Ljava/lang/String;)V" line-rate="1.0" branch-rate="1.0">
							<lines>
								<line number="66" hits="88050" branch="false"/>
								<line number="67" hits="88050" branch="false"/>
								<line number="69" hits="264090" branch="false"/>
								<line number="70" hits="264090" branch="false"/>
							</lines>
						</method>
						<method name="setId" signature="(I)V" line-rate="1.0" branch-rate="1.0">
							<lines>
								<line number="59" hits="88050" branch="false"/>
								<line number="61" hits="264090" branch="false"/>
								<line number="62" hits="264210" branch="false"/>
							</lines>
						</method>
						<method name="setKey" signature="(Ljava/lang/String;)V" line-rate="1.0" branch-rate="1.0">
							<lines>
								<line number="30" hits="88050" branch="false"/>
								<line number="31" hits="88050" branch="false"/>
								<line number="32" hits="264090" branch="false"/>
								<line number="33" hits="264090" branch="false"/>
								<line number="34" hits="264210" branch="false"/>
							</lines>
						</method>
						<method name="setSchool" signature="(Ljava/lang/String;)V" line-rate="1.0" branch-rate="1.0">
							<lines>
								<line number="52" hits="88050" branch="false"/>
								<line number="54" hits="264090" branch="false"/>
								<line number="55" hits="264212" branch="false"/>
							</lines>
						</method>
						<method name="setTitle" signature="(Ljava/lang/String;)V" line-rate="1.0" branch-rate="1.0">
							<lines>
								<line number="38" hits="88050" branch="false"/>
								<line number="40" hits="264090" branch="false"/>
								<line number="41" hits="264210" branch="false"/>
							</lines>
						</method>
						<method name="setYear" signature="(Ljava/lang/String;)V" line-rate="1.0" branch-rate="1.0">
							<lines>
								<line number="45" hits="88050" branch="false"/>
								<line number="47" hits="264090" branch="false"/>
								<line number="48" hits="264210" branch="false"/>
							</lines>
						</method>
					</methods>
					<lines>
						<line number="12" hits="88052" branch="false"/>
						<line number="13" hits="264093" branch="false"/>
						<line number="14" hits="88052" branch="false"/>
						<line number="15" hits="264093" branch="false"/>
						<line number="17" hits="0" branch="false"/>
						<line number="18" hits="0" branch="false"/>
						<line number="19" hits="0" branch="false"/>
						<line number="20" hits="0" branch="false"/>
						<line number="21" hits="0" branch="false"/>
						<line number="22" hits="0" branch="false"/>
						<line number="23" hits="0" branch="false"/>
						<line number="24" hits="0" branch="false"/>
						<line number="25" hits="0" branch="false"/>
						<line number="26" hits="0" branch="false"/>
						<line number="27" hits="120" branch="false"/>
						<line number="29" hits="0" branch="false"/>
						<line number="30" hits="88050" branch="false"/>
						<line number="31" hits="88050" branch="false"/>
						<line number="32" hits="264090" branch="false"/>
						<line number="33" hits="264090" branch="false"/>
						<line number="34" hits="264210" branch="false"/>
						<line number="37" hits="221244" branch="false"/>
						<line number="38" hits="88050" branch="false"/>
						<line number="40" hits="264090" branch="false"/>
						<line number="41" hits="264210" branch="false"/>
						<line number="44" hits="133382" branch="false"/>
						<line number="45" hits="88050" branch="false"/>
						<line number="47" hits="264090" branch="false"/>
						<line number="48" hits="264210" branch="false"/>
						<line number="51" hits="88050" branch="false"/>
						<line number="52" hits="88050" branch="false"/>
						<line number="54" hits="264090" branch="false"/>
						<line number="55" hits="264212" branch="false"/>
						<line number="58" hits="89368" branch="false"/>
						<line number="59" hits="88050" branch="false"/>
						<line number="61" hits="264090" branch="false"/>
						<line number="62" hits="264210" branch="false"/>
						<line number="65" hits="265405" branch="false"/>
						<line number="66" hits="88050" branch="false"/>
						<line number="67" hits="88050" branch="false"/>
						<line number="69" hits="264090" branch="false"/>
						<line number="70" hits="264090" branch="false"/>
						<line number="73" hits="1315" branch="false"/>
					</lines>
				</class>
				<class name="resources.pubrec.Proceeding" filename="resources/pubrec/Proceeding.java" line-rate="0.7222222222222222" branch-rate="1.0" complexity="1.0">
					<methods>
						<method name="&lt;init&gt;" signature="()V" line-rate="1.0" branch-rate="1.0">
							<lines>
								<line number="14" hits="2720" branch="false"/>
								<line number="16" hits="2720" branch="false"/>
							</lines>
						</method>
						<method name="&lt;init&gt;" signature="(ILjava/lang/String;Ljava/lang/String;Ljava/lang/String;Ljava/lang/String;Ljava/lang/String;Ljava/lang/String;Ljava/lang/String;)V" line-rate="0.0" branch-rate="1.0">
							<lines>
								<line number="20" hits="0" branch="false"/>
								<line number="21" hits="0" branch="false"/>
								<line number="22" hits="0" branch="false"/>
								<line number="23" hits="0" branch="false"/>
								<line number="24" hits="0" branch="false"/>
								<line number="25" hits="0" branch="false"/>
								<line number="26" hits="0" branch="false"/>
								<line number="27" hits="0" branch="false"/>
								<line number="28" hits="0" branch="false"/>
								<line number="29" hits="0" branch="false"/>
							</lines>
						</method>
						<method name="getBooktitle" signature="()Ljava/lang/String;" line-rate="1.0" branch-rate="1.0">
							<lines>
								<line number="53" hits="120" branch="false"/>
							</lines>
						</method>
						<method name="getEditorName" signature="()Ljava/lang/String;" line-rate="1.0" branch-rate="1.0">
							<lines>
								<line number="81" hits="120" branch="false"/>
							</lines>
						</method>
						<method name="getId" signature="()I" line-rate="1.0" branch-rate="1.0">
							<lines>
								<line number="74" hits="125" branch="false"/>
							</lines>
						</method>
						<method name="getKey" signature="()Ljava/lang/String;" line-rate="1.0" branch-rate="1.0">
							<lines>
								<line number="32" hits="120" branch="false"/>
							</lines>
						</method>
						<method name="getPublisher" signature="()Ljava/lang/String;" line-rate="1.0" branch-rate="1.0">
							<lines>
								<line number="67" hits="120" branch="false"/>
							</lines>
						</method>
						<method name="getSeries" signature="()Ljava/lang/String;" line-rate="1.0" branch-rate="1.0">
							<lines>
								<line number="60" hits="120" branch="false"/>
							</lines>
						</method>
						<method name="getTitle" signature="()Ljava/lang/String;" line-rate="1.0" branch-rate="1.0">
							<lines>
								<line number="39" hits="120" branch="false"/>
							</lines>
						</method>
						<method name="getYear" signature="()Ljava/lang/String;" line-rate="1.0" branch-rate="1.0">
							<lines>
								<line number="46" hits="120" branch="false"/>
							</lines>
						</method>
						<method name="setBooktitle" signature="(Ljava/lang/String;)V" line-rate="1.0" branch-rate="1.0">
							<lines>
								<line number="56" hits="2715" branch="false"/>
								<line number="57" hits="2715" branch="false"/>
							</lines>
						</method>
						<method name="setEditorName" signature="(Ljava/lang/String;)V" line-rate="1.0" branch-rate="1.0">
							<lines>
								<line number="84" hits="2715" branch="false"/>
								<line number="85" hits="2715" branch="false"/>
							</lines>
						</method>
						<method name="setId" signature="(I)V" line-rate="1.0" branch-rate="1.0">
							<lines>
								<line number="77" hits="2715" branch="false"/>
								<line number="78" hits="2715" branch="false"/>
							</lines>
						</method>
						<method name="setKey" signature="(Ljava/lang/String;)V" line-rate="1.0" branch-rate="1.0">
							<lines>
								<line number="35" hits="2715" branch="false"/>
								<line number="36" hits="2715" branch="false"/>
							</lines>
						</method>
						<method name="setPublisher" signature="(Ljava/lang/String;)V" line-rate="1.0" branch-rate="1.0">
							<lines>
								<line number="70" hits="2715" branch="false"/>
								<line number="71" hits="2715" branch="false"/>
							</lines>
						</method>
						<method name="setSeries" signature="(Ljava/lang/String;)V" line-rate="1.0" branch-rate="1.0">
							<lines>
								<line number="63" hits="2715" branch="false"/>
								<line number="64" hits="2715" branch="false"/>
							</lines>
						</method>
						<method name="setTitle" signature="(Ljava/lang/String;)V" line-rate="1.0" branch-rate="1.0">
							<lines>
								<line number="42" hits="2715" branch="false"/>
								<line number="43" hits="2715" branch="false"/>
							</lines>
						</method>
						<method name="setYear" signature="(Ljava/lang/String;)V" line-rate="1.0" branch-rate="1.0">
							<lines>
								<line number="49" hits="2715" branch="false"/>
								<line number="50" hits="2715" branch="false"/>
							</lines>
						</method>
					</methods>
					<lines>
						<line number="14" hits="2720" branch="false"/>
						<line number="16" hits="2720" branch="false"/>
						<line number="20" hits="0" branch="false"/>
						<line number="21" hits="0" branch="false"/>
						<line number="22" hits="0" branch="false"/>
						<line number="23" hits="0" branch="false"/>
						<line number="24" hits="0" branch="false"/>
						<line number="25" hits="0" branch="false"/>
						<line number="26" hits="0" branch="false"/>
						<line number="27" hits="0" branch="false"/>
						<line number="28" hits="0" branch="false"/>
						<line number="29" hits="0" branch="false"/>
						<line number="32" hits="120" branch="false"/>
						<line number="35" hits="2715" branch="false"/>
						<line number="36" hits="2715" branch="false"/>
						<line number="39" hits="120" branch="false"/>
						<line number="42" hits="2715" branch="false"/>
						<line number="43" hits="2715" branch="false"/>
						<line number="46" hits="120" branch="false"/>
						<line number="49" hits="2715" branch="false"/>
						<line number="50" hits="2715" branch="false"/>
						<line number="53" hits="120" branch="false"/>
						<line number="56" hits="2715" branch="false"/>
						<line number="57" hits="2715" branch="false"/>
						<line number="60" hits="120" branch="false"/>
						<line number="63" hits="2715" branch="false"/>
						<line number="64" hits="2715" branch="false"/>
						<line number="67" hits="120" branch="false"/>
						<line number="70" hits="2715" branch="false"/>
						<line number="71" hits="2715" branch="false"/>
						<line number="74" hits="125" branch="false"/>
						<line number="77" hits="2715" branch="false"/>
						<line number="78" hits="2715" branch="false"/>
						<line number="81" hits="120" branch="false"/>
						<line number="84" hits="2715" branch="false"/>
						<line number="85" hits="2715" branch="false"/>
					</lines>
				</class>
			</classes>
		</package>
		<package name="tester" line-rate="0.0" branch-rate="1.0" complexity="0.0">
			<classes>
				<class name="tester.Tester" filename="tester/Tester.java" line-rate="0.0" branch-rate="1.0" complexity="0.0">
					<methods>
						<method name="&lt;init&gt;" signature="()V" line-rate="0.0" branch-rate="1.0">
							<lines>
								<line number="5" hits="0" branch="false"/>
								<line number="6" hits="0" branch="false"/>
							</lines>
						</method>
						<method name="main" signature="([Ljava/lang/String;)V" line-rate="0.0" branch-rate="1.0">
							<lines>
								<line number="13" hits="0" branch="false"/>
								<line number="15" hits="0" branch="false"/>
								<line number="24" hits="0" branch="false"/>
								<line number="32" hits="0" branch="false"/>
								<line number="33" hits="0" branch="false"/>
							</lines>
						</method>
					</methods>
					<lines>
						<line number="5" hits="0" branch="false"/>
						<line number="6" hits="0" branch="false"/>
						<line number="13" hits="0" branch="false"/>
						<line number="15" hits="0" branch="false"/>
						<line number="24" hits="0" branch="false"/>
						<line number="32" hits="0" branch="false"/>
						<line number="33" hits="0" branch="false"/>
					</lines>
				</class>
			</classes>
		</package>
	</packages>
</coverage>
